'#3: 2'
'1: 11'
'10: 119'
'100: 2'
'11: 97'
'12: 115'
'13: 40'
'14: 72'
'15: 40'
'17: 60'
'18: 60'
'19: 12'
'1a: 4'
'2: 173'
'20: 175'
'202: 1'
'203: 1'
'22: 146'
'223: 1'
'23: 123'
'3: 270'
'31: 106'
'34: 60'
'36: 2'
'37: 42'
'4: 108'
'40: 125'
'41: 14'
'42: 230'
'46: 189'
'46596: 1'
'5: 88'
'50: 416'
'6: 151'
'6a: 8'
'7: 161'
'77: 76'
'8: 374'
'9: 155'
'Adolf-Tibus-Straße: 1'
'Albuna: 4'
'Alfred: 1'
'Alley: 4'
'Ave: 25'
'ave: 1'
'Ave.: 4'
'Avenue: 6318'
'B.: 1'
'Baseline: 40'
'Beach: 3'
'Bend: 6'
'Biddle: 6'
'Blvd: 7'
'Blvd.: 19'
'Boulevard: 1371'
'Briarcliffe: 40'
'Broadway: 3'
'Calle: 4'
'Canfield: 1'
'Caroline: 1'
'Cass: 6'
'Cedarview: 1'
'Center: 1'
'Central: 1'
'Centre: 6'
'Charlottenstraße: 1'
'Circle: 178'
'Coast: 8'
'Coolidge: 1'
'Court: 1496'
'Crescent: 1955'
'Ct: 4'
'Davison: 1'
'Degurse: 1'
'Detroit: 1'
'DR: 1'
'Dr: 12'
'Dr.: 22'
'Drive: 5704'
'Dyke: 1'
'Dynarska: 1'
'E: 1'
'East: 1706'
'Eisenhower: 2'
'Estates: 4'
'Expressway: 2'
'Fair: 1'
'Fenton: 1'
'Forest: 1'
'Freeway: 1'
'g.: 8'
'Gardens: 14'
'Garfield: 4'
'Glencastle: 1'
'Glengary: 1'
'Gosfield: 32'
'Gratiot: 1'
'Greenfield: 1'
'Grove: 23'
'Hamlin: 1'
'Hancock: 1'
'Hauptstraße: 2'
'Heights: 2'
'Highway: 47'
'Hill: 2'
'Hwy: 3'
'il: 1'
'Inverness: 1'
'Jefferson: 1'
'Karl-Räder-Allee: 1'
'Kinloch: 1'
'Kirchhag: 1'
'Kwadeveldenstraat: 4'
'Labbe: 8'
'Lafayette: 1'
'Lake: 2'
'Lane: 917'
'Leathorne: 8'
'Lichfield: 85'
'Lincoln: 2'
'Line: 1102'
'Lothrop: 1'
'Malden: 12'
'Mall: 10'
'Maple: 1'
'McNichols: 3'
'Middlebelt: 2'
'Mile: 34'
'mile: 1'
'N: 1'
'North: 1121'
'Olympia: 1'
'Orland: 1'
'Orndorf: 1'
'Overland: 2'
'Paardskerkhofstraat: 1'
'Park: 72'
'Parkway: 414'
'Partyzantów: 1'
'Pembroke: 1'
'Pkwy: 4'
'Pl: 3'
'Pl.: 7'
'Place: 498'
'Plaza: 2'
'Point: 4'
'Poplar: 2'
'Puławska: 1'
'Quincy: 1'
'Railway: 8'
'Rd: 102'
'Rd.: 6'
'River: 8'
'Road: 10631'
'road: 2'
'Rochester: 72'
'Rose: 5'
'Rosengarten: 3'
'Row: 4'
'Run: 4'
'Saginaw: 2'
'Second: 1'
'Service: 1'
'Sheldon: 1'
'Sideroad: 760'
'South: 1152'
'Square: 4'
'St: 17'
'St.: 16'
'Starkweather: 1'
'Steg: 3'
'Steubenstraße: 2'
'Straße: 3'
'Street: 12096'
'Sugarbush: 1'
'Sylvester: 1'
'Tecumseh: 1'
'Trail: 107'
'Union: 2'
'US-23: 1'
'Village: 4'
'W: 1'
'W.: 3'
'Wagner: 1'
'Washington: 3'
'Way: 143'
'way: 16'
'West: 744'
'Woods: 2'
'Woodstock: 88'
'Woodward: 1'
'Wynd: 4'
'Wyoming: 1'
'Zakładowa: 2'
'вулиця: 1'
'Ивановского: 1'
'Кирова: 1'
'Корзуна: 1'
'Пирогова: 3'
'Ситничка: 1'
'улица: 2'
>>> 