Appendix Five
{'2515': 1,
 '48192': 1,
 'Adrian': 10,
 'Allen Park': 1,
 'Almont': 1,
 'Amherstburg': 1,
 'Ann Arbor': 401,
 'Attica': 2,
 'Auburn Hills': 8,
 'Bad Dürkheim': 1,
 'Barnstaple': 4,
 'Belle Isle': 1,
 'Belle River': 2,
 'Belleville': 6,
 'Bergheim': 8,
 'Berkley': 15,
 'Beverly Hills': 1,
 'Birmingham': 11,
 'Bloomfield Hills': 7,
 'Bloomfield Township': 1,
 'Brighton': 33,
 'Brighton, MI': 1,
 'Brownstown': 1,
 'Bruce Township': 1,
 'Burtchville': 1,
 'Burtchville Township': 1,
 'Burton': 2,
 'Byron': 1,
 'Canton': 27,
 'Carleton': 4,
 'Casco': 2,
 'Center Line': 2,
 'Chelsea': 11,
 'Chesterfield': 3,
 'City of Sarnia': 4457,
 'City of Sault Ste. Marie': 2,
 'City of Windsor': 9105,
 'Clarkson': 1,
 'Clarkston': 15,
 'Clawson': 2,
 'Clinton': 5,
 'Clinton Township': 7,
 'Columbiaville': 4,
 'Columbus Township': 1,
 'Commerce': 4,
 'Commerce Township': 16,
 'Corunna': 2,
 'Davisburg': 8,
 'Davison': 11,
 'Dearborn': 90,
 'Dearborn Heights': 4,
 'Dearborn Michigan': 2,
 'Detroit': 1161,
 'Detroit ': 1,
 'Detroit, MI': 1,
 'Dexter': 2,
 'Dryden': 3,
 'Dundee': 5,
 'Durand': 2,
 'East China Township': 1,
 'Eastpointe': 3,
 'Ecorse': 1,
 'Emmerich': 1,
 'Emmett': 1,
 'Erie': 1,
 'Essex': 2,
 'Falmouth': 1,
 'Farmington': 48,
 'Farmington Hills': 20,
 'Farminton Hills': 1,
 'Fenton': 16,
 'Fenton Township': 1,
 'Ferndale': 6,
 'Flint': 19,
 'Flushing': 1,
 'Ford of Canada - Annex': 1,
 'Ford of Canada - Essex Engine Plant': 1,
 'Ford of Canada - Windsor Engine Plant': 1,
 'Fort Gratiot': 2,
 'Fort Gratiot Township': 1,
 'Fowlerville': 5,
 'Franklin': 1,
 'Fraser': 1,
 'Garden City': 3,
 'Goodrich': 1,
 'Grand Blanc': 9,
 'Grand Blanc Township': 2,
 'Gregory': 2,
 'Grosse Ile': 2,
 'Grosse Ile Township': 1,
 'Grosse Point Farms': 2,
 'Grosse Pointe Farms': 7,
 'Grosse Pointe Park': 3,
 'Guihulngan city': 1,
 'Hamtramck': 944,
 'Harrison Township': 2,
 'Hartland': 4,
 'Hazel Park': 3,
 'Highland': 4,
 'Highland Park': 16,
 'Holly': 14,
 'Howell': 17,
 'Imlay City': 1,
 'Inkster': 3,
 'Jeddo': 1,
 'Kazimierza Wielka': 1,
 'Kimball': 1,
 'Kirchberg an der Raab': 1,
 'Klaipėda': 8,
 'Lake Orion': 6,
 'Lambertville': 1,
 'Lapeer': 7,
 'Leamington': 12,
 'Lennon': 1,
 'Lincoln Park': 5,
 'Linden': 1,
 'Livonia': 34,
 'Lommel': 4,
 'Lublin': 1,
 'MACOMB': 3,
 'Macomb': 9,
 'Macomb Township': 1,
 'Madison Heights': 9,
 'Madison Heights, MI': 1,
 'Maidstone': 2,
 'Mainz': 2,
 'Manchester': 4,
 'Marion Township': 2,
 'Marysville': 1,
 'Maybee': 5,
 'Memphis': 1,
 'Metamora': 2,
 'Milan': 1,
 'Milford': 11,
 'Monroe': 85,
 'Montrose': 1,
 'Mount Clemens': 5,
 'Mt. Clemens': 1,
 'Municipality of Chatham-Kent': 3753,
 'Municipality of Leamington': 3550,
 'Neerpelt': 1,
 'New Baltimore': 2,
 'New Haven': 1,
 'New Hudson': 1,
 'Newport': 3,
 'Northville': 15,
 'Northville  Township': 13,
 'Northville Township': 1,
 'Novi': 30,
 'Oak Park': 10,
 'Oakland': 4,
 'Oakland Township': 2,
 'Onsted': 1,
 'Orchard Lake': 1,
 'Orion Township': 3,
 'Ortonville': 1,
 'Ottawa': 2,
 'Ottawa Lake': 11,
 'Oxford': 6,
 'Petersburg': 3,
 'Pinckney': 5,
 'Pittsfield Charter Township': 2,
 'Plymouth': 18,
 'Plymouth Township': 26,
 'Pobacion Calatrava': 1,
 'Pontiac': 11,
 'Port Huron': 7,
 'Potsdam': 1,
 'Ray': 2,
 'Ray Township': 1,
 'Redford': 3,
 'Redford Township': 4,
 'Ridgeway': 1,
 'River Rouge': 3,
 'Riverview': 2,
 'Rochester': 58,
 'Rochester Hills': 44,
 'Rochester hills': 1,
 'Rochester, MI': 1,
 'Romeo': 4,
 'Romulus': 5,
 'Roseville': 16,
 'Royal Oak': 43,
 'Saint Clair': 2,
 'Saint Clair Shores': 9,
 'Salem': 4,
 'Saline': 19,
 'San Carlos City': 1,
 'Sarnia': 21,
 'Sarnia 45': 48,
 'Shelby Charter Township': 6,
 'Shelby Township': 11,
 'South Lyon': 14,
 'South Rockwood': 2,
 'Southfield': 14,
 'Southgate': 1,
 'St Clair Shores': 1,
 'St. Clair': 6,
 'Sterling Heights': 66,
 'Superior Township': 2,
 'Swartz Creek': 3,
 'Sylvan Lake': 1,
 'Taylor': 2,
 'Tecumesh': 1,
 'Tecumseh': 7,
 'Temperance': 3,
 'Tettens': 2,
 'Tipton': 1,
 'Tiverton': 1,
 'Toledo': 1,
 'Town of Amherstburg': 3198,
 'Town of Essex': 4474,
 'Town of Kingsville': 3576,
 'Town of Lakeshore': 5379,
 'Town of Lasalle': 2594,
 'Town of Tecumseh': 3097,
 'Township of Pelee': 322,
 'Township of St. Clair': 2639,
 'Trenton': 5,
 'Trowbridge': 1,
 'Troy': 63,
 'Utica': 1,
 'Vacaville': 5,
 'Villa Nueva': 4,
 'Village of Point Edward': 551,
 'Virginia Beach': 35,
 'Walled Lake': 2,
 'Walled lake': 1,
 'Walpole Island 46': 363,
 'Warren': 11,
 'Warszawa': 1,
 'Washington': 6,
 'Washington Township': 4,
 'Waterford': 6,
 'Wayne': 4,
 'West Bloomfield': 9,
 'West Bloomfield Township': 3,
 'Westland': 7,
 'White Lake': 6,
 'White Lake Township': 1,
 'Whitmore Lake': 3,
 'Windsor': 197,
 'Wixom': 7,
 'Woodhaven': 3,
 'Wyandotte': 47,
 'York Township': 1,
 'Ypsilanti': 29,
 'Ypsilanti Township': 4,
 'detroit': 3,
 'flint': 6,
 'hamtramck': 1,
 'highland': 1,
 'highland Park': 1,
 'lincoln park': 1,
 'livonia': 1,
 'milford': 1,
 'rochester': 2,
 'rochester Hills': 1,
 'shelby township': 1,
 'troy': 4,
 'Łódź': 2,
 'Новокузнецк': 1,
 'Слуцк': 3,
 'Суми': 1,
 'Чусовой': 1}
>>> 