{'address': {'street': 'Oak Drive'}}
{'address': {'street': 'Wyoming Street'}}
{'address': {'street': 'West Court Street'}}
{'address': {'street': 'Byron Street'}}
{'address': {'street': 'Fort Street West'}}
{'address': {'street': 'East Ferry Avenue'}}
{'address': {'street': 'Seward Street'}}
{'address': {'street': 'East Kirby Street'}}
{'address': {'street': 'Edsel Ford Fwy I- 94 Service'}}
{'address': {'street': 'East 7 Mile Road'}}
{'address': {'street': 'Adams Avenue East'}}
{'address': {'street': 'Ballard Street'}}
{'address': {'street': 'East Outer Drive'}}
{'address': {'street': 'Conner Avenue'}}
{'address': {'street': 'Woodward Avenue'}}
{'address': {'street': 'Collins Road'}}
{'address': {'street': 'Washtenaw Avenue'}}
{'address': {'street': 'North Main Street'}}
{'address': {'street': 'Monroe Street'}}
{'address': {'street': 'Middlebelt'}}
{'address': {'street': '10101 West Ann Arbor Road'}}
{'address': {'street': 'Grove Street'}}
{'address': {'street': 'Goyeau Street'}}
{'address': {'street': 'Washtenaw Avenue'}}
{'address': {'street': 'Interpark Dr N'}}
{'address': {'street': 'Belleville Road'}}
{'address': {'street': 'Sashabaw Road'}}
{'address': {'street': 'E. Nevada Street'}}
{'address': {'street': 'East Cross Street'}}
{'address': {'street': 'Wyandotte St. W.'}}
{'address': {'street': 'Ouellette Avenue'}}
{'address': {'street': '6 Mile'}}
{'address': {'street': '6 mile'}}
{'address': {'street': 'Park Drive'}}
{'address': {'street': 'E 14 st lockport il'}}
{'address': {'street': 'Hamlin Road'}}
{'address': {'street': 'Hill Road'}}
{'address': {'street': 'Hill 23 Drive'}}
{'address': {'street': 'Southfield Road'}}
{'address': {'street': 'Southfield Road'}}
{'address': {'street': 'Southfield Road'}}
{'address': {'street': 'Southfield Road'}}
{'address': {'street': 'W Warren Avenue'}}
{'address': {'street': 'Fisher Road'}}
{'address': {'street': 'West 2nd Street'}}
{'address': {'street': 'West 2nd Street'}}
{'address': {'street': 'West 2nd Street'}}
{'address': {'street': 'West 2nd Street'}}
{'address': {'street': 'West 2nd Street'}}
{'address': {'street': 'Cass Avenue'}}
{'address': {'street': 'Packard Road'}}
{'address': {'street': 'Carpenter Road'}}
{'address': {'street': 'Carpenter Road'}}
{'address': {'street': 'Adams Avenue West'}}
{'address': {'street': 'East Forest Avenue'}}
{'address': {'street': 'Metropolitan Parkway'}}
{'address': {'street': 'Woodward Avenue'}}
{'address': {'street': '2nd Avenue'}}
{'address': {'street': 'West Michigan Avenue'}}
{'address': {'street': 'bordeaux Avenue'}}
{'address': {'street': 'Ford Road'}}
{'address': {'street': 'Southfield Expressway'}}
{'address': {'street': 'West Canfield Street'}}
{'address': {'street': 'Michigan Avenue'}}
{'address': {'street': '3rd Street'}}
{'address': {'street': 'Crooks Road'}}
{'address': {'street': 'E Long Lake Road'}}
{'address': {'street': 'E Long Lake Road'}}
{'address': {'street': 'W Maple Road'}}
{'address': {'street': 'W Big Beaver Road'}}
{'address': {'street': 'Rochester Road'}}
{'address': {'street': 'Livernois Road'}}
{'address': {'street': 'E Long Lake Road'}}
{'address': {'street': 'W Maple Road'}}
{'address': {'street': 'W Maple Road'}}
{'address': {'street': 'Livernois Road'}}
{'address': {'street': 'Crooks Road'}}
{'address': {'street': 'Crooks Road'}}
{'address': {'street': 'W Maple Road'}}
{'address': {'street': 'Coolidge Road'}}
{'address': {'street': 'Coolidge Highway'}}
{'address': {'street': 'E Maple Road'}}
{'address': {'street': 'W Maple Road'}}
{'address': {'street': 'W South Boulevard'}}
{'address': {'street': 'W South Boulevard'}}
{'address': {'street': 'E Long Lake'}}
{'address': {'street': 'John R Road'}}
{'address': {'street': 'Northfieild Parkway'}}
{'address': {'street': 'W Long Lake Road'}}
{'address': {'street': 'Degurse'}}
{'address': {'street': 'W Big Beaver Road'}}
{'address': {'street': 'W Big Beaver Road'}}
{'address': {'street': 'W Big Beaver Road'}}
{'address': {'street': 'E Big Beaver Road'}}
{'address': {'street': 'John R Road'}}
{'address': {'street': 'Rochester Road'}}
{'address': {'street': 'E Long Lake Road'}}
{'address': {'street': 'E Long Lake Road'}}
{'address': {'street': 'Corporate Drive'}}
{'address': {'street': 'Northfield Parkway'}}
{'address': {'street': 'Cass Avenue'}}
{'address': {'street': 'Cass Avenue'}}
{'address': {'street': 'Cass Avenue'}}
{'address': {'street': 'West Willis Street'}}
{'address': {'street': 'Cass Avenue'}}
{'address': {'street': 'Broadway Street'}}
{'address': {'street': 'Hickson Road'}}
{'address': {'street': 'Forsyth Drive'}}
{'address': {'street': 'Hilltop Drive'}}
{'address': {'street': 'Cass Avenue'}}
{'address': {'street': 'Woodward Avenue'}}
{'address': {'street': 'East Michigan Avenue'}}
{'address': {'street': 'Clay Street'}}
{'address': {'street': 'Petrolia Line'}}
{'address': {'street': 'Hagman Road'}}
{'address': {'street': 'Michigan Avenue'}}
{'address': {'street': 'Greenfield Road'}}
{'address': {'street': 'Rochester Road'}}
{'address': {'street': 'Auburn Road'}}
{'address': {'street': 'Cass Avenue'}}
{'address': {'street': 'Michigan Avenue'}}
{'address': {'street': '2nd Avenue'}}
{'address': {'street': 'West Alexandrine Street'}}
{'address': {'street': 'Woodward Avenue'}}
{'address': {'street': 'Krafft Road'}}
{'address': {'street': 'North Rochester Road'}}
{'address': {'street': 'John R. Street'}}
{'address': {'street': 'Rosa Parks Boulevard'}}
{'address': {'street': 'John R Street'}}
{'address': {'street': 'Fenelon Street'}}
{'address': {'street': 'Saint James Drive'}}
{'address': {'street': 'Evergreen Lane'}}
{'address': {'street': 'Moross Road'}}
{'address': {'street': 'Broadway Street'}}
{'address': {'street': 'West Eisenhower'}}
{'address': {'street': 'West Eisenhower'}}
{'address': {'street': 'South Gratiot Avenue'}}
{'address': {'street': 'Kercheval Street'}}
{'address': {'street': 'Woodward Avenue'}}
{'address': {'street': 'Bretton Drive'}}
{'address': {'street': 'Grand River Avenue'}}
{'address': {'street': 'West Outer Drive'}}
{'address': {'street': 'Rosemont Avenue'}}
{'address': {'street': 'Connor Avenue'}}
{'address': {'street': 'Conner Avenue'}}
{'address': {'street': 'Chandler Park Drive'}}
{'address': {'street': 'Pontiac Trail'}}
{'address': {'street': 'S. West End Street'}}
{'address': {'street': 'Grand River Avenue'}}
{'address': {'street': 'Russell Street'}}
{'address': {'street': 'Grover Street'}}
{'address': {'street': 'Stahelin Avenue'}}
{'address': {'street': 'Grand River Avenue'}}
{'address': {'street': 'Grand River Avenue'}}
{'address': {'street': 'W Grand River Avenue'}}
{'address': {'street': 'Plymouth Road'}}
{'address': {'street': 'Winder Street'}}
{'address': {'street': 'Marquette Court'}}
{'address': {'street': 'North Maple Road'}}
{'address': {'street': 'North Maple Road'}}
{'address': {'street': 'North Maple Road'}}
{'address': {'street': 'North Maple Road'}}
{'address': {'street': 'North Maple Road'}}
{'address': {'street': 'North Maple Road'}}
{'address': {'street': 'North Maple Road'}}
{'address': {'street': 'North Maple Road'}}
{'address': {'street': 'North Maple Road'}}
{'address': {'street': 'Briarwood Circle'}}
{'address': {'street': 'Briarwood Circle'}}
{'address': {'street': 'Briarwood Circle'}}
{'address': {'street': 'Briarwood Circle'}}
{'address': {'street': 'Briarwood Circle'}}
{'address': {'street': 'Briarwood Circle'}}
{'address': {'street': 'North Maple Road'}}
{'address': {'street': 'North Maple Road'}}
{'address': {'street': 'North Maple Road'}}
{'address': {'street': 'North Maple Road'}}
{'address': {'street': 'North Maple Road'}}
{'address': {'street': 'North Maple Road'}}
{'address': {'street': 'Jackson Avenue'}}
{'address': {'street': 'Jackson Avenue'}}
{'address': {'street': 'East Eisenhower Parkway'}}
{'address': {'street': 'South Industrial Highway'}}
{'address': {'street': 'Packard Road'}}
{'address': {'street': 'Packard Road'}}
{'address': {'street': 'Packard Road'}}
{'address': {'street': 'Packard Road'}}
{'address': {'street': 'Packard Road'}}
{'address': {'street': 'Packard Road'}}
{'address': {'street': 'Packard Road'}}
{'address': {'street': 'Packard Road'}}
{'address': {'street': 'Packard Road'}}
{'address': {'street': 'Packard Road'}}
{'address': {'street': 'Packard Road'}}
{'address': {'street': 'Packard Road'}}
{'address': {'street': 'Packard Road'}}
{'address': {'street': 'Packard Road'}}
{'address': {'street': 'Packard Road'}}
{'address': {'street': 'Packard Road'}}
{'address': {'street': 'Packard Road'}}
{'address': {'street': 'Washtenaw Avenue'}}
{'address': {'street': 'Washtenaw Avenue'}}
{'address': {'street': 'Washtenaw Avenue'}}
{'address': {'street': 'Washtenaw Avenue'}}
{'address': {'street': 'Washtenaw Avenue'}}
{'address': {'street': 'Washtenaw Avenue'}}
{'address': {'street': 'Washtenaw Avenue'}}
{'address': {'street': 'Washtenaw Avenue'}}
{'address': {'street': 'Washtenaw Avenue'}}
{'address': {'street': 'Washtenaw Avenue'}}
{'address': {'street': 'Washtenaw Avenue'}}
{'address': {'street': 'Washtenaw Avenue'}}
{'address': {'street': 'Washtenaw Avenue'}}
{'address': {'street': 'Washtenaw Avenue'}}
{'address': {'street': 'Carpenter Road'}}
{'address': {'street': 'Carpenter Road'}}
{'address': {'street': 'Carpenter Road'}}
{'address': {'street': 'Carpenter Road'}}
{'address': {'street': 'Carpenter Road'}}
{'address': {'street': 'E. Fisher Service Drive'}}
{'address': {'street': 'Griswold Street'}}
{'address': {'street': 'Woodward Avenue'}}
{'address': {'street': 'Gratiot'}}
{'address': {'street': 'Washington Boulevard'}}
{'address': {'street': 'Carpenter Road'}}
{'address': {'street': 'East Stadium Boulevard'}}
{'address': {'street': 'Eisenhower Place'}}
{'address': {'street': 'Eisenhower Place'}}
{'address': {'street': 'Eisenhower Place'}}
{'address': {'street': 'Eisenhower Place'}}
{'address': {'street': 'Eisenhower Place'}}
{'address': {'street': 'Eisenhower Place'}}
{'address': {'street': 'Eisenhower Place'}}
{'address': {'street': 'Eisenhower Place'}}
{'address': {'street': 'Packard Road'}}
{'address': {'street': 'Platt Road'}}
{'address': {'street': 'Packard Road'}}
{'address': {'street': 'Griswold Street'}}
{'address': {'street': 'East Ellsworth Road'}}
{'address': {'street': 'East Ellsworth Road'}}
{'address': {'street': 'East Ellsworth Road'}}
{'address': {'street': 'East Ellsworth Road'}}
{'address': {'street': 'East Ellsworth Road'}}
{'address': {'street': 'East Ellsworth Road'}}
{'address': {'street': 'East Ellsworth Road'}}
{'address': {'street': 'East Ellsworth Road'}}
{'address': {'street': 'Washtenaw Avenue'}}
{'address': {'street': 'Washtenaw Avenue'}}
{'address': {'street': 'Washtenaw Avenue'}}
{'address': {'street': 'West Hamlin Road'}}
{'address': {'street': 'Greenfield Road'}}
{'address': {'street': 'North Main Street'}}
{'address': {'street': 'Platt Road'}}
{'address': {'street': 'Woodward Avenue'}}
{'address': {'street': 'Московская улица'}}
{'address': {'street': 'Woodward Avenue'}}
{'address': {'street': 'East Adams Avenue'}}
{'address': {'street': 'E Maple Road'}}
{'address': {'street': 'W Big Beaver Road'}}
{'address': {'street': 'Tallman Drive'}}
{'address': {'street': 'E Big Beaver Road'}}
{'address': {'street': 'E Big Beaver Road'}}
{'address': {'street': 'Rochester Road'}}
{'address': {'street': 'Madison Street'}}
{'address': {'street': 'Broadway Street'}}
{'address': {'street': 'Mt Elliott St, Detroit'}}
{'address': {'street': 'Oakland Avenue'}}
{'address': {'street': 'Oakland Avenue'}}
{'address': {'street': 'West McNichols'}}
{'address': {'street': 'West McNichols'}}
{'address': {'street': 'West McNichols'}}
{'address': {'street': 'Woodward Avenue'}}
{'address': {'street': 'East Grand Boulevard'}}
{'address': {'street': 'Woodward Avenue'}}
{'address': {'street': 'East Warren Avenue'}}
{'address': {'street': 'Chrysler Drive'}}
{'address': {'street': 'Piquette Street'}}
{'address': {'street': 'W. Grand Boulevard'}}
{'address': {'street': 'East Jefferson Avenue'}}
{'address': {'street': 'Russell Street'}}
{'address': {'street': 'East Jefferson Avenue'}}
{'address': {'street': 'East Jefferson Avenue'}}
{'address': {'street': 'Lafayette Street East'}}
{'address': {'street': 'Nicolet Place'}}
{'address': {'street': 'Nicolet Place'}}
{'address': {'street': 'Ferry Mall'}}
{'address': {'street': 'Woodward Avenue'}}
{'address': {'street': 'Woodward'}}
{'address': {'street': 'Woodward Avenue'}}
{'address': {'street': 'Cass'}}
{'address': {'street': 'Cass'}}
{'address': {'street': 'Gullen Mall'}}
{'address': {'street': 'Gullen Mall'}}
{'address': {'street': 'Gullen Mall'}}
{'address': {'street': 'Gullen Mall'}}
{'address': {'street': 'Cass'}}
{'address': {'street': 'Gullen Mall'}}
{'address': {'street': 'Gullen Mall'}}
{'address': {'street': 'Williams Mall'}}
{'address': {'street': 'Cass'}}
{'address': {'street': 'John R Street'}}
{'address': {'street': 'W. Hancock'}}
{'address': {'street': '2nd Avenue'}}
{'address': {'street': 'Cass'}}
{'address': {'street': 'Griswold Street'}}
{'address': {'street': 'Davenport Street'}}
{'address': {'street': 'Washington Boulevard'}}
{'address': {'street': 'West Fort Street'}}
{'address': {'street': 'Griswold Street'}}
{'address': {'street': 'Woodward Avenue'}}
{'address': {'street': 'West Jefferson Avenue'}}
{'address': {'street': 'Woodward Avenue'}}
{'address': {'street': 'Cass Avenue'}}
{'address': {'street': 'Cass Avenue'}}
{'address': {'street': 'Brush Street'}}
{'address': {'street': 'Woodward Avenue'}}
{'address': {'street': 'Woodward Avenue'}}
{'address': {'street': 'West Forest Avenue'}}
{'address': {'street': 'W. Canfield'}}
{'address': {'street': 'East Jefferson Avenue'}}
{'address': {'street': 'West Warren Avenue'}}
{'address': {'street': 'Cass Avenue'}}
{'address': {'street': 'Cass Avenue'}}
{'address': {'street': 'West Canfield Street'}}
{'address': {'street': 'West Alexandrine Street'}}
{'address': {'street': 'Woodward Avenue'}}
{'address': {'street': 'Woodward Avenue'}}
{'address': {'street': 'Brewster Street'}}
{'address': {'street': '3rd Street'}}
{'address': {'street': 'Edmund Place'}}
{'address': {'street': 'Alfred Street'}}
{'address': {'street': 'Edmund Place'}}
{'address': {'street': 'Edmund Place'}}
{'address': {'street': 'Edmund Place'}}
{'address': {'street': 'Alfred Street'}}
{'address': {'street': 'Edmund Place'}}
{'address': {'street': 'Alfred Street'}}
{'address': {'street': 'Woodward Avenue'}}
{'address': {'street': 'Witherell Street'}}
{'address': {'street': 'Grand River Avenue'}}
{'address': {'street': 'Griswold Street'}}
{'address': {'street': 'Park Avenue'}}
{'address': {'street': 'W Fort Street'}}
{'address': {'street': 'West Congress Street'}}
{'address': {'street': 'Fort Street West'}}
{'address': {'street': 'Ralston Street'}}
{'address': {'street': 'West State Fair'}}
{'address': {'street': 'Ralston Street'}}
{'address': {'street': 'West 7 Mile Road'}}
{'address': {'street': 'West Lafayette Boulevard'}}
{'address': {'street': 'Vermont Street'}}
{'address': {'street': '14th Street'}}
{'address': {'street': 'Wabash Street'}}
{'address': {'street': 'Chandler Park Drive'}}
{'address': {'street': 'Trumbull Street'}}
{'address': {'street': 'Swanmere Drive'}}
{'address': {'street': 'Swanmere Drive'}}
{'address': {'street': 'Swanmere Drive'}}
{'address': {'street': 'Swanmere Drive'}}
{'address': {'street': 'Swanmere Drive'}}
{'address': {'street': 'Swanmere Drive'}}
{'address': {'street': 'Swanmere Drive'}}
{'address': {'street': 'Swanmere Drive'}}
{'address': {'street': 'Swanmere Drive'}}
{'address': {'street': 'Swanmere Drive'}}
{'address': {'street': 'Swanmere Drive'}}
{'address': {'street': 'Swanmere Drive'}}
{'address': {'street': 'Swanmere Drive'}}
{'address': {'street': 'Swanmere Drive'}}
{'address': {'street': 'Swanmere Drive'}}
{'address': {'street': 'Swanmere Drive'}}
{'address': {'street': 'Swanmere Drive'}}
{'address': {'street': 'Oak Manor Court West'}}
{'address': {'street': 'Swanmere Drive'}}
{'address': {'street': 'Swanmere Drive'}}
{'address': {'street': 'Swanmere Drive'}}
{'address': {'street': 'Swanmere Drive'}}
{'address': {'street': 'Swanmere Drive'}}
{'address': {'street': 'Swanmere Drive'}}
{'address': {'street': 'Swanmere Drive'}}
{'address': {'street': 'Swanmere Drive'}}
{'address': {'street': 'Swanmere Drive'}}
{'address': {'street': 'Swanmere Drive'}}
{'address': {'street': 'Swanmere Drive'}}
{'address': {'street': 'Oak Manor Court East'}}
{'address': {'street': 'Swanmere Drive'}}
{'address': {'street': 'Swanmere Drive'}}
{'address': {'street': 'Swanmere Drive'}}
{'address': {'street': 'Swanmere Drive'}}
{'address': {'street': 'Swanmere Drive'}}
{'address': {'street': 'Oak Manor Court West'}}
{'address': {'street': 'Lambeth Court North'}}
{'address': {'street': 'Waddington Road'}}
{'address': {'street': 'Waddington Road'}}
{'address': {'street': 'Waddington Road'}}
{'address': {'street': 'Lambeth Court North'}}
{'address': {'street': 'Lambeth Court South'}}
{'address': {'street': 'Lambeth Court North'}}
{'address': {'street': 'Oak Manor Court West'}}
{'address': {'street': 'Waddington Road'}}
{'address': {'street': 'Lambeth Court South'}}
{'address': {'street': 'Oak Manor Court West'}}
{'address': {'street': 'Oak Manor Court West'}}
{'address': {'street': 'Lambeth Court South'}}
{'address': {'street': 'Waddington Road'}}
{'address': {'street': 'Lambeth Court South'}}
{'address': {'street': 'Oak Manor Court West'}}
{'address': {'street': 'Waddington Road'}}
{'address': {'street': 'Lambeth Court North'}}
{'address': {'street': 'Waddington Road'}}
{'address': {'street': 'Oak Manor Court West'}}
{'address': {'street': 'Lambeth Way'}}
{'address': {'street': 'Lambeth Way'}}
{'address': {'street': 'Oak Manor Court West'}}
{'address': {'street': 'Lambeth Way'}}
{'address': {'street': 'Lambeth Way'}}
{'address': {'street': 'Lambeth Way'}}
{'address': {'street': 'Lambeth Way'}}
{'address': {'street': 'Lambeth Way'}}
{'address': {'street': 'Lambeth Way'}}
{'address': {'street': 'Registry Drive'}}
{'address': {'street': 'Carlton Road'}}
{'address': {'street': 'Lambeth Way'}}
{'address': {'street': 'Carlton Road'}}
{'address': {'street': 'Lambeth Way'}}
{'address': {'street': 'Carlton Road'}}
{'address': {'street': 'Lambeth Way'}}
{'address': {'street': 'Carlton Road'}}
{'address': {'street': 'Lambeth Way'}}
{'address': {'street': 'Carlton Road'}}
{'address': {'street': 'Lambeth Way'}}
{'address': {'street': 'Carlton Road'}}
{'address': {'street': 'Carlton Road'}}
{'address': {'street': 'Carlton Road'}}
{'address': {'street': 'Carlton Road'}}
{'address': {'street': 'Carlton Road'}}
{'address': {'street': 'Carlton Road'}}
{'address': {'street': 'Lambeth Way'}}
{'address': {'street': 'Lambeth Way'}}
{'address': {'street': 'Carlton Road'}}
{'address': {'street': 'Carlton Road'}}
{'address': {'street': 'Carlton Road'}}
{'address': {'street': 'Carlton Road'}}
{'address': {'street': 'Carlton Road'}}
{'address': {'street': 'Carlton Road'}}
{'address': {'street': 'Carlton Road'}}
{'address': {'street': 'Carlton Road'}}
{'address': {'street': 'Carlton Road'}}
{'address': {'street': 'Carlton Road'}}
{'address': {'street': 'Carlton Road'}}
{'address': {'street': 'Carlton Road'}}
{'address': {'street': 'Carlton Road'}}
{'address': {'street': 'Registry Drive'}}
{'address': {'street': 'Registry Drive'}}
{'address': {'street': 'Carlton Road'}}
{'address': {'street': 'Carlton Road'}}
{'address': {'street': 'Registry Drive'}}
{'address': {'street': 'Registry Drive'}}
{'address': {'street': 'Carlton Road'}}
{'address': {'street': 'Carlton Road'}}
{'address': {'street': 'Registry Drive'}}
{'address': {'street': 'Registry Drive'}}
{'address': {'street': 'Registry Drive'}}
{'address': {'street': 'Registry Drive'}}
{'address': {'street': 'Registry Drive'}}
{'address': {'street': 'Registry Drive'}}
{'address': {'street': 'Registry Drive'}}
{'address': {'street': 'Registry Drive'}}
{'address': {'street': 'Registry Drive'}}
{'address': {'street': 'Registry Drive'}}
{'address': {'street': 'Registry Drive'}}
{'address': {'street': 'Registry Drive'}}
{'address': {'street': 'Registry Drive'}}
{'address': {'street': 'Registry Drive'}}
{'address': {'street': 'Carlton Road'}}
{'address': {'street': 'Registry Drive'}}
{'address': {'street': 'Registry Drive'}}
{'address': {'street': 'Registry Drive'}}
{'address': {'street': '46596'}}
{'address': {'street': 'Registry Drive'}}
{'address': {'street': 'Registry Drive'}}
{'address': {'street': 'Registry Drive'}}
{'address': {'street': 'Registry Drive'}}
{'address': {'street': 'Doubletree Road'}}
{'address': {'street': 'Doubletree Road'}}
{'address': {'street': 'Waddington Road'}}
{'address': {'street': 'Doubletree Road'}}
{'address': {'street': 'Doubletree Road'}}
{'address': {'street': 'Oak Manor Court East'}}
{'address': {'street': 'Oak Manor Court East'}}
{'address': {'street': 'Doubletree Road'}}
{'address': {'street': 'Doubletree Road'}}
{'address': {'street': 'Doubletree Road'}}
{'address': {'street': 'Registry Drive'}}
{'address': {'street': 'Oak Manor Court East'}}
{'address': {'street': 'Doubletree Road'}}
{'address': {'street': 'Doubletree Road'}}
{'address': {'street': 'Doubletree Road'}}
{'address': {'street': 'Oak Manor Court East'}}
{'address': {'street': 'Oak Manor Court East'}}
{'address': {'street': 'Doubletree Road'}}
{'address': {'street': 'Oak Manor Court East'}}
{'address': {'street': 'Doubletree Road'}}
{'address': {'street': 'Doubletree Road'}}
{'address': {'street': 'Doubletree Road'}}
{'address': {'street': 'Doubletree Road'}}
{'address': {'street': 'Doubletree Road'}}
{'address': {'street': 'Lambeth Way'}}
{'address': {'street': 'Doubletree Road'}}
{'address': {'street': 'Oak Manor Court East'}}
{'address': {'street': 'Doubletree Road'}}
{'address': {'street': 'Doubletree Road'}}
{'address': {'street': 'Doubletree Road'}}
{'address': {'street': 'Oak Manor Court East'}}
{'address': {'street': 'Hillcrest Drive'}}
{'address': {'street': 'Oak Manor Court East'}}
{'address': {'street': 'Oak Manor Court West'}}
{'address': {'street': 'Doubletree Road'}}
{'address': {'street': 'Doubletree Road'}}
{'address': {'street': 'Pinehill Drive'}}
{'address': {'street': 'Normandy Court West'}}
{'address': {'street': 'Normandy Drive'}}
{'address': {'street': 'Pinehill Drive'}}
{'address': {'street': 'Normandy Court West'}}
{'address': {'street': 'Pinehill Drive'}}
{'address': {'street': 'Hillcrest Drive'}}
{'address': {'street': 'Normandy Drive'}}
{'address': {'street': 'Hillcrest Drive'}}
{'address': {'street': 'Pinehill Drive'}}
{'address': {'street': 'Pinehill Drive'}}
{'address': {'street': 'Normandy Court West'}}
{'address': {'street': 'Hillcrest Drive'}}
{'address': {'street': 'Normandy Drive'}}
{'address': {'street': 'Hillcrest Drive'}}
{'address': {'street': 'Normandy Court West'}}
{'address': {'street': 'Normandy Court West'}}
{'address': {'street': 'Normandy Drive'}}
{'address': {'street': 'Pinehill Drive'}}
{'address': {'street': 'Doubletree Road'}}
{'address': {'street': 'Pinehill Drive'}}
{'address': {'street': 'Normandy Drive'}}
{'address': {'street': 'Hillcrest Drive'}}
{'address': {'street': 'Normandy Court West'}}
{'address': {'street': 'Normandy Court West'}}
{'address': {'street': 'Hillcrest Drive'}}
{'address': {'street': 'Pinehill Drive'}}
{'address': {'street': 'Hillcrest Drive'}}
{'address': {'street': 'Normandy Court West'}}
{'address': {'street': 'Pinehill Drive'}}
{'address': {'street': 'Hillcrest Drive'}}
{'address': {'street': 'Normandy Drive'}}
{'address': {'street': 'Hillcrest Drive'}}
{'address': {'street': 'Normandy Drive'}}
{'address': {'street': 'Normandy Court West'}}
{'address': {'street': 'Hillcrest Drive'}}
{'address': {'street': 'Hillcrest Drive'}}
{'address': {'street': 'Pinehill Drive'}}
{'address': {'street': 'Normandy Drive'}}
{'address': {'street': 'Pinehill Drive'}}
{'address': {'street': 'Normandy Court West'}}
{'address': {'street': 'Normandy Drive'}}
{'address': {'street': 'Normandy Court West'}}
{'address': {'street': 'Hillcrest Drive'}}
{'address': {'street': 'Hillcrest Drive'}}
{'address': {'street': 'Hillcrest Drive'}}
{'address': {'street': 'Normandy Drive'}}
{'address': {'street': 'Pinehill Drive'}}
{'address': {'street': 'Hillcrest Drive'}}
{'address': {'street': 'Pinehill Drive'}}
{'address': {'street': 'Pinehill Drive'}}
{'address': {'street': 'Normandy Court West'}}
{'address': {'street': 'Hillcrest Drive'}}
{'address': {'street': 'Normandy Court West'}}
{'address': {'street': 'Pinehill Drive'}}
{'address': {'street': 'Chambury Court'}}
{'address': {'street': 'Hillcrest Drive'}}
{'address': {'street': 'Normandy Court East'}}
{'address': {'street': 'Chambury Court'}}
{'address': {'street': 'Normandy Court East'}}
{'address': {'street': 'Normandy Drive'}}
{'address': {'street': 'Chambury Court'}}
{'address': {'street': 'Normandy Drive'}}
{'address': {'street': 'Normandy Drive'}}
{'address': {'street': 'Normandy Drive'}}
{'address': {'street': 'Normandy Drive'}}
{'address': {'street': 'Normandy Court East'}}
{'address': {'street': 'Normandy Court East'}}
{'address': {'street': 'Normandy Court East'}}
{'address': {'street': 'Normandy Court East'}}
{'address': {'street': 'Normandy Court East'}}
{'address': {'street': 'Chambury Court'}}
{'address': {'street': 'Normandy Court East'}}
{'address': {'street': 'Chambury Court'}}
{'address': {'street': 'Chambury Court'}}
{'address': {'street': 'Chambury Court'}}
{'address': {'street': 'Chambury Court'}}
{'address': {'street': 'Chambury Court'}}
{'address': {'street': 'Normandy Drive'}}
{'address': {'street': 'Chambury Court'}}
{'address': {'street': 'Chambury Court'}}
{'address': {'street': 'Normandy Drive'}}
{'address': {'street': 'Normandy Drive'}}
{'address': {'street': 'Normandy Drive'}}
{'address': {'street': 'Normandy Drive'}}
{'address': {'street': 'Chambury Court'}}
{'address': {'street': 'Normandy Drive'}}
{'address': {'street': 'Ayrshire Drive'}}
{'address': {'street': 'Hampshire Drive'}}
{'address': {'street': 'Hampshire Drive'}}
{'address': {'street': 'Hampshire Drive'}}
{'address': {'street': 'Hampshire Drive'}}
{'address': {'street': 'Hampshire Drive'}}
{'address': {'street': 'Hampshire Drive'}}
{'address': {'street': 'Hampshire Drive'}}
{'address': {'street': 'Hillcrest Drive'}}
{'address': {'street': 'Chambury Court'}}
{'address': {'street': 'Hampshire Drive'}}
{'address': {'street': 'Hampshire Drive'}}
{'address': {'street': 'Ayrshire Drive'}}
{'address': {'street': 'Hampshire Drive'}}
{'address': {'street': 'Hampshire Drive'}}
{'address': {'street': 'Hampshire Drive'}}
{'address': {'street': 'Hampshire Drive'}}
{'address': {'street': 'Hampshire Drive'}}
{'address': {'street': 'Hampshire Drive'}}
{'address': {'street': 'Hampshire Drive'}}
{'address': {'street': 'Hampshire Drive'}}
{'address': {'street': 'Hampshire Drive'}}
{'address': {'street': 'Ayrshire Drive'}}
{'address': {'street': 'Ayrshire Drive'}}
{'address': {'street': 'Hampshire Drive'}}
{'address': {'street': 'Hampshire Drive'}}
{'address': {'street': 'Normandy Court East'}}
{'address': {'street': 'Hampshire Drive'}}
{'address': {'street': 'Hampshire Drive'}}
{'address': {'street': 'Hampshire Drive'}}
{'address': {'street': 'Hampshire Drive'}}
{'address': {'street': 'Ayrshire Drive'}}
{'address': {'street': 'Hampshire Drive'}}
{'address': {'street': 'Hampshire Drive'}}
{'address': {'street': 'Hampshire Drive'}}
{'address': {'street': 'Hampshire Drive'}}
{'address': {'street': 'Ayrshire Drive'}}
{'address': {'street': 'Ayrshire Drive'}}
{'address': {'street': 'Hampshire Drive'}}
{'address': {'street': 'Hampshire Drive'}}
{'address': {'street': 'Ayrshire Drive'}}
{'address': {'street': 'Hampshire Drive'}}
{'address': {'street': 'Hampshire Drive'}}
{'address': {'street': 'Hampshire Drive'}}
{'address': {'street': 'Normandy Drive'}}
{'address': {'street': 'Hampshire Drive'}}
{'address': {'street': 'Hampshire Drive'}}
{'address': {'street': 'Ayrshire Drive'}}
{'address': {'street': 'Ayrshire Drive'}}
{'address': {'street': 'Hampshire Drive'}}
{'address': {'street': 'Hampshire Drive'}}
{'address': {'street': 'Hampshire Drive'}}
{'address': {'street': 'Hampshire Drive'}}
{'address': {'street': 'Chambury Court'}}
{'address': {'street': 'Hampshire Drive'}}
{'address': {'street': 'Hampshire Drive'}}
{'address': {'street': 'Ayrshire Drive'}}
{'address': {'street': 'Hampshire Drive'}}
{'address': {'street': 'Ayrshire Drive'}}
{'address': {'street': 'Hampshire Drive'}}
{'address': {'street': 'Hampshire Drive'}}
{'address': {'street': 'Hampshire Drive'}}
{'address': {'street': 'Hampshire Drive'}}
{'address': {'street': 'Hampshire Drive'}}
{'address': {'street': 'Hampshire Drive'}}
{'address': {'street': 'Heritage Court'}}
{'address': {'street': 'Hampshire Drive'}}
{'address': {'street': 'Heritage Drive'}}
{'address': {'street': 'Hampshire Drive'}}
{'address': {'street': 'Hampshire Drive'}}
{'address': {'street': 'Heritage Court'}}
{'address': {'street': 'Hampshire Drive'}}
{'address': {'street': 'Heritage Drive'}}
{'address': {'street': 'Heritage Drive'}}
{'address': {'street': 'Heritage Drive'}}
{'address': {'street': '? Drive'}}
{'address': {'street': 'Heritage Drive'}}
{'address': {'street': 'Heritage Drive'}}
{'address': {'street': 'Heritage Drive'}}
{'address': {'street': 'Hampshire Drive'}}
{'address': {'street': 'Heritage Drive'}}
{'address': {'street': 'Heritage Court'}}
{'address': {'street': 'Heritage Court'}}
{'address': {'street': 'Heritage Drive'}}
{'address': {'street': 'Heritage Drive'}}
{'address': {'street': 'Heritage Drive'}}
{'address': {'street': 'Heritage Court'}}
{'address': {'street': 'Heritage Drive'}}
{'address': {'street': 'Heritage Court'}}
{'address': {'street': 'Heritage Drive'}}
{'address': {'street': 'Hampshire Drive'}}
{'address': {'street': 'Heritage Drive'}}
{'address': {'street': 'Heritage Drive'}}
{'address': {'street': 'Heritage Drive'}}
{'address': {'street': 'Heritage Court'}}
{'address': {'street': 'Heritage Drive'}}
{'address': {'street': 'Heritage Drive'}}
{'address': {'street': 'Heritage Drive'}}
{'address': {'street': 'Heritage Drive'}}
{'address': {'street': 'Heritage Drive'}}
{'address': {'street': 'Joy Road'}}
{'address': {'street': 'Fenkell Street'}}
{'address': {'street': 'Dequindre Road'}}
{'address': {'street': 'E Big Beaver Road'}}
{'address': {'street': 'E Big Beaver Road'}}
{'address': {'street': 'Metropolitan Parkway'}}
{'address': {'street': 'E Huron River Drive'}}
{'address': {'street': 'E Huron River Drive'}}
{'address': {'street': 'E Huron River Drive'}}
{'address': {'street': 'E Huron River Drive'}}
{'address': {'street': 'E Huron River Drive'}}
{'address': {'street': 'E Huron River Drive'}}
{'address': {'street': 'E Huron River Drive'}}
{'address': {'street': 'E Huron River Drive'}}
{'address': {'street': 'E Huron River Drive'}}
{'address': {'street': 'E Huron River Drive'}}
{'address': {'street': 'E Huron River Drive'}}
{'address': {'street': 'E Huron River Drive'}}
{'address': {'street': 'E. Huron River Drive'}}
{'address': {'street': 'McAuley Drive'}}
{'address': {'street': 'MCAuley Drive'}}
{'address': {'street': 'MCAuley Drive'}}
{'address': {'street': 'McAuley Drive'}}
{'address': {'street': 'Elliot Drive'}}
{'address': {'street': 'Packard Road'}}
{'address': {'street': 'Packard Road'}}
{'address': {'street': 'Starkweather'}}
{'address': {'street': 'Penniman Avenue'}}
{'address': {'street': 'South Mill Street'}}
{'address': {'street': 'Carpenter Road'}}
{'address': {'street': 'E Huron River Drive'}}
{'address': {'street': 'West Ann Arbor Trail'}}
{'address': {'street': 'Copperfield Place'}}
{'address': {'street': 'Copperfield Place'}}
{'address': {'street': 'S Main Street'}}
{'address': {'street': 'North Newburgh Road'}}
{'address': {'street': 'Little Mack Avenue'}}
{'address': {'street': 'W Big Beaver Road'}}
{'address': {'street': 'Washington Boulevard'}}
{'address': {'street': 'Griswold Street'}}
{'address': {'street': 'Griswold Street'}}
{'address': {'street': 'Washington Boulevard'}}
{'address': {'street': 'Renaissance Center'}}
{'address': {'street': 'West Fort Street'}}
{'address': {'street': 'Lothrop'}}
{'address': {'street': 'Monroe Street'}}
{'address': {'street': 'W Congress Street'}}
{'address': {'street': 'East Moor Court'}}
{'address': {'street': '1st Street'}}
{'address': {'street': 'Alfred'}}
{'address': {'street': 'Woodward Avenue'}}
{'address': {'street': 'Griswold Street'}}
{'address': {'street': 'Griswold Street'}}
{'address': {'street': 'Griswold Street'}}
{'address': {'street': '2nd Avenue'}}
{'address': {'street': 'Washington Boulevard'}}
{'address': {'street': 'Woodward Avenue'}}
{'address': {'street': 'Washington Boulevard'}}
{'address': {'street': 'West Milwaukee Street'}}
{'address': {'street': 'Jefferson Avenue'}}
{'address': {'street': 'Jefferson Avenue'}}
{'address': {'street': 'R Grand Boulevard'}}
{'address': {'street': 'East Jefferson Avenue'}}
{'address': {'street': 'Saint Antoine Street'}}
{'address': {'street': 'Grand River Avenue'}}
{'address': {'street': 'Ann Arbor-Saline Road'}}
{'address': {'street': 'Ferry Mall'}}
{'address': {'street': 'Reuther Mall'}}
{'address': {'street': 'Cass'}}
{'address': {'street': 'Lite Street'}}
{'address': {'street': 'Wyandotte Street East'}}
{'address': {'street': 'West Fort Street'}}
{'address': {'street': 'Fort Street West'}}
{'address': {'street': 'Garfield'}}
{'address': {'street': 'W Boston Boulevard'}}
{'address': {'street': 'W Boston Boulevard'}}
{'address': {'street': 'W Boston Boulevard'}}
{'address': {'street': 'W Boston Boulevard'}}
{'address': {'street': 'W Boston Boulevard'}}
{'address': {'street': 'Edison Avenue'}}
{'address': {'street': 'Jerome Street'}}
{'address': {'street': 'Jerome Street'}}
{'address': {'street': 'Jerome Street'}}
{'address': {'street': 'Jerome Street'}}
{'address': {'street': 'Jerome Street'}}
{'address': {'street': 'Jerome Street'}}
{'address': {'street': 'Jerome Street'}}
{'address': {'street': 'Jerome Street'}}
{'address': {'street': 'Jerome Street'}}
{'address': {'street': 'Westchester Drive'}}
{'address': {'street': 'Westchester Drive'}}
{'address': {'street': 'Westchester Drive'}}
{'address': {'street': 'Westchester Drive'}}
{'address': {'street': 'Westchester Drive'}}
{'address': {'street': 'Westchester Drive'}}
{'address': {'street': 'Westchester Drive'}}
{'address': {'street': 'Jerome Street'}}
{'address': {'street': 'Jerome Street'}}
{'address': {'street': 'Jerome Street'}}
{'address': {'street': 'Jerome Street'}}
{'address': {'street': 'Jerome Street'}}
{'address': {'street': 'Westchester Drive'}}
{'address': {'street': 'Westchester Drive'}}
{'address': {'street': 'Westchester Drive'}}
{'address': {'street': 'Westchester Drive'}}
{'address': {'street': 'Westchester Drive'}}
{'address': {'street': 'Westchester Drive'}}
{'address': {'street': 'Westchester Drive'}}
{'address': {'street': 'Westchester Drive'}}
{'address': {'street': 'Westchester Drive'}}
{'address': {'street': 'Westchester Drive'}}
{'address': {'street': 'St. Rose'}}
{'address': {'street': 'St. Rose'}}
{'address': {'street': 'Greendale Avenue'}}
{'address': {'street': 'Greendale Avenue'}}
{'address': {'street': 'St. Rose'}}
{'address': {'street': 'St. Rose'}}
{'address': {'street': 'Westchester Drive'}}
{'address': {'street': 'Westchester Drive'}}
{'address': {'street': 'Westchester Drive'}}
{'address': {'street': 'Westchester Drive'}}
{'address': {'street': 'Greendale Avenue'}}
{'address': {'street': 'Greendale Avenue'}}
{'address': {'street': 'St. Rose'}}
{'address': {'street': 'Greendale Avenue'}}
{'address': {'street': 'Little River Boulevard'}}
{'address': {'street': 'Little River Boulevard'}}
{'address': {'street': 'Greendale Avenue'}}
{'address': {'street': 'Greendale Avenue'}}
{'address': {'street': 'Greendale Avenue'}}
{'address': {'street': 'Little River Boulevard'}}
{'address': {'street': 'Little River Boulevard'}}
{'address': {'street': 'Little River Boulevard'}}
{'address': {'street': 'Greendale Avenue'}}
{'address': {'street': 'Little River Boulevard'}}
{'address': {'street': 'Little River Boulevard'}}
{'address': {'street': 'Little River Boulevard'}}
{'address': {'street': 'Greendale Avenue'}}
{'address': {'street': 'Little River Boulevard'}}
{'address': {'street': 'Little River Boulevard'}}
{'address': {'street': 'Little River Boulevard'}}
{'address': {'street': 'Little River Boulevard'}}
{'address': {'street': 'Little River Boulevard'}}
{'address': {'street': 'Little River Boulevard'}}
{'address': {'street': 'West Outer Drive'}}
{'address': {'street': 'West Outer Drive'}}
{'address': {'street': 'Saint Antoine Street'}}
{'address': {'street': 'Highland Road'}}
{'address': {'street': 'West Fort Street'}}
{'address': {'street': 'Cottage Place'}}
{'address': {'street': 'Custer Street'}}
{'address': {'street': 'Brush Street'}}
{'address': {'street': '2nd Avenue'}}
{'address': {'street': 'Main Street'}}
{'address': {'street': 'Eisenhower Place'}}
{'address': {'street': 'Eisenhower Place'}}
{'address': {'street': 'Eisenhower Place'}}
{'address': {'street': 'Eisenhower Place'}}
{'address': {'street': 'Boardwalk Drive'}}
{'address': {'street': 'Boardwalk Drive'}}
{'address': {'street': 'Victors Way'}}
{'address': {'street': 'Victors Way'}}
{'address': {'street': 'Victors Way'}}
{'address': {'street': 'Victors Way'}}
{'address': {'street': 'Victors Way'}}
{'address': {'street': 'Santa Rosa Drive'}}
{'address': {'street': 'Ailsa Craig Drive'}}
{'address': {'street': 'Ailsa Craig Drive'}}
{'address': {'street': 'Ailsa Craig Drive'}}
{'address': {'street': 'Ailsa Craig Drive'}}
{'address': {'street': 'Ailsa Craig Drive'}}
{'address': {'street': 'Village Circle North'}}
{'address': {'street': 'Ailsa Craig Drive'}}
{'address': {'street': 'Ailsa Craig Drive'}}
{'address': {'street': 'Ailsa Craig Drive'}}
{'address': {'street': 'Ailsa Craig Drive'}}
{'address': {'street': 'Ailsa Craig Drive'}}
{'address': {'street': 'Ailsa Craig Drive'}}
{'address': {'street': 'Village Circle North'}}
{'address': {'street': 'Village Circle North'}}
{'address': {'street': 'Ailsa Craig Drive'}}
{'address': {'street': 'Village Circle North'}}
{'address': {'street': 'Ailsa Craig Drive'}}
{'address': {'street': 'Village Circle North'}}
{'address': {'street': 'Ailsa Craig Drive'}}
{'address': {'street': 'Village Circle North'}}
{'address': {'street': 'Village Circle'}}
{'address': {'street': 'Village Circle North'}}
{'address': {'street': 'Village Circle North'}}
{'address': {'street': 'Village Circle North'}}
{'address': {'street': 'Village Circle'}}
{'address': {'street': 'Village Circle North'}}
{'address': {'street': 'Village Circle North'}}
{'address': {'street': 'Ailsa Craig Drive'}}
{'address': {'street': 'Village Circle North'}}
{'address': {'street': 'Ailsa Craig Drive'}}
{'address': {'street': 'Ailsa Craig Drive'}}
{'address': {'street': 'Village Circle'}}
{'address': {'street': 'Village Circle North'}}
{'address': {'street': 'Ailsa Craig Drive'}}
{'address': {'street': 'Village Circle'}}
{'address': {'street': 'Village Circle'}}
{'address': {'street': 'Village Circle'}}
{'address': {'street': 'Village Circle'}}
{'address': {'street': 'Village Circle'}}
{'address': {'street': 'Village Circle'}}
{'address': {'street': 'Village Circle'}}
{'address': {'street': 'Village Circle'}}
{'address': {'street': 'Village Circle North'}}
{'address': {'street': 'Village Circle'}}
{'address': {'street': 'Village Circle'}}
{'address': {'street': 'Village Circle'}}
{'address': {'street': 'Village Circle'}}
{'address': {'street': 'Village Circle'}}
{'address': {'street': 'Village Circle'}}
{'address': {'street': 'Village Circle'}}
{'address': {'street': 'Village Circle'}}
{'address': {'street': 'Village Circle'}}
{'address': {'street': 'Village Circle'}}
{'address': {'street': 'Village Circle'}}
{'address': {'street': 'Ailsa Craig Drive'}}
{'address': {'street': 'Village Circle'}}
{'address': {'street': 'Ailsa Craig Drive'}}
{'address': {'street': 'Village Circle'}}
{'address': {'street': 'Ailsa Craig Drive'}}
{'address': {'street': 'Village Circle'}}
{'address': {'street': 'Village Circle'}}
{'address': {'street': 'Ailsa Craig Drive'}}
{'address': {'street': 'Village Circle'}}
{'address': {'street': 'Village Circle'}}
{'address': {'street': 'Village Circle'}}
{'address': {'street': 'Ailsa Craig Drive'}}
{'address': {'street': 'Village Circle'}}
{'address': {'street': 'Ailsa Craig Drive'}}
{'address': {'street': 'Village Circle'}}
{'address': {'street': 'Village Circle'}}
{'address': {'street': 'Village Circle'}}
{'address': {'street': 'Village Circle'}}
{'address': {'street': 'Village Circle'}}
{'address': {'street': 'Village Circle'}}
{'address': {'street': 'Village Circle'}}
{'address': {'street': 'Village Circle'}}
{'address': {'street': 'Village Circle'}}
{'address': {'street': 'Village Circle'}}
{'address': {'street': 'Village Circle'}}
{'address': {'street': 'Village Circle'}}
{'address': {'street': 'Village Circle South'}}
{'address': {'street': 'Village Circle'}}
{'address': {'street': 'Village Circle South'}}
{'address': {'street': 'Village Circle South'}}
{'address': {'street': 'Village Circle'}}
{'address': {'street': 'Village Circle South'}}
{'address': {'street': 'Village Circle South'}}
{'address': {'street': 'Village Circle South'}}
{'address': {'street': 'Village Circle South'}}
{'address': {'street': 'Village Circle South'}}
{'address': {'street': 'Michigan Avenue'}}
{'address': {'street': 'Northlawn Drive'}}
{'address': {'street': 'N Summit Street'}}
{'address': {'street': 'W 7 Mile Road'}}
{'address': {'street': 'Sandwich Street'}}
{'address': {'street': 'Republic Drive'}}
{'address': {'street': 'Monroe Street'}}
{'address': {'street': 'Monroe Street'}}
{'address': {'street': 'Monroe Street'}}
{'address': {'street': 'Monroe Street'}}
{'address': {'street': 'Monroe Street'}}
{'address': {'street': 'Monroe Street'}}
{'address': {'street': 'Monroe Street'}}
{'address': {'street': 'Monroe Street'}}
{'address': {'street': 'Monroe Street'}}
{'address': {'street': 'Monroe Street'}}
{'address': {'street': 'Prevost Street'}}
{'address': {'street': 'Greenfield'}}
{'address': {'street': '24th Avenue'}}
{'address': {'street': 'Tienken Court'}}
{'address': {'street': 'Tienken Court'}}
{'address': {'street': 'Bridge Street'}}
{'address': {'street': 'Michigan Avenue'}}
{'address': {'street': 'West Vernor Highway'}}
{'address': {'street': 'Jackson Road'}}
{'address': {'street': 'Second'}}
{'address': {'street': 'Ford Road'}}
{'address': {'street': 'Ford Road'}}
{'address': {'street': 'Southfield Expressway'}}
{'address': {'street': 'Ford Road'}}
{'address': {'street': 'Southfield Road'}}
{'address': {'street': 'Cram Place'}}
{'address': {'street': 'Cram Circle'}}
{'address': {'street': 'Cram Place'}}
{'address': {'street': 'Cram Circle'}}
{'address': {'street': 'Cram Place'}}
{'address': {'street': 'Cram Circle'}}
{'address': {'street': 'Cram Place'}}
{'address': {'street': 'Cram Circle'}}
{'address': {'street': 'Cram Circle'}}
{'address': {'street': 'Cram Place'}}
{'address': {'street': 'Cram Circle'}}
{'address': {'street': 'Michigan Avenue'}}
{'address': {'street': 'Wyoming'}}
{'address': {'street': 'Atwater Street'}}
{'address': {'street': 'Seldon Street'}}
{'address': {'street': 'Fort Street'}}
{'address': {'street': 'Russell Street'}}
{'address': {'street': 'W Big Beaver Road'}}
{'address': {'street': 'W Big Beaver Road'}}
{'address': {'street': 'Rochester Road'}}
{'address': {'street': 'Grayfield Street'}}
{'address': {'street': 'Heidelberg Street'}}
{'address': {'street': 'Oberer Kirchhag'}}
{'address': {'street': 'Lyndon Street'}}
{'address': {'street': 'Yankee Road'}}
{'address': {'street': 'West State Line Road'}}
{'address': {'street': 'Section Road'}}
{'address': {'street': 'Park Avenue'}}
{'address': {'street': 'West 12 Mile Road'}}
{'address': {'street': 'Orchard Lake Road'}}
{'address': {'street': 'Stickney Avenue'}}
{'address': {'street': 'Stickney Avenue'}}
{'address': {'street': 'Stickney Avenue'}}
{'address': {'street': 'Clark Road'}}
{'address': {'street': 'Petrolia Line'}}
{'address': {'street': 'South Forest'}}
{'address': {'street': 'West Hancock Street'}}
{'address': {'street': 'Greenfield Road'}}
{'address': {'street': '6 Mile'}}
{'address': {'street': 'Revard Drive'}}
{'address': {'street': 'Plymouth Road'}}
{'address': {'street': 'Pallister Street'}}
{'address': {'street': 'Riverbank Road'}}
{'address': {'street': 'Novi Road'}}
{'address': {'street': 'Hagman Road'}}
{'address': {'street': 'Hagman Road'}}
{'address': {'street': 'Hagman Road'}}
{'address': {'street': 'Hagman Road'}}
{'address': {'street': 'Hagman Road'}}
{'address': {'street': 'East Jefferson Avenue'}}
{'address': {'street': 'East Jefferson'}}
{'address': {'street': 'Walton Boulevard'}}
{'address': {'street': 'West Grand River Avenue'}}
{'address': {'street': 'East Eisenhower Parkway'}}
{'address': {'street': 'North Haggerty Road'}}
{'address': {'street': 'Arndt Street'}}
{'address': {'street': '7 Mile Road West'}}
{'address': {'street': 'East McNichols Road'}}
{'address': {'street': 'East Hildale Street'}}
{'address': {'street': 'Glendale Avenue'}}
{'address': {'street': 'Highland Street'}}
{'address': {'street': 'Custer Street'}}
{'address': {'street': 'E. Jefferson Avenue'}}
{'address': {'street': 'Cram Place'}}
{'address': {'street': 'Cram Place'}}
{'address': {'street': 'Cram Place'}}
{'address': {'street': 'Hubbard Road'}}
{'address': {'street': 'Cram Place'}}
{'address': {'street': 'Cram Place'}}
{'address': {'street': 'Hubbard Road'}}
{'address': {'street': 'Cram Circle'}}
{'address': {'street': 'Cram Circle'}}
{'address': {'street': 'Hubbard Road'}}
{'address': {'street': 'Hubbard Road'}}
{'address': {'street': 'Hubbard Road'}}
{'address': {'street': 'Cram Place'}}
{'address': {'street': 'Boardwalk Drive'}}
{'address': {'street': 'Boardwalk Drive'}}
{'address': {'street': 'East Ellsworth Road'}}
{'address': {'street': 'Schoenherr Road'}}
{'address': {'street': 'South Industrial Highway'}}
{'address': {'street': 'Bringard Drive'}}
{'address': {'street': 'Donaldson Drive'}}
{'address': {'street': 'East Square Lake Road'}}
{'address': {'street': 'Livernois Road'}}
{'address': {'street': 'Cadmus Drive'}}
{'address': {'street': 'Cadmus Drive'}}
{'address': {'street': 'Northfield Parkway'}}
{'address': {'street': 'Cadmus Drive'}}
{'address': {'street': 'Cadmus Drive'}}
{'address': {'street': 'Cadmus Drive'}}
{'address': {'street': 'Cadmus Drive'}}
{'address': {'street': 'Cadmus Drive'}}
{'address': {'street': 'Cadmus Drive'}}
{'address': {'street': 'Cadmus Drive'}}
{'address': {'street': 'Cadmus Drive'}}
{'address': {'street': 'Cadmus Drive'}}
{'address': {'street': 'Cadmus Drive'}}
{'address': {'street': 'Cadmus Drive'}}
{'address': {'street': 'Cadmus Drive'}}
{'address': {'street': 'Cadmus Drive'}}
{'address': {'street': 'Cadmus Drive'}}
{'address': {'street': 'Brunswick Drive'}}
{'address': {'street': 'Cadmus Drive'}}
{'address': {'street': 'Cadmus Drive'}}
{'address': {'street': 'Cadmus Drive'}}
{'address': {'street': 'Cadmus Drive'}}
{'address': {'street': 'Cadmus Drive'}}
{'address': {'street': 'Cadmus Drive'}}
{'address': {'street': 'Brunswick Drive'}}
{'address': {'street': 'Cadmus Drive'}}
{'address': {'street': 'Cadmus Drive'}}
{'address': {'street': 'Cadmus Drive'}}
{'address': {'street': 'Cadmus Drive'}}
{'address': {'street': 'Cadmus Drive'}}
{'address': {'street': 'Cadmus Drive'}}
{'address': {'street': 'Cadmus Drive'}}
{'address': {'street': 'Cadmus Drive'}}
{'address': {'street': 'Cadmus Drive'}}
{'address': {'street': 'Shelldrake Drive'}}
{'address': {'street': 'Cadmus Drive'}}
{'address': {'street': 'Cadmus Drive'}}
{'address': {'street': 'Cadmus Drive'}}
{'address': {'street': 'Shelldrake Drive'}}
{'address': {'street': 'Delta Drive'}}
{'address': {'street': 'Cadmus Drive'}}
{'address': {'street': '4th Street'}}
{'address': {'street': 'Michigan Avenue'}}
{'address': {'street': 'Central'}}
{'address': {'street': 'Vinewood Street'}}
{'address': {'street': '14th Street'}}
{'address': {'street': 'Sylvester'}}
{'address': {'street': 'Carpenter Road'}}
{'address': {'street': '6 Mile'}}
{'address': {'street': 'Mack Avenue'}}
{'address': {'street': 'Fenkell Street'}}
{'address': {'street': 'North Gratiot Avenue'}}
{'address': {'street': 'Stone School Road'}}
{'address': {'street': 'Nadeau Road'}}
{'address': {'street': 'Sunderland Road'}}
{'address': {'street': 'Sunderland Road'}}
{'address': {'street': 'Sunderland Road'}}
{'address': {'street': 'Sunderland Road'}}
{'address': {'street': 'West McNichols Road'}}
{'address': {'street': 'West McNichols Road'}}
{'address': {'street': 'West McNichols Road'}}
{'address': {'street': 'West McNichols Road'}}
{'address': {'street': 'West McNichols Road'}}
{'address': {'street': 'West McNichols Road'}}
{'address': {'street': 'West McNichols Road'}}
{'address': {'street': 'West McNichols Road'}}
{'address': {'street': 'Sunderland Road'}}
{'address': {'street': 'Bretton Drive'}}
{'address': {'street': 'West McNichols Road'}}
{'address': {'street': 'West McNichols Road'}}
{'address': {'street': 'West McNichols Road'}}
{'address': {'street': 'West McNichols Road'}}
{'address': {'street': 'West McNichols Road'}}
{'address': {'street': 'West McNichols Road'}}
{'address': {'street': 'West McNichols Road'}}
{'address': {'street': 'West McNichols Road'}}
{'address': {'street': 'West McNichols Road'}}
{'address': {'street': 'West McNichols Road'}}
{'address': {'street': 'West McNichols Road'}}
{'address': {'street': 'West McNichols Road'}}
{'address': {'street': 'West McNichols Road'}}
{'address': {'street': 'West McNichols Road'}}
{'address': {'street': 'West McNichols Road'}}
{'address': {'street': 'West McNichols Road'}}
{'address': {'street': 'West McNichols Road'}}
{'address': {'street': 'West McNichols Road'}}
{'address': {'street': 'West McNichols Road'}}
{'address': {'street': 'West McNichols Road'}}
{'address': {'street': 'West McNichols Road'}}
{'address': {'street': 'West McNichols Road'}}
{'address': {'street': 'West McNichols Road'}}
{'address': {'street': 'West McNichols Road'}}
{'address': {'street': 'West McNichols Road'}}
{'address': {'street': 'West McNichols Road'}}
{'address': {'street': 'West McNichols Road'}}
{'address': {'street': 'West McNichols Road'}}
{'address': {'street': 'West McNichols Road'}}
{'address': {'street': 'West McNichols Road'}}
{'address': {'street': 'West McNichols Road'}}
{'address': {'street': 'West McNichols Road'}}
{'address': {'street': 'Sunderland Road'}}
{'address': {'street': 'Sunderland Road'}}
{'address': {'street': 'Sunderland Road'}}
{'address': {'street': 'Sunderland Road'}}
{'address': {'street': 'Sunderland Road'}}
{'address': {'street': 'Sunderland Road'}}
{'address': {'street': 'Sunderland Road'}}
{'address': {'street': 'Sunderland Road'}}
{'address': {'street': 'Sunderland Road'}}
{'address': {'street': 'Sunderland Road'}}
{'address': {'street': 'Sunderland Road'}}
{'address': {'street': 'Sunderland Road'}}
{'address': {'street': 'Sunderland Road'}}
{'address': {'street': 'Sunderland Road'}}
{'address': {'street': 'Sunderland Road'}}
{'address': {'street': 'Sunderland Road'}}
{'address': {'street': 'Sunderland Road'}}
{'address': {'street': 'Sunderland Road'}}
{'address': {'street': 'Sunderland Road'}}
{'address': {'street': 'Sunderland Road'}}
{'address': {'street': 'Sunderland Road'}}
{'address': {'street': 'Carlisle Street'}}
{'address': {'street': 'Gratiot Avenue'}}
{'address': {'street': 'East 8 Mile Road'}}
{'address': {'street': 'Gratiot Avenue'}}
{'address': {'street': 'Carlisle Street'}}
{'address': {'street': 'Gratiot Avenue'}}
{'address': {'street': 'Carlisle Street'}}
{'address': {'street': 'Carlisle Street'}}
{'address': {'street': 'Carlisle Street'}}
{'address': {'street': 'Carlisle Street'}}
{'address': {'street': 'Carlisle Street'}}
{'address': {'street': 'Carlisle Street'}}
{'address': {'street': 'Carlisle Street'}}
{'address': {'street': 'Carlisle Street'}}
{'address': {'street': 'Carlisle Street'}}
{'address': {'street': 'Carlisle Street'}}
{'address': {'street': 'East State Fair Street'}}
{'address': {'street': 'Carlisle Street'}}
{'address': {'street': 'Carlisle Street'}}
{'address': {'street': 'East State Fair Street'}}
{'address': {'street': 'East State Fair Street'}}
{'address': {'street': 'Carlisle Street'}}
{'address': {'street': 'East State Fair Street'}}
{'address': {'street': 'East State Fair Street'}}
{'address': {'street': 'East State Fair Street'}}
{'address': {'street': 'East State Fair Street'}}
{'address': {'street': 'East State Fair Street'}}
{'address': {'street': 'Gratiot Avenue'}}
{'address': {'street': 'Gratiot Avenue'}}
{'address': {'street': 'Gratiot Avenue'}}
{'address': {'street': 'Collingham Drive'}}
{'address': {'street': 'Collingham Drive'}}
{'address': {'street': 'Collingham Drive'}}
{'address': {'street': 'East State Fair Street'}}
{'address': {'street': 'East State Fair Street'}}
{'address': {'street': 'East State Fair Street'}}
{'address': {'street': 'Gratiot Avenue'}}
{'address': {'street': 'Rossini Drive'}}
{'address': {'street': 'Rossini Drive'}}
{'address': {'street': 'Gratiot Avenue'}}
{'address': {'street': 'Gratiot Avenue'}}
{'address': {'street': 'Gratiot Avenue'}}
{'address': {'street': 'Rossini Drive'}}
{'address': {'street': 'Rossini Drive'}}
{'address': {'street': 'Rossini Drive'}}
{'address': {'street': 'Rossini Drive'}}
{'address': {'street': 'Rossini Drive'}}
{'address': {'street': 'Rossini Drive'}}
{'address': {'street': 'Rossini Drive'}}
{'address': {'street': 'Carlisle Street'}}
{'address': {'street': 'Carlisle Street'}}
{'address': {'street': 'Rossini Drive'}}
{'address': {'street': 'Rossini Drive'}}
{'address': {'street': 'Carlisle Street'}}
{'address': {'street': 'Rossini Drive'}}
{'address': {'street': 'Carlisle Street'}}
{'address': {'street': 'Carlisle Street'}}
{'address': {'street': 'Carlisle Street'}}
{'address': {'street': 'Carlisle Street'}}
{'address': {'street': 'Carlisle Street'}}
{'address': {'street': 'Carlisle Street'}}
{'address': {'street': 'Carlisle Street'}}
{'address': {'street': 'Carlisle Street'}}
{'address': {'street': 'Carlisle Street'}}
{'address': {'street': 'Carlisle Street'}}
{'address': {'street': 'Carlisle Street'}}
{'address': {'street': 'Carlisle Street'}}
{'address': {'street': 'Carlisle Street'}}
{'address': {'street': 'Carlisle Street'}}
{'address': {'street': 'Carlisle Street'}}
{'address': {'street': 'Carlisle Street'}}
{'address': {'street': 'Carlisle Street'}}
{'address': {'street': 'Carlisle Street'}}
{'address': {'street': 'Carlisle Street'}}
{'address': {'street': 'Carlisle Street'}}
{'address': {'street': 'Carlisle Street'}}
{'address': {'street': 'Gratiot Avenue'}}
{'address': {'street': 'Carlisle Street'}}
{'address': {'street': 'Rossini Drive'}}
{'address': {'street': 'Gratiot Avenue'}}
{'address': {'street': 'Gratiot Avenue'}}
{'address': {'street': 'Gratiot Avenue'}}
{'address': {'street': 'Carlisle Street'}}
{'address': {'street': 'Rossini Drive'}}
{'address': {'street': 'Rossini Drive'}}
{'address': {'street': 'Rossini Drive'}}
{'address': {'street': 'Rossini Drive'}}
{'address': {'street': 'Rossini Drive'}}
{'address': {'street': 'Rossini Drive'}}
{'address': {'street': 'Gratiot Avenue'}}
{'address': {'street': 'Carlisle Street'}}
{'address': {'street': 'Rossini Drive'}}
{'address': {'street': 'Rossini Drive'}}
{'address': {'street': 'Carlisle Street'}}
{'address': {'street': 'Carlisle Street'}}
{'address': {'street': 'Carlisle Street'}}
{'address': {'street': 'Carlisle Street'}}
{'address': {'street': 'Carlisle Street'}}
{'address': {'street': 'Carlisle Street'}}
{'address': {'street': 'Carlisle Street'}}
{'address': {'street': 'Carlisle Street'}}
{'address': {'street': 'Carlisle Street'}}
{'address': {'street': 'Carlisle Street'}}
{'address': {'street': 'Carlisle Street'}}
{'address': {'street': 'Carlisle Street'}}
{'address': {'street': 'Carlisle Street'}}
{'address': {'street': 'Carlisle Street'}}
{'address': {'street': 'Carlisle Street'}}
{'address': {'street': 'Carlisle Street'}}
{'address': {'street': 'Carlisle Street'}}
{'address': {'street': 'Carlisle Street'}}
{'address': {'street': 'Carlisle Street'}}
{'address': {'street': 'Carlisle Street'}}
{'address': {'street': 'Carlisle Street'}}
{'address': {'street': 'Carlisle Street'}}
{'address': {'street': 'Carlisle Street'}}
{'address': {'street': 'Carlisle Street'}}
{'address': {'street': 'Carlisle Street'}}
{'address': {'street': 'Carlisle Street'}}
{'address': {'street': 'Carlisle Street'}}
{'address': {'street': 'Carlisle Street'}}
{'address': {'street': 'Carlisle Street'}}
{'address': {'street': 'Carlisle Street'}}
{'address': {'street': 'Carlisle Street'}}
{'address': {'street': 'Carlisle Street'}}
{'address': {'street': 'Carlisle Street'}}
{'address': {'street': 'Carlisle Street'}}
{'address': {'street': 'Carlisle Street'}}
{'address': {'street': 'Carlisle Street'}}
{'address': {'street': 'Carlisle Street'}}
{'address': {'street': 'Carlisle Street'}}
{'address': {'street': 'Carlisle Street'}}
{'address': {'street': 'Carlisle Street'}}
{'address': {'street': 'Carlisle Street'}}
{'address': {'street': 'Carlisle Street'}}
{'address': {'street': 'Carlisle Street'}}
{'address': {'street': 'Carlisle Street'}}
{'address': {'street': 'Carlisle Street'}}
{'address': {'street': 'Carlisle Street'}}
{'address': {'street': 'West Euclid Avenue'}}
{'address': {'street': 'West Euclid Avenue'}}
{'address': {'street': 'West Euclid Avenue'}}
{'address': {'street': 'West Euclid Avenue'}}
{'address': {'street': 'West Euclid Avenue'}}
{'address': {'street': 'West Euclid Avenue'}}
{'address': {'street': 'West Euclid Avenue'}}
{'address': {'street': 'West Euclid Avenue'}}
{'address': {'street': 'West Euclid Avenue'}}
{'address': {'street': 'West Euclid Avenue'}}
{'address': {'street': 'West Euclid Avenue'}}
{'address': {'street': 'West Euclid Avenue'}}
{'address': {'street': 'West Euclid Avenue'}}
{'address': {'street': 'West Euclid Avenue'}}
{'address': {'street': 'West Euclid Avenue'}}
{'address': {'street': 'West Euclid Avenue'}}
{'address': {'street': 'West Euclid Avenue'}}
{'address': {'street': 'West Euclid Avenue'}}
{'address': {'street': 'West Euclid Avenue'}}
{'address': {'street': 'West Euclid Avenue'}}
{'address': {'street': 'West Euclid Avenue'}}
{'address': {'street': 'Rossini Drive'}}
{'address': {'street': 'Rossini Drive'}}
{'address': {'street': 'Rossini Drive'}}
{'address': {'street': 'Shakespeare Street'}}
{'address': {'street': 'Rossini Drive'}}
{'address': {'street': 'Rossini Drive'}}
{'address': {'street': 'Rossini Drive'}}
{'address': {'street': 'Rossini Drive'}}
{'address': {'street': 'Rossini Drive'}}
{'address': {'street': 'Rossini Drive'}}
{'address': {'street': 'Rossini Drive'}}
{'address': {'street': 'Rossini Drive'}}
{'address': {'street': 'Rossini Drive'}}
{'address': {'street': 'Rossini Drive'}}
{'address': {'street': 'Rossini Drive'}}
{'address': {'street': 'Rossini Drive'}}
{'address': {'street': 'Rossini Drive'}}
{'address': {'street': 'Fairmount Drive'}}
{'address': {'street': 'Rossini Drive'}}
{'address': {'street': 'Fairmount Drive'}}
{'address': {'street': 'Fairmount Drive'}}
{'address': {'street': 'Sunderland Road'}}
{'address': {'street': 'Sunderland Road'}}
{'address': {'street': 'Fairmount Drive'}}
{'address': {'street': 'Sunderland Road'}}
{'address': {'street': 'Fairmount Drive'}}
{'address': {'street': 'Sunderland Road'}}
{'address': {'street': 'Fairmount Drive'}}
{'address': {'street': 'Rossini Drive'}}
{'address': {'street': 'Sunderland Road'}}
{'address': {'street': 'Fairmount Drive'}}
{'address': {'street': 'Fairmount Drive'}}
{'address': {'street': 'Fairmount Drive'}}
{'address': {'street': 'Fairmount Drive'}}
{'address': {'street': 'Fairmount Drive'}}
{'address': {'street': 'Fairmount Drive'}}
{'address': {'street': 'Fairmount Drive'}}
{'address': {'street': 'Fairmount Drive'}}
{'address': {'street': 'Fairmount Drive'}}
{'address': {'street': 'Fairmount Drive'}}
{'address': {'street': 'Fairmount Drive'}}
{'address': {'street': 'Fairmount Drive'}}
{'address': {'street': 'Fairmount Drive'}}
{'address': {'street': 'Fairmount Drive'}}
{'address': {'street': 'Fairmount Drive'}}
{'address': {'street': 'Fairmount Drive'}}
{'address': {'street': 'Fairmount Drive'}}
{'address': {'street': 'Fairmount Drive'}}
{'address': {'street': 'Fairmount Drive'}}
{'address': {'street': 'Fairmount Drive'}}
{'address': {'street': 'Fairmount Drive'}}
{'address': {'street': 'Fairmount Drive'}}
{'address': {'street': 'Fairmount Drive'}}
{'address': {'street': 'Fairmount Drive'}}
{'address': {'street': 'Fairmount Drive'}}
{'address': {'street': 'Fairmount Drive'}}
{'address': {'street': 'Fairmount Drive'}}
{'address': {'street': 'Fairmount Drive'}}
{'address': {'street': 'Fairmount Drive'}}
{'address': {'street': 'East State Fair Street'}}
{'address': {'street': 'Fairmount Drive'}}
{'address': {'street': 'Fairmount Drive'}}
{'address': {'street': 'Fairmount Drive'}}
{'address': {'street': 'Fairmount Drive'}}
{'address': {'street': 'Fairmount Drive'}}
{'address': {'street': 'East State Fair Street'}}
{'address': {'street': 'East State Fair Street'}}
{'address': {'street': 'East State Fair Street'}}
{'address': {'street': 'East State Fair Street'}}
{'address': {'street': 'East State Fair Street'}}
{'address': {'street': 'East State Fair Street'}}
{'address': {'street': 'East State Fair Street'}}
{'address': {'street': 'East State Fair Street'}}
{'address': {'street': 'East State Fair Street'}}
{'address': {'street': 'East State Fair Street'}}
{'address': {'street': 'Fairmount Drive'}}
{'address': {'street': 'East State Fair Street'}}
{'address': {'street': 'East State Fair Street'}}
{'address': {'street': 'East State Fair Street'}}
{'address': {'street': 'East State Fair Street'}}
{'address': {'street': 'East State Fair Street'}}
{'address': {'street': 'Fairmount Drive'}}
{'address': {'street': 'Fairmount Drive'}}
{'address': {'street': 'East State Fair Street'}}
{'address': {'street': 'Fairmount Drive'}}
{'address': {'street': 'Fairmount Drive'}}
{'address': {'street': 'Fairmount Drive'}}
{'address': {'street': 'East State Fair Street'}}
{'address': {'street': 'Eastburn Street'}}
{'address': {'street': 'Carlisle Street'}}
{'address': {'street': 'Carlisle Street'}}
{'address': {'street': 'East State Fair Street'}}
{'address': {'street': 'East State Fair Street'}}
{'address': {'street': 'Eastburn Street'}}
{'address': {'street': 'Carlisle Street'}}
{'address': {'street': 'Carlisle Street'}}
{'address': {'street': 'Carlisle Street'}}
{'address': {'street': 'East State Fair Street'}}
{'address': {'street': 'Carlisle Street'}}
{'address': {'street': 'Carlisle Street'}}
{'address': {'street': 'Carlisle Street'}}
{'address': {'street': 'Carlisle Street'}}
{'address': {'street': 'Carlisle Street'}}
{'address': {'street': 'Carlisle Street'}}
{'address': {'street': 'Carlisle Street'}}
{'address': {'street': 'Fairmount Drive'}}
{'address': {'street': 'East State Fair Street'}}
{'address': {'street': 'Carlisle Street'}}
{'address': {'street': 'Carlisle Street'}}
{'address': {'street': 'Carlisle Street'}}
{'address': {'street': 'Carlisle Street'}}
{'address': {'street': 'Carlisle Street'}}
{'address': {'street': 'Carlisle Street'}}
{'address': {'street': 'Carlisle Street'}}
{'address': {'street': 'Carlisle Street'}}
{'address': {'street': 'Carlisle Street'}}
{'address': {'street': 'Carlisle Street'}}
{'address': {'street': 'Carlisle Street'}}
{'address': {'street': 'Carlisle Street'}}
{'address': {'street': 'Carlisle Street'}}
{'address': {'street': 'Carlisle Street'}}
{'address': {'street': 'Carlisle Street'}}
{'address': {'street': 'Carlisle Street'}}
{'address': {'street': 'Carlisle Street'}}
{'address': {'street': 'Carlisle Street'}}
{'address': {'street': 'Carlisle Street'}}
{'address': {'street': 'Carlisle Street'}}
{'address': {'street': 'Carlisle Street'}}
{'address': {'street': 'Carlisle Street'}}
{'address': {'street': 'Carlisle Street'}}
{'address': {'street': 'Carlisle Street'}}
{'address': {'street': 'Carlisle Street'}}
{'address': {'street': 'Carlisle Street'}}
{'address': {'street': 'Carlisle Street'}}
{'address': {'street': 'Carlisle Street'}}
{'address': {'street': 'Collingham Drive'}}
{'address': {'street': 'Collingham Drive'}}
{'address': {'street': 'Collingham Drive'}}
{'address': {'street': 'Collingham Drive'}}
{'address': {'street': 'Collingham Drive'}}
{'address': {'street': 'Collingham Drive'}}
{'address': {'street': 'Carlisle Street'}}
{'address': {'street': 'Collingham Drive'}}
{'address': {'street': 'Collingham Drive'}}
{'address': {'street': 'Collingham Drive'}}
{'address': {'street': 'Collingham Drive'}}
{'address': {'street': 'Collingham Drive'}}
{'address': {'street': 'Collingham Drive'}}
{'address': {'street': 'Collingham Drive'}}
{'address': {'street': 'Stahelin Avenue'}}
{'address': {'street': 'Stahelin Avenue'}}
{'address': {'street': 'Stahelin Avenue'}}
{'address': {'street': 'Eastburn Street'}}
{'address': {'street': 'Eastburn Street'}}
{'address': {'street': 'Eastburn Street'}}
{'address': {'street': 'Eastburn Street'}}
{'address': {'street': 'Eastburn Street'}}
{'address': {'street': 'Eastburn Street'}}
{'address': {'street': 'Eastburn Street'}}
{'address': {'street': 'Eastburn Street'}}
{'address': {'street': 'Eastburn Street'}}
{'address': {'street': 'Eastburn Street'}}
{'address': {'street': 'Eastburn Street'}}
{'address': {'street': 'Eastburn Street'}}
{'address': {'street': 'Eastburn Street'}}
{'address': {'street': 'Eastburn Street'}}
{'address': {'street': 'Eastburn Street'}}
{'address': {'street': 'Eastburn Street'}}
{'address': {'street': 'Eastburn Street'}}
{'address': {'street': 'Eastburn Street'}}
{'address': {'street': 'Eastburn Street'}}
{'address': {'street': 'Eastburn Street'}}
{'address': {'street': 'Eastburn Street'}}
{'address': {'street': 'Eastburn Street'}}
{'address': {'street': 'Eastburn Street'}}
{'address': {'street': 'Eastburn Street'}}
{'address': {'street': 'Eastburn Street'}}
{'address': {'street': 'Eastburn Street'}}
{'address': {'street': 'Eastburn Street'}}
{'address': {'street': 'Eastburn Street'}}
{'address': {'street': 'Eastburn Street'}}
{'address': {'street': 'Eastburn Street'}}
{'address': {'street': 'Eastburn Street'}}
{'address': {'street': 'Eastburn Street'}}
{'address': {'street': 'Eastburn Street'}}
{'address': {'street': 'Eastburn Street'}}
{'address': {'street': 'Eastburn Street'}}
{'address': {'street': 'Eastburn Street'}}
{'address': {'street': 'Eastburn Street'}}
{'address': {'street': 'Eastburn Street'}}
{'address': {'street': 'Eastburn Street'}}
{'address': {'street': 'Eastburn Street'}}
{'address': {'street': 'Eastburn Street'}}
{'address': {'street': 'Eastburn Street'}}
{'address': {'street': 'Eastburn Street'}}
{'address': {'street': 'Eastburn Street'}}
{'address': {'street': 'Eastburn Street'}}
{'address': {'street': 'Eastburn Street'}}
{'address': {'street': 'Eastburn Street'}}
{'address': {'street': 'Eastburn Street'}}
{'address': {'street': 'Bringard Drive'}}
{'address': {'street': 'Bringard Drive'}}
{'address': {'street': 'Bringard Drive'}}
{'address': {'street': 'Bringard Drive'}}
{'address': {'street': 'Bringard Drive'}}
{'address': {'street': 'Bringard Drive'}}
{'address': {'street': 'Stahelin Avenue'}}
{'address': {'street': 'Bringard Drive'}}
{'address': {'street': 'Bringard Drive'}}
{'address': {'street': 'Bringard Drive'}}
{'address': {'street': 'Bringard Drive'}}
{'address': {'street': 'Bringard Drive'}}
{'address': {'street': 'Bringard Drive'}}
{'address': {'street': 'Bringard Drive'}}
{'address': {'street': 'Bringard Drive'}}
{'address': {'street': 'Bringard Drive'}}
{'address': {'street': 'Bringard Drive'}}
{'address': {'street': 'Bringard Drive'}}
{'address': {'street': 'Bringard Drive'}}
{'address': {'street': 'Bringard Drive'}}
{'address': {'street': 'Bringard Drive'}}
{'address': {'street': 'Stahelin Avenue'}}
{'address': {'street': 'Saint Marys Street'}}
{'address': {'street': 'Bringard Drive'}}
{'address': {'street': 'Bringard Drive'}}
{'address': {'street': 'Bringard Drive'}}
{'address': {'street': 'Bringard Drive'}}
{'address': {'street': 'Bringard Drive'}}
{'address': {'street': 'Bringard Drive'}}
{'address': {'street': 'Bringard Drive'}}
{'address': {'street': 'Bringard Drive'}}
{'address': {'street': 'Bringard Drive'}}
{'address': {'street': 'Bringard Drive'}}
{'address': {'street': 'Van Dyke Street'}}
{'address': {'street': 'Parker Street'}}
{'address': {'street': 'Kercheval Street'}}
{'address': {'street': 'Kercheval Street'}}
{'address': {'street': 'West McNichols Road'}}
{'address': {'street': 'West McNichols Road'}}
{'address': {'street': 'West McNichols Road'}}
{'address': {'street': 'Sunderland Road'}}
{'address': {'street': 'Stahelin Avenue'}}
{'address': {'street': 'Stahelin Avenue'}}
{'address': {'street': 'Stahelin Avenue'}}
{'address': {'street': 'Stahelin Avenue'}}
{'address': {'street': 'Stahelin Avenue'}}
{'address': {'street': 'Stahelin Avenue'}}
{'address': {'street': 'Stahelin Avenue'}}
{'address': {'street': 'Bringard Drive'}}
{'address': {'street': 'Bringard Drive'}}
{'address': {'street': 'Bringard Drive'}}
{'address': {'street': 'Bringard Drive'}}
{'address': {'street': 'Bringard Drive'}}
{'address': {'street': 'Bringard Drive'}}
{'address': {'street': 'Bringard Drive'}}
{'address': {'street': 'Bringard Drive'}}
{'address': {'street': 'Bringard Drive'}}
{'address': {'street': 'Bringard Drive'}}
{'address': {'street': 'Bringard Drive'}}
{'address': {'street': 'Bringard Drive'}}
{'address': {'street': 'Bringard Drive'}}
{'address': {'street': 'Bringard Drive'}}
{'address': {'street': 'Bringard Drive'}}
{'address': {'street': 'Bringard Drive'}}
{'address': {'street': 'Bringard Drive'}}
{'address': {'street': 'Bringard Drive'}}
{'address': {'street': 'Bringard Drive'}}
{'address': {'street': 'Bringard Drive'}}
{'address': {'street': 'Bringard Drive'}}
{'address': {'street': 'Bringard Drive'}}
{'address': {'street': 'Eastburn Street'}}
{'address': {'street': 'Bringard Drive'}}
{'address': {'street': 'Lamphere Street'}}
{'address': {'street': 'Sunderland Road'}}
{'address': {'street': 'Sunderland Road'}}
{'address': {'street': 'Sunderland Road'}}
{'address': {'street': 'Warwick Street'}}
{'address': {'street': 'Warwick Street'}}
{'address': {'street': 'Warwick Street'}}
{'address': {'street': 'Warwick Street'}}
{'address': {'street': 'Sunderland Road'}}
{'address': {'street': 'Sunderland Road'}}
{'address': {'street': 'Cass Avenue'}}
{'address': {'street': 'Cass Avenue'}}
{'address': {'street': 'Bretton Drive'}}
{'address': {'street': 'Warwick Street'}}
{'address': {'street': 'Warwick Street'}}
{'address': {'street': 'Warwick Street'}}
{'address': {'street': 'Warwick Street'}}
{'address': {'street': 'Warwick Street'}}
{'address': {'street': 'Woodbine Street'}}
{'address': {'street': 'Grayfield Street'}}
{'address': {'street': 'Shiawassee Drive'}}
{'address': {'street': 'Appleton Street'}}
{'address': {'street': 'Frisbee Street'}}
{'address': {'street': 'Dale Street'}}
{'address': {'street': 'Woodward Avenue'}}
{'address': {'street': 'West Outer Drive'}}
{'address': {'street': 'West Outer Drive'}}
{'address': {'street': 'Bretton Drive'}}
{'address': {'street': 'Bretton Drive'}}
{'address': {'street': 'Bretton Drive'}}
{'address': {'street': 'Bretton Drive'}}
{'address': {'street': 'Bretton Drive'}}
{'address': {'street': 'Bretton Drive'}}
{'address': {'street': 'Bretton Drive'}}
{'address': {'street': 'Moross Road'}}
{'address': {'street': 'Stahelin Avenue'}}
{'address': {'street': 'South State Street'}}
{'address': {'street': 'South Industrial Highway'}}
{'address': {'street': 'Sunderland Road'}}
{'address': {'street': 'Buffalo Street'}}
{'address': {'street': 'Prescott Street'}}
{'address': {'street': 'Prescott Street'}}
{'address': {'street': 'Prescott Street'}}
{'address': {'street': 'Prescott Street'}}
{'address': {'street': 'Prescott Street'}}
{'address': {'street': 'Prescott Street'}}
{'address': {'street': 'Prescott Street'}}
{'address': {'street': 'Sunderland Road'}}
{'address': {'street': 'Sunderland Road'}}
{'address': {'street': 'Sunderland Road'}}
{'address': {'street': 'Saint Jean Street'}}
{'address': {'street': 'Schaefer Highway'}}
{'address': {'street': 'Edmore Drive'}}
{'address': {'street': 'Edmore Drive'}}
{'address': {'street': 'Edmore Drive'}}
{'address': {'street': 'Edmore Drive'}}
{'address': {'street': 'Edmore Drive'}}
{'address': {'street': 'Edmore Drive'}}
{'address': {'street': 'Edmore Drive'}}
{'address': {'street': 'Edmore Drive'}}
{'address': {'street': 'Edmore Drive'}}
{'address': {'street': 'Edmore Drive'}}
{'address': {'street': 'Edmore Drive'}}
{'address': {'street': 'Edmore Drive'}}
{'address': {'street': 'Edmore Drive'}}
{'address': {'street': 'Edmore Drive'}}
{'address': {'street': 'Edmore Drive'}}
{'address': {'street': 'Edmore Drive'}}
{'address': {'street': 'Edmore Drive'}}
{'address': {'street': 'Edmore Drive'}}
{'address': {'street': 'Edmore Drive'}}
{'address': {'street': 'Edmore Drive'}}
{'address': {'street': 'Edmore Drive'}}
{'address': {'street': 'Edmore Drive'}}
{'address': {'street': 'Edmore Drive'}}
{'address': {'street': 'Edmore Drive'}}
{'address': {'street': 'Edmore Drive'}}
{'address': {'street': 'Edmore Drive'}}
{'address': {'street': 'Edmore Drive'}}
{'address': {'street': 'Edmore Drive'}}
{'address': {'street': 'Sunderland Road'}}
{'address': {'street': 'Sunderland Road'}}
{'address': {'street': 'Sunderland Road'}}
{'address': {'street': 'Poland Street'}}
{'address': {'street': 'Norwalk Street'}}
{'address': {'street': 'Iris Street'}}
{'address': {'street': 'Clements Street'}}
{'address': {'street': 'Mount Elliott Street'}}
{'address': {'street': 'East McNichols Road'}}
{'address': {'street': 'Mount Elliott Street'}}
{'address': {'street': 'East McNichols Road'}}
{'address': {'street': 'West Chicago Street'}}
{'address': {'street': 'Sunderland Road'}}
{'address': {'street': 'Sunderland Road'}}
{'address': {'street': 'Sunderland Road'}}
{'address': {'street': 'Sunderland Road'}}
{'address': {'street': 'Sunderland Road'}}
{'address': {'street': 'Sunderland Road'}}
{'address': {'street': 'Sunderland Road'}}
{'address': {'street': 'Sunderland Road'}}
{'address': {'street': 'Sunderland Road'}}
{'address': {'street': 'Sunderland Road'}}
{'address': {'street': 'Sunderland Road'}}
{'address': {'street': 'Sunderland Road'}}
{'address': {'street': 'Sunderland Road'}}
{'address': {'street': 'Sunderland Road'}}
{'address': {'street': 'Sunderland Road'}}
{'address': {'street': 'Mitchell Street'}}
{'address': {'street': 'Stahelin Avenue'}}
{'address': {'street': 'Stahelin Avenue'}}
{'address': {'street': 'Stahelin Avenue'}}
{'address': {'street': 'Stahelin Avenue'}}
{'address': {'street': 'Stahelin Avenue'}}
{'address': {'street': 'Stahelin Avenue'}}
{'address': {'street': 'Stahelin Avenue'}}
{'address': {'street': 'Stahelin Avenue'}}
{'address': {'street': 'Mitchell Street'}}
{'address': {'street': 'Stahelin Avenue'}}
{'address': {'street': 'Sunderland Road'}}
{'address': {'street': 'Sunderland Road'}}
{'address': {'street': 'Sunderland Road'}}
{'address': {'street': 'Sunderland Road'}}
{'address': {'street': 'Sunderland Road'}}
{'address': {'street': 'Sunderland Road'}}
{'address': {'street': 'Sunderland Road'}}
{'address': {'street': 'Sunderland Road'}}
{'address': {'street': 'Sunderland Road'}}
{'address': {'street': 'Sunderland Road'}}
{'address': {'street': 'South Brady Street'}}
{'address': {'street': 'Cherry Hill Street'}}
{'address': {'street': 'Woodward Avenue'}}
{'address': {'street': 'Griswold Street'}}
{'address': {'street': 'Dequindre Street'}}
{'address': {'street': 'Mackenzie Street'}}
{'address': {'street': 'Mackenzie Street'}}
{'address': {'street': 'Stoepel Avenue'}}
{'address': {'street': 'Oak Drive'}}
{'address': {'street': 'Quincy'}}
{'address': {'street': 'Oak Drive'}}
{'address': {'street': 'Oak Drive'}}
{'address': {'street': 'East Outer Drive'}}
{'address': {'street': 'Fairview Avenue'}}
{'address': {'street': 'Fairview Avenue'}}
{'address': {'street': 'Seneca Street'}}
{'address': {'street': 'Van Dyke Street'}}
{'address': {'street': 'Field Street'}}
{'address': {'street': 'Van Dyke Street'}}
{'address': {'street': 'Schoenherr Street'}}
{'address': {'street': 'Puritan Street'}}
{'address': {'street': 'Grand River Avenue'}}
{'address': {'street': 'Piedmont Street'}}
{'address': {'street': 'Piedmont Street'}}
{'address': {'street': 'Piedmont Street'}}
{'address': {'street': 'Piedmont Street'}}
{'address': {'street': 'Piedmont Street'}}
{'address': {'street': 'Piedmont Street'}}
{'address': {'street': 'Piedmont Street'}}
{'address': {'street': 'Piedmont Street'}}
{'address': {'street': 'Piedmont Street'}}
{'address': {'street': 'Piedmont Street'}}
{'address': {'street': 'Piedmont Street'}}
{'address': {'street': 'Piedmont Street'}}
{'address': {'street': 'Southfield Service Drive'}}
{'address': {'street': 'Grand River Avenue'}}
{'address': {'street': 'Grand River Avenue'}}
{'address': {'street': 'Grand River Avenue'}}
{'address': {'street': 'Grand River Avenue'}}
{'address': {'street': 'W Grand River'}}
{'address': {'street': 'Grand River Avenue'}}
{'address': {'street': 'Porter Street'}}
{'address': {'street': 'Bretton Drive'}}
{'address': {'street': 'Bretton Drive'}}
{'address': {'street': 'Bretton Drive'}}
{'address': {'street': 'Bretton Drive'}}
{'address': {'street': 'Moran Street'}}
{'address': {'street': 'Yemans Street'}}
{'address': {'street': 'Grand River Avenue'}}
{'address': {'street': 'W. Grand River'}}
{'address': {'street': 'Grand River'}}
{'address': {'street': 'North Maple Road'}}
{'address': {'street': 'North Maple Road'}}
{'address': {'street': 'Briarwood Circle'}}
{'address': {'street': 'Briarwood Circle'}}
{'address': {'street': 'South State Street'}}
{'address': {'street': 'Boardwalk Drive'}}
{'address': {'street': 'Boardwalk Drive'}}
{'address': {'street': 'Boardwalk Drive'}}
{'address': {'street': 'Boardwalk Drive'}}
{'address': {'street': 'Victors Way'}}
{'address': {'street': 'Boardwalk Drive'}}
{'address': {'street': 'Jackson Avenue'}}
{'address': {'street': 'Dexter Avenue'}}
{'address': {'street': 'Packard Road'}}
{'address': {'street': 'Boardwalk Drive'}}
{'address': {'street': 'Briarwood Circle'}}
{'address': {'street': 'South State Street'}}
{'address': {'street': 'South State Street'}}
{'address': {'street': 'Packard Road'}}
{'address': {'street': 'Packard Road'}}
{'address': {'street': 'Sunderland Road'}}
{'address': {'street': 'Sunderland Road'}}
{'address': {'street': 'Sunderland Road'}}
{'address': {'street': 'Sunderland Road'}}
{'address': {'street': 'Washtenaw Avenue'}}
{'address': {'street': 'Washtenaw Avenue'}}
{'address': {'street': 'Washtenaw Avenue'}}
{'address': {'street': 'Washtenaw Avenue'}}
{'address': {'street': 'Washtenaw Avenue'}}
{'address': {'street': 'Washtenaw Avenue'}}
{'address': {'street': 'Washtenaw Avenue'}}
{'address': {'street': 'Dino Drive'}}
{'address': {'street': 'East State Fair Street'}}
{'address': {'street': 'Dickerson Avenue'}}
{'address': {'street': 'Maddelein Street'}}
{'address': {'street': 'Crusade Avenue'}}
{'address': {'street': 'Carpenter Road'}}
{'address': {'street': 'Sunderland Road'}}
{'address': {'street': 'Sunderland Road'}}
{'address': {'street': 'Sunderland Road'}}
{'address': {'street': 'Sunderland Road'}}
{'address': {'street': 'Sunderland Road'}}
{'address': {'street': 'Sunderland Road'}}
{'address': {'street': 'Sunderland Road'}}
{'address': {'street': 'Sunderland Road'}}
{'address': {'street': 'Sunderland Road'}}
{'address': {'street': 'Sunderland Road'}}
{'address': {'street': 'Stout Street'}}
{'address': {'street': 'Cadieux Road'}}
{'address': {'street': 'Stout Street'}}
{'address': {'street': 'Cadieux Road'}}
{'address': {'street': 'Cadieux Road'}}
{'address': {'street': 'Cadieux Road'}}
{'address': {'street': 'Cadieux Road'}}
{'address': {'street': 'Cadieux Road'}}
{'address': {'street': 'Cadieux Road'}}
{'address': {'street': 'Cadieux Road'}}
{'address': {'street': 'Cadieux Road'}}
{'address': {'street': 'Cadieux Road'}}
{'address': {'street': 'Cadieux Road'}}
{'address': {'street': 'Cadieux Road'}}
{'address': {'street': 'Eastburn Street'}}
{'address': {'street': 'Eastburn Street'}}
{'address': {'street': 'Eastburn Street'}}
{'address': {'street': 'Eastburn Street'}}
{'address': {'street': 'Eastburn Street'}}
{'address': {'street': 'Eastburn Street'}}
{'address': {'street': 'Eastburn Street'}}
{'address': {'street': 'Eastburn Street'}}
{'address': {'street': 'Eastburn Street'}}
{'address': {'street': 'Eastburn Street'}}
{'address': {'street': 'Lothrop Road'}}
{'address': {'street': '2nd Avenue'}}
{'address': {'street': 'Temple Street'}}
{'address': {'street': 'West Canfield Street'}}
{'address': {'street': 'Florence Avenue'}}
{'address': {'street': 'Florence Avenue'}}
{'address': {'street': 'Florence Avenue'}}
{'address': {'street': 'McClellan Street'}}
{'address': {'street': 'McClellan Street'}}
{'address': {'street': 'McClellan Street'}}
{'address': {'street': 'McClellan Street'}}
{'address': {'street': 'McClellan Street'}}
{'address': {'street': 'McClellan Street'}}
{'address': {'street': 'Lafayette Boulevard'}}
{'address': {'street': 'Lafayette Boulevard'}}
{'address': {'street': 'Lafayette Boulevard'}}
{'address': {'street': 'Lafayette Boulevard'}}
{'address': {'street': 'Oakview Drive'}}
{'address': {'street': 'Grand River Avenue'}}
{'address': {'street': 'Northlawn Avenue'}}
{'address': {'street': 'Kercheval Street'}}
{'address': {'street': 'East Bethune Avenue'}}
{'address': {'street': 'Mack Avenue'}}
{'address': {'street': 'Greiner Street'}}
{'address': {'street': 'Toledo Street'}}
{'address': {'street': 'Lichfield'}}
{'address': {'street': 'Lichfield'}}
{'address': {'street': 'Lichfield'}}
{'address': {'street': 'Lichfield'}}
{'address': {'street': 'W. Eight Mile'}}
{'address': {'street': 'Lichfield'}}
{'address': {'street': 'Woodstock'}}
{'address': {'street': 'Woodstock'}}
{'address': {'street': 'Lichfield'}}
{'address': {'street': 'Lichfield'}}
{'address': {'street': 'Lichfield'}}
{'address': {'street': 'Briarcliffe'}}
{'address': {'street': 'Woodstock'}}
{'address': {'street': 'Woodstock'}}
{'address': {'street': 'Briarcliffe'}}
{'address': {'street': 'Woodstock'}}
{'address': {'street': 'Lichfield'}}
{'address': {'street': 'Lichfield'}}
{'address': {'street': 'Briarcliffe'}}
{'address': {'street': 'Briarcliffe'}}
{'address': {'street': 'Lichfield'}}
{'address': {'street': 'Briarcliffe'}}
{'address': {'street': 'Briarcliffe'}}
{'address': {'street': 'Lichfield'}}
{'address': {'street': 'Lichfield'}}
{'address': {'street': 'Lichfield'}}
{'address': {'street': 'Lichfield'}}
{'address': {'street': 'Lichfield'}}
{'address': {'street': 'Lichfield'}}
{'address': {'street': 'Lichfield'}}
{'address': {'street': 'Lichfield'}}
{'address': {'street': 'Lichfield'}}
{'address': {'street': 'Lichfield'}}
{'address': {'street': 'Lichfield'}}
{'address': {'street': 'Lichfield'}}
{'address': {'street': 'Lichfield'}}
{'address': {'street': 'Lichfield'}}
{'address': {'street': 'Lichfield'}}
{'address': {'street': 'Lichfield'}}
{'address': {'street': 'Lichfield'}}
{'address': {'street': 'Lichfield'}}
{'address': {'street': 'Lichfield'}}
{'address': {'street': 'Lichfield'}}
{'address': {'street': 'Lichfield'}}
{'address': {'street': 'Lichfield'}}
{'address': {'street': 'Lichfield'}}
{'address': {'street': 'Lichfield'}}
{'address': {'street': 'Lichfield'}}
{'address': {'street': 'Lichfield'}}
{'address': {'street': 'Lichfield'}}
{'address': {'street': 'Lichfield'}}
{'address': {'street': 'Lichfield'}}
{'address': {'street': 'Lichfield'}}
{'address': {'street': 'Lichfield'}}
{'address': {'street': 'Lichfield'}}
{'address': {'street': 'Lichfield'}}
{'address': {'street': 'Lichfield'}}
{'address': {'street': 'Lichfield'}}
{'address': {'street': 'Lichfield'}}
{'address': {'street': 'Briarcliffe'}}
{'address': {'street': 'Lichfield'}}
{'address': {'street': 'Lichfield'}}
{'address': {'street': 'Lichfield'}}
{'address': {'street': 'Lichfield'}}
{'address': {'street': 'Briarcliffe'}}
{'address': {'street': 'Lichfield'}}
{'address': {'street': 'Briarcliffe'}}
{'address': {'street': 'Briarcliffe'}}
{'address': {'street': 'Briarcliffe'}}
{'address': {'street': 'Briarcliffe'}}
{'address': {'street': 'Briarcliffe'}}
{'address': {'street': 'Briarcliffe'}}
{'address': {'street': 'Briarcliffe'}}
{'address': {'street': 'Briarcliffe'}}
{'address': {'street': 'Briarcliffe'}}
{'address': {'street': 'Briarcliffe'}}
{'address': {'street': 'Briarcliffe'}}
{'address': {'street': 'Briarcliffe'}}
{'address': {'street': 'Briarcliffe'}}
{'address': {'street': 'Briarcliffe'}}
{'address': {'street': 'West Vernor Highway'}}
{'address': {'street': 'Briarwood Circle'}}
{'address': {'street': 'Briarwood Circle'}}
{'address': {'street': 'Briarwood Circle'}}
{'address': {'street': 'Woodstock'}}
{'address': {'street': 'Woodstock'}}
{'address': {'street': 'Woodstock'}}
{'address': {'street': 'Woodstock'}}
{'address': {'street': 'Woodstock'}}
{'address': {'street': 'Woodstock'}}
{'address': {'street': 'Woodstock'}}
{'address': {'street': 'Woodward Avenue'}}
{'address': {'street': 'Packard Road'}}
{'address': {'street': 'Packard Road'}}
{'address': {'street': 'Packard Road'}}
{'address': {'street': 'Packard Road'}}
{'address': {'street': 'Packard Road'}}
{'address': {'street': 'Packard Road'}}
{'address': {'street': 'Platt Road'}}
{'address': {'street': 'Packard Road'}}
{'address': {'street': 'Packard Road'}}
{'address': {'street': 'Packard Road'}}
{'address': {'street': 'Packard Road'}}
{'address': {'street': 'Packard Road'}}
{'address': {'street': 'Platt Road'}}
{'address': {'street': 'Packard Road'}}
{'address': {'street': 'Packard Road'}}
{'address': {'street': 'Packard Road'}}
{'address': {'street': 'Packard Road'}}
{'address': {'street': 'Platt Road'}}
{'address': {'street': 'Packard Road'}}
{'address': {'street': 'Packard Road'}}
{'address': {'street': 'Packard Road'}}
{'address': {'street': 'Creek Drive'}}
{'address': {'street': 'Washtenaw Avenue'}}
{'address': {'street': 'Huron Parkway'}}
{'address': {'street': 'Whitehall Drive'}}
{'address': {'street': 'Victors Way'}}
{'address': {'street': 'South State Street'}}
{'address': {'street': 'Long Boulevard'}}
{'address': {'street': 'Cherry Hill Court'}}
{'address': {'street': 'Cherry Hill Court'}}
{'address': {'street': 'Cherry Hill Court'}}
{'address': {'street': 'Cherry Hill Court'}}
{'address': {'street': 'Cherry Hill Court'}}
{'address': {'street': 'Cherry Hill Court'}}
{'address': {'street': 'Cherry Hill Court'}}
{'address': {'street': 'Cherry Hill Court'}}
{'address': {'street': 'Cherry Hill Court'}}
{'address': {'street': 'Cherry Hill Court'}}
{'address': {'street': 'Cherry Hill Court'}}
{'address': {'street': 'West Stadium Boulevard'}}
{'address': {'street': 'Pierson Street'}}
{'address': {'street': 'Eisenhower Place'}}
{'address': {'street': 'South State Street'}}
{'address': {'street': '2nd Avenue'}}
{'address': {'street': 'Victors Way'}}
{'address': {'street': 'Packard Road'}}
{'address': {'street': 'Packard Road'}}
{'address': {'street': 'Packard Road'}}
{'address': {'street': 'Packard Road'}}
{'address': {'street': 'Packard Road'}}
{'address': {'street': 'Packard Road'}}
{'address': {'street': 'Packard Road'}}
{'address': {'street': 'Packard Road'}}
{'address': {'street': 'Packard Road'}}
{'address': {'street': 'Packard Road'}}
{'address': {'street': 'Packard Road'}}
{'address': {'street': 'Packard Road'}}
{'address': {'street': 'Victors Way'}}
{'address': {'street': 'Observatory Street'}}
{'address': {'street': '4th Street'}}
{'address': {'street': 'West Huron Street'}}
{'address': {'street': 'Stone School Road'}}
{'address': {'street': 'West Stadium Boulevard'}}
{'address': {'street': 'South State Street'}}
{'address': {'street': 'Garland Street'}}
{'address': {'street': 'East Jefferson Avenue'}}
{'address': {'street': 'Griggs Avenue'}}
{'address': {'street': 'Washtenaw Avenue'}}
{'address': {'street': 'Washtenaw Avenue'}}
{'address': {'street': 'Washtenaw Avenue'}}
{'address': {'street': 'Washtenaw Avenue'}}
{'address': {'street': 'Washtenaw Avenue'}}
{'address': {'street': 'Washtenaw Avenue'}}
{'address': {'street': 'Packard Street'}}
{'address': {'street': 'Riverside Drive East'}}
{'address': {'street': 'Glengarry Avenue'}}
{'address': {'street': 'Lichfield'}}
{'address': {'street': 'Lichfield'}}
{'address': {'street': 'Lichfield'}}
{'address': {'street': 'Lichfield'}}
{'address': {'street': 'Lichfield'}}
{'address': {'street': 'Lichfield'}}
{'address': {'street': 'Lichfield'}}
{'address': {'street': 'Lichfield'}}
{'address': {'street': 'Lichfield'}}
{'address': {'street': 'Lichfield'}}
{'address': {'street': 'Lichfield'}}
{'address': {'street': 'Lichfield'}}
{'address': {'street': 'Lichfield'}}
{'address': {'street': 'Lichfield'}}
{'address': {'street': 'Lichfield'}}
{'address': {'street': 'Lichfield '}}
{'address': {'street': 'Lichfield '}}
{'address': {'street': 'Lichfield'}}
{'address': {'street': 'Lichfield'}}
{'address': {'street': 'Lichfield'}}
{'address': {'street': 'Lichfield'}}
{'address': {'street': 'Lichfield'}}
{'address': {'street': 'Lichfield'}}
{'address': {'street': 'Lichfield'}}
{'address': {'street': 'Lichfield'}}
{'address': {'street': 'Lichfield'}}
{'address': {'street': 'Lichfield'}}
{'address': {'street': 'Lichfield'}}
{'address': {'street': 'Lichfield'}}
{'address': {'street': 'Lichfield'}}
{'address': {'street': 'Lichfield'}}
{'address': {'street': 'Lichfield'}}
{'address': {'street': 'Briarcliffe'}}
{'address': {'street': 'Lichfield'}}
{'address': {'street': 'Packard Road'}}
{'address': {'street': 'Briarcliffe'}}
{'address': {'street': 'Packard Road'}}
{'address': {'street': 'Lichfield'}}
{'address': {'street': 'Stone School Road'}}
{'address': {'street': 'Packard Road'}}
{'address': {'street': 'Stone School Road'}}
{'address': {'street': 'Stone School Road'}}
{'address': {'street': 'Lichfield'}}
{'address': {'street': 'Briarcliffe'}}
{'address': {'street': 'Packard Road'}}
{'address': {'street': 'Briarcliffe'}}
{'address': {'street': 'Stone School Road'}}
{'address': {'street': 'Briarcliffe'}}
{'address': {'street': 'Briarcliffe'}}
{'address': {'street': 'Briarcliffe'}}
{'address': {'street': 'Briarcliffe'}}
{'address': {'street': 'Briarcliffe'}}
{'address': {'street': 'Briarcliffe'}}
{'address': {'street': 'Briarcliffe'}}
{'address': {'street': 'Stone School Road'}}
{'address': {'street': 'Briarcliffe'}}
{'address': {'street': 'Stone School Road'}}
{'address': {'street': 'Briarcliffe'}}
{'address': {'street': 'Briarcliffe'}}
{'address': {'street': 'Woodstock'}}
{'address': {'street': 'Briarcliffe'}}
{'address': {'street': 'Briarcliffe'}}
{'address': {'street': 'Stone School Road'}}
{'address': {'street': 'Briarcliffe'}}
{'address': {'street': 'Woodstock'}}
{'address': {'street': 'Woodstock'}}
{'address': {'street': 'Briarcliffe'}}
{'address': {'street': 'Woodstock'}}
{'address': {'street': 'Woodstock'}}
{'address': {'street': 'W Eight Mile'}}
{'address': {'street': 'W Eight Mile'}}
{'address': {'street': 'W Eight Mile'}}
{'address': {'street': 'Woodstock'}}
{'address': {'street': 'Woodstock'}}
{'address': {'street': 'W Eight Mile'}}
{'address': {'street': 'W Eight Mile'}}
{'address': {'street': 'Woodstock'}}
{'address': {'street': 'Woodstock'}}
{'address': {'street': 'Woodstock'}}
{'address': {'street': 'Woodstock'}}
{'address': {'street': 'Woodstock'}}
{'address': {'street': 'Woodstock'}}
{'address': {'street': 'Woodstock'}}
{'address': {'street': 'Woodstock'}}
{'address': {'street': 'Woodstock'}}
{'address': {'street': 'Woodstock'}}
{'address': {'street': 'Woodstock'}}
{'address': {'street': 'Woodstock'}}
{'address': {'street': 'Woodstock'}}
{'address': {'street': 'Woodstock'}}
{'address': {'street': 'Woodstock'}}
{'address': {'street': 'W Eight Mile'}}
{'address': {'street': 'W Eight Mile'}}
{'address': {'street': 'W Eight Mile'}}
{'address': {'street': 'W Eight Mile'}}
{'address': {'street': 'W Eight Mile'}}
{'address': {'street': 'W Eight Mile'}}
{'address': {'street': 'W Eight Mile'}}
{'address': {'street': 'W Eight Mile'}}
{'address': {'street': 'Woodstock'}}
{'address': {'street': 'Woodstock'}}
{'address': {'street': 'W Eight Mile'}}
{'address': {'street': 'W Eight Mile'}}
{'address': {'street': 'Woodstock'}}
{'address': {'street': 'Woodstock'}}
{'address': {'street': 'W Eight Mile'}}
{'address': {'street': 'W Eight Mile'}}
{'address': {'street': 'W Eight Mile'}}
{'address': {'street': 'Woodstock'}}
{'address': {'street': 'Woodstock'}}
{'address': {'street': 'Woodstock'}}
{'address': {'street': 'Woodstock'}}
{'address': {'street': 'Woodstock'}}
{'address': {'street': 'Woodstock'}}
{'address': {'street': 'Woodstock'}}
{'address': {'street': 'Woodstock'}}
{'address': {'street': 'Woodstock'}}
{'address': {'street': 'Woodstock'}}
{'address': {'street': 'Woodstock'}}
{'address': {'street': 'Woodstock'}}
{'address': {'street': 'Woodstock'}}
{'address': {'street': 'Woodstock'}}
{'address': {'street': 'Woodstock'}}
{'address': {'street': 'Woodstock'}}
{'address': {'street': 'Woodstock'}}
{'address': {'street': 'Woodstock'}}
{'address': {'street': 'Woodstock'}}
{'address': {'street': 'Woodstock'}}
{'address': {'street': 'Woodstock'}}
{'address': {'street': 'Woodstock'}}
{'address': {'street': 'W Eight Mile'}}
{'address': {'street': 'W Eight Mile'}}
{'address': {'street': 'Woodstock'}}
{'address': {'street': 'Woodstock'}}
{'address': {'street': 'W Eight Mile'}}
{'address': {'street': 'W Eight Mile'}}
{'address': {'street': 'W Eight Mile'}}
{'address': {'street': 'Woodstock'}}
{'address': {'street': 'Woodstock'}}
{'address': {'street': 'W Eight Mile'}}
{'address': {'street': 'W Eight Mile'}}
{'address': {'street': 'Woodstock'}}
{'address': {'street': 'W Eight Mile'}}
{'address': {'street': 'W Eight Mile'}}
{'address': {'street': 'W Eight Mile'}}
{'address': {'street': 'Woodstock'}}
{'address': {'street': 'Woodstock'}}
{'address': {'street': 'W Eight Mile'}}
{'address': {'street': 'Woodstock'}}
{'address': {'street': 'Woodstock'}}
{'address': {'street': 'Woodstock'}}
{'address': {'street': 'Woodstock'}}
{'address': {'street': 'Woodstock'}}
{'address': {'street': 'Washtenaw Avenue'}}
{'address': {'street': 'Packard Road'}}
{'address': {'street': 'Packard Road'}}
{'address': {'street': 'Woodstock'}}
{'address': {'street': 'Packard Road'}}
{'address': {'street': 'Packard Road'}}
{'address': {'street': 'Packard Road'}}
{'address': {'street': 'Packard Road'}}
{'address': {'street': 'Packard Road'}}
{'address': {'street': 'Woodstock'}}
{'address': {'street': 'Woodstock'}}
{'address': {'street': 'Woodstock'}}
{'address': {'street': 'Woodstock'}}
{'address': {'street': 'Woodstock'}}
{'address': {'street': 'Woodstock'}}
{'address': {'street': 'Woodstock'}}
{'address': {'street': 'Woodstock'}}
{'address': {'street': 'Platt Road'}}
{'address': {'street': 'Huron Parkway'}}
{'address': {'street': 'Woodstock'}}
{'address': {'street': 'Platt Road'}}
{'address': {'street': 'Platt Road'}}
{'address': {'street': 'Platt Road'}}
{'address': {'street': 'Platt Road'}}
{'address': {'street': 'Washtenaw Avenue'}}
{'address': {'street': 'Huron Parkway'}}
{'address': {'street': 'Huron Parkway'}}
{'address': {'street': 'Champagne Drive'}}
{'address': {'street': 'Stone School Road'}}
{'address': {'street': 'West Liberty Road'}}
{'address': {'street': 'Woodstock'}}
{'address': {'street': 'Woodstock'}}
{'address': {'street': 'Woodstock'}}
{'address': {'street': 'Woodstock'}}
{'address': {'street': 'Woodstock'}}
{'address': {'street': 'Packard Road'}}
{'address': {'street': 'Walnut Street'}}
{'address': {'street': 'Glengarry Avenue'}}
{'address': {'street': 'Aylmer Avenue'}}
{'address': {'street': 'Carpenter Road'}}
{'address': {'street': 'Oakman Boulevard'}}
{'address': {'street': 'Stout Street'}}
{'address': {'street': 'East Jefferson Avenue'}}
{'address': {'street': 'Schoolcraft Street'}}
{'address': {'street': 'Wyoming Street'}}
{'address': {'street': 'West Warren Avenue'}}
{'address': {'street': 'Walnut Street'}}
{'address': {'street': 'Plaza Drive'}}
{'address': {'street': 'Plaza Drive'}}
{'address': {'street': 'Plaza Drive'}}
{'address': {'street': 'Plaza Drive'}}
{'address': {'street': 'Plaza Drive'}}
{'address': {'street': 'Plaza Drive'}}
{'address': {'street': 'Plaza Drive'}}
{'address': {'street': 'Plaza Drive'}}
{'address': {'street': 'Plaza Drive'}}
{'address': {'street': 'Plaza Drive'}}
{'address': {'street': 'Plaza Drive'}}
{'address': {'street': 'Plaza Drive'}}
{'address': {'street': 'Plaza Drive'}}
{'address': {'street': 'Plaza Drive'}}
{'address': {'street': 'Plaza Drive'}}
{'address': {'street': 'Plaza Drive'}}
{'address': {'street': 'Plaza Drive'}}
{'address': {'street': 'Plaza Drive'}}
{'address': {'street': 'Plaza Drive'}}
{'address': {'street': 'Plaza Drive'}}
{'address': {'street': 'South Mansfield Street'}}
{'address': {'street': 'South Mansfield Street'}}
{'address': {'street': 'South Mansfield Street'}}
{'address': {'street': 'South Mansfield Street'}}
{'address': {'street': 'South Mansfield Street'}}
{'address': {'street': 'South Mansfield Street'}}
{'address': {'street': 'South Mansfield Street'}}
{'address': {'street': 'South Mansfield Street'}}
{'address': {'street': 'South Mansfield Street'}}
{'address': {'street': 'South Mansfield Street'}}
{'address': {'street': 'South Mansfield Street'}}
{'address': {'street': 'South Mansfield Street'}}
{'address': {'street': 'South Mansfield Street'}}
{'address': {'street': 'South Mansfield Street'}}
{'address': {'street': 'South Mansfield Street'}}
{'address': {'street': 'South Mansfield Street'}}
{'address': {'street': 'Plaza Drive'}}
{'address': {'street': 'Plaza Drive'}}
{'address': {'street': 'Airport Boulevard'}}
{'address': {'street': 'Airport Boulevard'}}
{'address': {'street': 'Airport Boulevard'}}
{'address': {'street': 'Airport Boulevard'}}
{'address': {'street': 'Airport Boulevard'}}
{'address': {'street': 'Airport Boulevard'}}
{'address': {'street': 'South State Street'}}
{'address': {'street': 'South State Street'}}
{'address': {'street': 'South State Street'}}
{'address': {'street': 'South State Street'}}
{'address': {'street': 'Platt Road'}}
{'address': {'street': 'Ситничка'}}
{'address': {'street': 'улица Пирогова'}}
{'address': {'street': 'улица Пирогова'}}
{'address': {'street': 'улица Пирогова'}}
{'address': {'street': 'Buchberger Straße'}}
{'address': {'street': 'South Mansfield Street'}}
{'address': {'street': 'Woodward Avenue'}}
{'address': {'street': 'Woodward Avenue'}}
{'address': {'street': 'Southfield Service Drive'}}
{'address': {'street': 'John Street'}}
{'address': {'street': 'Donaldson Drive'}}
{'address': {'street': 'Southfield Freeway'}}
{'address': {'street': 'Murfin Avenue'}}
{'address': {'street': 'West Chicago Street'}}
{'address': {'street': 'Cram Place'}}
{'address': {'street': 'Murfin Avenue'}}
{'address': {'street': 'Murfin Avenue'}}
{'address': {'street': 'Murfin Avenue'}}
{'address': {'street': 'East Eisenhower Parkway'}}
{'address': {'street': 'Lafayette Street East'}}
{'address': {'street': 'Platt Road'}}
>>> 