[('Gone', 948046),
 ('woodpeck_fixbot', 675089),
 ('CanvecImports', 339384),
 ('DougPeterson', 323863),
 ('maxerickson', 92133),
 ('a_white', 58906),
 ('bot-mode', 54207),
 ('jonesydesign', 53373),
 ('Aibara', 50860),
 ('c0nsumer', 48167),
 ('YalCat', 47778),
 ('AaronAsAChimp', 45804),
 ('fuego', 42154),
 ('mjulius', 41813),
 ('markscalf', 41776),
 ('Rub21', 38683),
 ('gregcrago', 31833),
 ('miqrogroove', 30190),
 ('MichaelGSmith', 28686),
 ('matteditmsts', 28227),
 ('dotsoa', 25300),
 ('arunkb', 24469),
 ('PeterEastern', 18765),
 ('TIGERcnl', 18634),
 ('PurpleMustang', 18630),
 ('mapper377', 17568),
 ('jmcbroom', 14357),
 ('wolfgang8741', 13412),
 ('nkorth', 13239),
 ('bbmiller', 12890),
 ('MBRGuru', 12494),
 ('Gary_H', 11662),
 ('techlady', 11375),
 ('andrewpmk', 11103),
 ('Yeliena', 9922),
 ('DaveHansenTiger', 9384),
 ('ediyes', 9046),
 ('dexterslu', 9013),
 ('Zenkin', 9012),
 ('varnav', 8993),
 ('wsp', 8965),
 ('dfstorm', 8499),
 ('smlyons77', 8085),
 ('geobase_peterson', 7969),
 ('KristenK', 7661),
 ('iKJames', 7451),
 ('NHD edits', 7445),
 ('MikeyCarter', 6985),
 ('jaeger1957', 6936),
 ('dogblog', 6588),
 ('jerjozwik', 6580),
 ('DaveEMan', 6427),
 ('gman122889', 6288),
 ('abgandar', 6162),
 ('nopyet', 6118),
 ('tylere', 6046),
 ('Chaimon', 5811),
 ('Skybunny', 5525),
 ('KindredCoda', 5512),
 ('Allen Ormond', 5320),
 ('Vox Sapiens', 5298),
 ('lancaster_od', 5271),
 ('leppekmi', 5252),
 ('Thad C', 5187),
 ('AndrewBuck', 4922),
 ('pringle', 4870),
 ('KayAhNu', 4633),
 ('mihaii_telenav', 4548),
 ('black_bike', 4513),
 ('JoshuaKGarner', 4460),
 ('mccord42', 4122),
 ('NE2', 4010),
 ('zephyr', 3988),
 ('BHa', 3882),
 ('mkarau', 3853),
 ('Maskulinum', 3817),
 ('Zartbitter', 3772),
 ('soonerbh', 3771),
 ('Dami_Tn', 3740),
 ('wbenmeek', 3689),
 ('zoomzoom7', 3527),
 ('MikeChuck', 3526),
 ('cassini83', 3485),
 ('winlemski', 3385),
 ('DanJSY', 3238),
 ('Bootprint', 3181),
 ('RichRico', 3160),
 ('jrgleiser', 3090),
 ('onlkdaa', 3068),
 ('thevirginian', 2960),
 ('OSMF Redaction Account', 2843),
 ('NixillUmbreon', 2813),
 ('David F', 2779),
 ('ChrisBessert', 2740),
 ('CTFMoN', 2723),
 ('mgoe', 2704),
 ('AndrewSnow', 2566),
 ('mateov', 2562),
 ('bdiscoe', 2539),
 ('iandees', 2534),
 ('matt hampel', 2452),
 ('Tom Layo', 2439),
 ('Tom_Holland', 2407),
 ('pvanwylen', 2389),
 ('ËdzëronK', 2385),
 ('Jemma', 2227),
 ('aarp65', 2196),
 ('softex', 2082),
 ('rickmastfan67', 2068),
 ('BottleRocket', 2067),
 ('ChrisZontine', 2056),
 ('samely', 2053),
 ('James33', 2031),
 ('YMFawaz', 1941),
 ('Cato_d_Ae', 1887),
 ('mjacks144', 1884),
 ('dannykath', 1859),
 ('Johnny Mapperseed', 1833),
 ('YvettevdV', 1826),
 ('chocholatemuffinbear', 1797),
 ('brianh', 1781),
 ('TeeDee55', 1761),
 ('Luis36995', 1727),
 ('auto32090958', 1709),
 ('Oreg', 1671),
 ('ATeam42', 1593),
 ('rolandg', 1540),
 ('gradient_drift', 1527),
 ('copystar', 1496),
 ('sadam', 1459),
 ('Warhobbit', 1450),
 ('SK53', 1428),
 ('42429', 1422),
 ('calfarome', 1385),
 ('ma-rt-in', 1366),
 ('Mad Boater', 1360),
 ('Tom Morris', 1359),
 ('YaZug', 1345),
 ('Yorvik Prestigitator', 1329),
 ('Chevy07', 1323),
 ('Biff', 1253),
 ('Pnrrth', 1237),
 ('Dan Yeaw', 1202),
 ('Howard Abbey', 1189),
 ('abel801', 1184),
 ('KaleenaSawyer', 1141),
 ('karitotp', 1137),
 ('John Peterson', 1117),
 ('malcolmh', 1086),
 ('TristanA', 1082),
 ('ipodolsk', 1068),
 ('florinbadita_telenav', 1031),
 ('kentix', 1017),
 ('daniels220', 975),
 ('Caboosey', 963),
 ('Geogast', 960),
 ('ggariepy', 958),
 ('BranchLine', 921),
 ('Timothy Smith', 904),
 ('darlingm', 894),
 ('ChrisSmit', 890),
 ('sivart', 887),
 ('Douglas Lu', 877),
 ('Jonathan ZHAO', 868),
 ('hofoen', 829),
 ('geobase_stevens', 824),
 ('fbax', 808),
 ('gabis_telenav', 805),
 ('freebeer', 803),
 ('sh4ring4n', 800),
 ('Koichi Okada', 755),
 ('Jothirnadh', 740),
 ('SamAnn', 715),
 ('gfant', 706),
 ('marinad_telenav', 691),
 ('Geofalke', 679),
 ('Circuit_Rider', 675),
 ('kdub432', 668),
 ('vonvonvon', 647),
 ('PHerison', 646),
 ('sayno2quat', 642),
 ('cmadler', 642),
 ('jptolosa87', 640),
 ('khaimong', 639),
 ('lsmex', 637),
 ('rgtXplor', 617),
 ('asdf1234', 616),
 ('thetornado76', 610),
 ('StellanL', 604),
 ('Peter Beard', 595),
 ('rw__', 593),
 ('Jedrzej Pelka', 582),
 ('Tybi', 577),
 ('elliskev', 564),
 ('Omnific', 558),
 ('erjiang', 554),
 ('mvexel', 553),
 ('pieleric', 550),
 ('Sundance', 548),
 ('DetroitPretty1', 540),
 ('djana', 539),
 ('user_5359', 529),
 ('GITNE', 526),
 ('andygol', 525),
 ('Tiffany_V', 513),
 ('eggwhites', 509),
 ('California Bear', 505),
 ('pnorman redaction revert', 497),
 ('baditaflorin', 484),
 ('MarkAA', 483),
 ('AV31', 483),
 ('neuhausr', 479),
 ('eric22', 476),
 ('girivs', 470),
 ('Sebastien April', 466),
 ('amherstburg', 447),
 ('Rps333', 440),
 ('paulmach', 437),
 ('amillar', 433),
 ('DenisCarriere', 431),
 ('sup3rk', 428),
 ('Matt1993', 426),
 ('tdlrali', 423),
 ('cadamsfour', 422),
 ('davidearl', 418),
 ('chdr', 416),
 ('Tom O', 415),
 ('werner2101', 415),
 ('fx99', 409),
 ('tyler', 408),
 ('Becki Kenderes', 400),
 ('oldtopos', 398),
 ('MikeN', 392),
 ('wvdp', 384),
 ('dkdance100', 377),
 ('WernerP', 376),
 ('howdystranger', 374),
 ('ceth_A', 372),
 ('alexbhill', 372),
 ('malenki', 370),
 ('ruthmaben', 362),
 ('Peter14', 360),
 ('svance92', 351),
 ('srividya_c', 338),
 ('egore911', 337),
 ('robgeb', 335),
 ('Md Alamgir', 334),
 ('Chicago Park District GIS', 330),
 ('JMap11', 328),
 ('flierfy', 326),
 ('Marcussis', 321),
 ('fredjunod', 321),
 ('justinsulpico', 317),
 ('RocketMan', 316),
 ('Chris Charlopov', 307),
 ('mayar', 307),
 ('jumbanho', 305),
 ('robertstack', 304),
 ('geoprof101', 289),
 ('eil', 285),
 ('Little Brother', 285),
 ('Dave-o-rama', 282),
 ('jwinfield', 281),
 ('ramyaragupathy', 280),
 ('650597', 276),
 ('mannequinZOD', 275),
 ('jacobbraeutigam', 274),
 ('TorhamZed', 270),
 ('craigf', 266),
 ('NayanataraM', 263),
 ('jpx_', 260),
 ('myzmerah', 260),
 ('eddyg', 259),
 ('plaguex1', 258),
 ('nbt01', 256),
 ('rfrolich', 256),
 ('leuty', 255),
 ('jldailey', 254),
 ('jremillard', 254),
 ('Opeloli', 249),
 ('creade', 246),
 ('ansis', 244),
 ('ATierney', 244),
 ('jinalfoflia', 242),
 ('Jason Pomerleau', 241),
 ('Troy O M', 241),
 ('AlphaRasmus', 239),
 ('rowers2', 238),
 ('PierceODonnell', 237),
 ('reunify_aarti', 235),
 ('uzmphantom', 233),
 ('m_fl', 232),
 ('Jeff Payne', 229),
 ('bmapper123', 224),
 ('uboot', 223),
 ('SimonPoole', 222),
 ('mindB', 218),
 ('sstock', 212),
 ('bdimcheff', 211),
 ('Chetan_Gowda', 211),
 ('noliver', 211),
 ('lcmortensen', 206),
 ('josephmacrae', 206),
 ('nm7s9', 205),
 ('f00bar', 202),
 ('greggerm', 202),
 ('DLichti', 201),
 ('codeThatThinks', 200),
 ('pnm', 199),
 ('ETH', 198),
 ('Wingspam313', 197),
 ('OSMike', 197),
 ('HolgerJeromin', 192),
 ('rshin', 191),
 ('Carl Osterwisch', 191),
 ('LXT', 189),
 ('marqw', 186),
 ('MoonshineFiesta', 184),
 ('Roberto Benitez', 182),
 ('BillTabbert', 182),
 ('RoadGeek_MD99', 181),
 ('tukanuk', 180),
 ('danbjoseph', 178),
 ('CartographerAaron', 178),
 ('TheC4pt', 177),
 ('amm', 176),
 ('kennard42', 176),
 ('Qian Zhao', 174),
 ('homeslice60148', 172),
 ('shiva05', 171),
 ('Claire Nowak-Boyd', 167),
 ('hno2', 163),
 ('GolflerJP', 162),
 ('rsmamm', 162),
 ('Hawa Adinani', 162),
 ('bmb296', 162),
 ('Jarve1024', 162),
 ('james8513', 161),
 ('unforgiven24', 160),
 ('tommercier', 159),
 ('wegavision', 155),
 ('GerdP', 154),
 ('Paul Johnson', 152),
 ('Penguin929', 151),
 ('ADSLLC', 151),
 ('C_H', 150),
 ('Tim Bugai', 143),
 ('woodpeck_repair', 143),
 ('kamal_1jr', 140),
 ('Darsh', 136),
 ('Ralph124c41+', 135),
 ('stucki1', 134),
 ('allenite', 133),
 ('Silent Cartographer', 132),
 ('maxolasersquad', 127),
 ('Nate_Wessel', 127),
 ('Dereck1701', 126),
 ('JB82', 124),
 ('dr ingrid', 123),
 ('Aarre', 123),
 ('djamwolfe', 122),
 ('DennisL', 121),
 ('JasonWoof', 120),
 ('OntarioEditor', 115),
 ('PlaneMad', 115),
 ('jtkkym', 114),
 ('wasat', 113),
 ('Hurc', 113),
 ('Chris Lawrence', 112),
 ('benjamin_laframboise', 110),
 ('Cerritus', 110),
 ('pratikyadav', 109),
 ('clschnei', 107),
 ('dkwolf', 107),
 ('TNTabaka', 107),
 ('aarthy', 106),
 ('trolleway', 105),
 ('Aquarius47', 105),
 ('joesphroth', 105),
 ('Rollercoasters', 105),
 ('RalfZ', 104),
 ('mizts', 104),
 ('CyrusDreams', 104),
 ('shravan91', 103),
 ('Tim Kiser', 103),
 ('chewey', 102),
 ('dmgroom_ct', 101),
 ('ruph', 101),
 ('dbaron', 98),
 ('Eric Godwin', 98),
 ('bbde1604', 96),
 ('steverumizen', 96),
 ('mapper999', 96),
 ('moniquaj', 96),
 ('bottem', 96),
 ('VMeyer', 96),
 ('Sven L', 95),
 ('NE3', 93),
 ('skorasaurus', 93),
 ('thegeneral14', 92),
 ('DoubleA', 90),
 ('Iowa Kid', 90),
 ('Meersbrook', 90),
 ('sixela_det', 89),
 ('JoshL2', 88),
 ('Mr_Hero', 88),
 ('EliziR', 88),
 ('KemoNine', 87),
 ('Hjart', 85),
 ('KIngaJOnes', 85),
 ('datalibrarian_um', 85),
 ('iddi_chazua', 84),
 ('Timothyshawnh', 84),
 ('PhilipReed', 84),
 ('broadral', 84),
 ('dlp112', 83),
 ('Minh Nguyen', 83),
 ('fantom1979', 82),
 ('Ludman', 81),
 ('Sparky5698', 80),
 ('Pierre-Alain Dorange', 79),
 ('Aaron Lidman', 79),
 ('RoadRelationEdits', 79),
 ('nfgusedautoparts', 79),
 ('Serzhanya', 78),
 ('tmcw', 78),
 ('dchiles', 77),
 ('ingalls_imports', 77),
 ('detroiter2', 77),
 ('HLJames', 75),
 ('JimGumm', 75),
 ('Aye Aye Niang', 75),
 ('Biggerfisch', 74),
 ('aqalieh', 74),
 ('DiWo', 73),
 ('sheridp', 73),
 ('jongleur1983', 73),
 ('rw_', 72),
 ('kugelfiesch', 71),
 ('Windsortenor', 71),
 ('venerdi', 71),
 ('xybot', 70),
 ('cgu66', 70),
 ('cntrfeit', 70),
 ('Randy WF5X', 70),
 ('Tom_Blassick', 69),
 ('h4ck3rm1k3', 69),
 ('vademecum', 68),
 ('gaurdro', 67),
 ('60Hz', 67),
 ('richlv', 67),
 ('nxf5061', 67),
 ('RachaelD', 67),
 ('Mike Depa', 66),
 ('B00MeR', 66),
 ('MParthum', 65),
 ('TGersh', 65),
 ('JoshInMotion', 65),
 ('akasUIC', 65),
 ('Jean-Marc Liotier', 64),
 ('jotzt', 64),
 ('aa355', 64),
 ('jimshoward', 64),
 ('Verm', 63),
 ('SteveDorries', 62),
 ('mapdiger', 62),
 ('Art Smith', 62),
 ('Guy Beels', 62),
 ('Erk12', 62),
 ('rmagyar13', 61),
 ('MapWes', 61),
 ('The Great JC', 61),
 ('sch0052', 60),
 ('Stepen Bawks', 60),
 ('mplen', 59),
 ('Edward Vielmetti', 59),
 ('James1200', 59),
 ('Czmartin', 58),
 ('Constable', 58),
 ('michetti_n', 57),
 ('NovineGuy', 57),
 ('stevens', 56),
 ('Kerstin76', 56),
 ('juwiuk', 56),
 ('ToeBee', 55),
 ('lonsbury', 55),
 ('TD_TrackM2M', 55),
 ('XPO Logistics - Lastmile', 55),
 ('mauns', 54),
 ('Geoff68', 54),
 ('OldIvantey', 54),
 ('ilduce', 53),
 ('zlh', 53),
 ('MGH', 53),
 ('Lightning', 52),
 ('JBotAlan', 52),
 ('flode', 52),
 ('toledospod', 52),
 ('towntw', 51),
 ('kay_D', 51),
 ('bicyclechica', 51),
 ('Victor Bielawski', 51),
 ('R0bst3r', 51),
 ('mcwetboy', 50),
 ('n8vi', 50),
 ('Yoshinion', 50),
 ('purpleduck', 50),
 ('huldsfred', 50),
 ('joshparnham', 49),
 ('SomeoneElse', 49),
 ('Edward', 48),
 ('Richard', 48),
 ('Srikanth07', 48),
 ('Echo Echo', 47),
 ('meddelem', 47),
 ('daneah', 47),
 ('Pleabargain', 47),
 ('花间饮酒', 46),
 ('jazztunes', 46),
 ('canopyleeper', 46),
 ('Stonefoot', 46),
 ('Vid the Kid', 46),
 ('OwenLA7QZ', 46),
 ('stickybombs', 45),
 ('Menrado mushi', 44),
 ('dtlehmai', 43),
 ('SomeoneElse_Revert', 43),
 ('comFreeOntario', 42),
 ('avi32', 42),
 ('Geospizinae', 42),
 ('bgutenschwager', 42),
 ('Muxlow', 41),
 ('The_Tom', 41),
 ('Hbriddick', 41),
 ('bdustan', 41),
 ('banancanard', 41),
 ('dkratzert', 41),
 ('Vintagejhan', 41),
 ('CcCcWw', 40),
 ('hvkonly', 40),
 ('patodiez', 40),
 ('Unusual User Name', 39),
 ('w1n5ton', 39),
 ('AJFAIX', 39),
 ('0x300', 38),
 ('pezespe', 38),
 ('ashebs', 38),
 ('dmogle', 38),
 ('geobrando', 38),
 ('SahR', 38),
 ('pfgis', 38),
 ('CloCkWeRX', 38),
 ('DanHomerick', 37),
 ('G-Wiz', 37),
 ('Osawat', 37),
 ('RetiredInNH', 37),
 ('DrewLuke97', 37),
 ('Mclean A', 36),
 ('Taroc', 35),
 ('TEG24601', 35),
 ('Graham Fawcett', 35),
 ('Hobgoblin', 35),
 ('Med', 35),
 ('sunnytimes', 35),
 ('CeilinBoots', 34),
 ('S0L0M', 34),
 ('David DiMeo', 34),
 ('carstenapplegate', 34),
 ('hobbesvsboyle', 34),
 ('scruss', 34),
 ('mosartus', 33),
 ('David Bradshaw', 33),
 ('jjjohnson81', 33),
 ('mdk', 33),
 ('bgirardot', 33),
 ('Amanda G', 33),
 ('hermann106', 33),
 ('CoreyS92', 33),
 ('Göach', 32),
 ('gormur', 32),
 ('johnarobb', 32),
 ('fvkoss', 32),
 ('y2Kia', 31),
 ('MilaZ', 31),
 ('jcplantin', 31),
 ('eltiar', 31),
 ('kschillz', 30),
 ('paigedunn16', 30),
 ('xeen', 30),
 ('TonyMa', 30),
 ('eggo', 30),
 ('PhilR8', 30),
 ('prn', 30),
 ('Katei', 30),
 ('Essin', 30),
 ('IHoogland', 29),
 ('anaist', 29),
 ('beej71', 29),
 ('David & Christine Schmitt', 29),
 ('Impeccable Husky', 29),
 ('zeromap', 28),
 ('Bryce C Nesbitt', 28),
 ('jonroger', 28),
 ('daniwilson', 28),
 ('jedt456', 28),
 ('adbrown', 28),
 ('kerosin', 27),
 ('corfedeimport', 27),
 ('Michael Pelletier', 27),
 ('jtallant', 27),
 ('JeffM8', 27),
 ('FrancisOliver', 27),
 ('mappy123', 27),
 ('Glucosamine', 27),
 ('Pink Duck', 27),
 ('nbbrightmoor', 26),
 ('pavlina88', 26),
 ('mmckern1', 26),
 ('wambacher', 26),
 ('Andre68', 26),
 ('TomT5454', 26),
 ('FvGordon', 26),
 ('Bre_led', 26),
 ('jabali', 26),
 ('Brett McDonald', 26),
 ('drewk54', 26),
 ('DCTransit', 26),
 ('makmar', 26),
 ('gowingz', 25),
 ('AJ_LA', 25),
 ('pilom', 25),
 ('Rolis666', 25),
 ('j3d', 25),
 ('LBertsch', 25),
 ('sphil', 25),
 ('matthieun', 24),
 ('meihou', 24),
 ('Supaplex', 24),
 ('Frank Warmerdam', 24),
 ('etu', 24),
 ('ydrgbjo', 24),
 ('brianboru', 24),
 ('hufgardm', 24),
 ('theophrastos', 24),
 ('Ammori', 23),
 ('tkhauser', 23),
 ('rayquaza', 23),
 ('Hollows', 23),
 ('hska-1115-21', 23),
 ('mrrabaut', 23),
 ('fc2026', 22),
 ('Cetusek', 22),
 ('gfish', 22),
 ('salix01', 22),
 ('Zverik', 22),
 ('isabellekh', 22),
 ('dirkmunson', 22),
 ('kisaa', 22),
 ('kbruck', 22),
 ('TomHynes', 22),
 ('davem', 22),
 ('Tisaner', 22),
 ('Crypto Willy', 22),
 ('pkoby', 22),
 ('blackadder', 22),
 ('Drewbo', 22),
 ('ammille3', 22),
 ('Theodin', 22),
 ('sashazykov', 22),
 ('UncleMiltie', 21),
 ('hfyu', 21),
 ('exxos', 21),
 ('glibbertorsten', 21),
 ('polarisman1', 21),
 ('Sebastien Duthil', 21),
 ('Christian Madsen', 21),
 ('maggot27', 21),
 ('Marty101', 21),
 ('raykendo', 21),
 ('sporath', 21),
 ('zstadler', 21),
 ('MarkusHD', 21),
 ('lyzidiamond', 21),
 ('pschonmann', 21),
 ('jberube', 20),
 ('Herbert oscar ngowoko', 20),
 ('bigalxyz123', 20),
 ('dachefte', 20),
 ('Oluwaseun Egbinola', 20),
 ('TheSwavu', 20),
 ('sanibel sun', 20),
 ('Dan@CTRE', 20),
 ('lyx', 20),
 ('Bammer', 19),
 ('Chrisaknight', 19),
 ('bgoodma2', 19),
 ('derFred', 19),
 ('bulzor14', 19),
 ('maigel', 19),
 ('andwil', 19),
 ('rburchart', 19),
 ('WesTapp', 19),
 ('vanagaudi', 19),
 ('m902', 19),
 ('spod', 19),
 ('Nichole4and', 19),
 ('Jim_SpeedLine', 18),
 ('keysters', 18),
 ('caperrault', 18),
 ('bwarren', 18),
 ('remarr', 18),
 ('emacsen', 18),
 ('Gulrukh', 18),
 ('gerhard81', 18),
 ('Shmias', 18),
 ('mey2008', 18),
 ('wheelmap_visitor', 18),
 ('sdalecy', 18),
 ('chrislarson', 18),
 ('SuzanneSy', 18),
 ('FTA', 18),
 ('robbieonsea', 18),
 ('D363', 17),
 ('liebezeit', 17),
 ('sc71', 17),
 ('arfenarf', 17),
 ('datt', 17),
 ('Steven Vance', 17),
 ('Verdy_p', 17),
 ('Dave Mink', 17),
 ('ml32', 17),
 ('Seabass', 17),
 ('grr72', 17),
 ('Anubis85', 17),
 ('Hans-M-D-F-J-4', 17),
 ('BugBuster', 17),
 ('claytonbatko', 17),
 ('hca', 17),
 ('brogo', 16),
 ('Air Jay', 16),
 ('sammehta88', 16),
 ('Bill Tabbert', 16),
 ('Cinfol', 16),
 ('Astromanaught', 16),
 ('inas', 16),
 ('Timothy Fisher', 16),
 ('k4anders', 16),
 ('quackers', 16),
 ('Heinz_V', 16),
 ('Abou kachongo jr', 16),
 ('jillybean98', 16),
 ('tfischer', 16),
 ('merz', 16),
 ('reacher', 16),
 ('SpeedLineSupport', 16),
 ('pcman1985', 16),
 ('Jared Lombard', 16),
 ('TheDutchMan13', 15),
 ('Percy Jahn', 15),
 ('Greg Girty', 15),
 ('alexj_photo', 15),
 ('AM909', 15),
 ('davecons', 15),
 ('RunRunShow', 15),
 ('cmm', 15),
 ('ElliottPlack', 15),
 ('ManAboutCouch', 15),
 ('fareastsider', 15),
 ('Bruce H', 15),
 ('CLEMNIK', 15),
 ('Thomas8122', 15),
 ('rjackal', 15),
 ('aighes', 15),
 ('cityeditor1000', 14),
 ('Sudrien', 14),
 ('alexrudd', 14),
 ('danyeaw', 14),
 ('Amaroussi', 14),
 ('TCuller', 14),
 ('Solid_Cow', 14),
 ('jqpublic13', 14),
 ('ryan392', 14),
 ('claysmalley', 14),
 ('ecet', 14),
 ('shubhamj', 14),
 ('Julian S', 14),
 ('ebrelsford', 14),
 ('Natfoot', 14),
 ('Smithlu', 14),
 ('Shone Brooks', 14),
 ('BOUVIER', 14),
 ('OEG', 13),
 ('micechal', 13),
 ('Bitcointegration', 13),
 ('LeTopographeFou', 13),
 ('UniEagle', 13),
 ('choess', 13),
 ('happy5214', 13),
 ('reymiguel', 13),
 ('roc7', 13),
 ('Edgeman', 13),
 ('sandhya1', 13),
 ('Daroz', 13),
 ('osm-sputnik', 13),
 ('awvish', 13),
 ('binky99', 13),
 ('7of9', 13),
 ('robert', 13),
 ('Fabi2', 13),
 ('smooshyfacecat', 13),
 ('scclayt', 13),
 ('yoshitk', 13),
 ('ejrober', 13),
 ('Georgios_Pizza', 12),
 ('NoelB', 12),
 ('Aleks-Berlin', 12),
 ('DetroitDan', 12),
 ('Thorsten Engler', 12),
 ('elbatrop', 12),
 ('zjamespc', 12),
 ('Richard Mann', 12),
 ('Dinamik', 12),
 ('cassique', 12),
 ('Data411', 12),
 ('Be A Mapper', 12),
 ('Jorge Castro', 12),
 ('nilmini12s', 12),
 ('Davio', 12),
 ('mkrause272', 12),
 ('Miyafuji Yoshika', 12),
 ('jforbess', 12),
 ('RB1004', 12),
 ('nikhilprabhakar', 11),
 ('Zachy_P', 11),
 ('opoilpre', 11),
 ('mallous', 11),
 ('cantece', 11),
 ('arteku', 11),
 ('sdkjr', 11),
 ('lrcopp', 11),
 ('FrankVD', 11),
 ('MelanieOriet', 11),
 ('bahnpirat', 11),
 ('无聊的人', 11),
 ('hebolz', 11),
 ('JonS', 11),
 ('Robert Whittaker', 11),
 ('ewedistrict', 11),
 ('A3dEdw', 11),
 ('jpennycook', 11),
 ('bIN Tuji', 11),
 ('uk1967', 11),
 ('jonk', 11),
 ('Niels Beck', 11),
 ('Delta Driving', 10),
 ('RichardCorbin', 10),
 ('gregorisan', 10),
 ('1248', 10),
 ('T_9er', 10),
 ('Cop Goatulating', 10),
 ('mladerach', 10),
 ('dickies', 10),
 ('Brian@Brea', 10),
 ('Piet Venter', 10),
 ('adamos', 10),
 ('habi', 10),
 ('cleary', 10),
 ('mobilenavigator', 10),
 ('Longbow4u', 10),
 ('b_pub', 10),
 ('permute', 10),
 ('RussNelson', 10),
 ('jlaruwe', 10),
 ('BDT Pipe and Tobacco', 10),
 ('rad1ance', 10),
 ('uhlbach71', 10),
 ('EVonFriedland', 10),
 ('Marion Barry', 10),
 ('ReinholdR', 10),
 ('Walter Schlögl', 10),
 ('PHabermehl', 10),
 ('Parie', 10),
 ('mcgelb', 9),
 ('kirstenvollmar', 9),
 ('Rreini', 9),
 ('Rudy355', 9),
 ('joecacc', 9),
 ('craigloftus', 9),
 ('North American Highways', 9),
 ('dalek2point3', 9),
 ('MiSerg', 9),
 ('David Speakman', 9),
 ('Igor Sharovar', 9),
 ('b3rogers', 9),
 ('Ropino', 9),
 ('madnag4u', 9),
 ('Mercator', 9),
 ('Snusmumriken', 9),
 ('Steve', 9),
 ('DrCarrico', 9),
 ('eozy', 9),
 ('ForeverAmber', 9),
 ('talldave', 9),
 ('Andre Engels', 9),
 ('a z', 9),
 ('Władysław Komorek', 9),
 ('razor74', 9),
 ('Paul Berry', 9),
 ('kartler175', 9),
 ('Max--', 9),
 ('Po Ho Hibb', 9),
 ('503Greg', 9),
 ('theactualguy', 9),
 ('ckosuth', 9),
 ('lemba', 9),
 ('GordonFS', 9),
 ('MarkLD', 9),
 ('emacsen_dwg', 8),
 ('Gregory Titievsky', 8),
 ('MapRad', 8),
 ('ecatmur', 8),
 ('Michi', 8),
 ('badams', 8),
 ('awesomekimbos', 8),
 ('coleman', 8),
 ('seav', 8),
 ('Deanna Earley', 8),
 ('isheerin17', 8),
 ('padub', 8),
 ('David Rule', 8),
 ('1kcp', 8),
 ('BCNorwich', 8),
 ('Jay456', 8),
 ('null_radix', 8),
 ('ChrissW-R1', 8),
 ('Steven Klein', 8),
 ('Hedaja', 8),
 ('nuno_martins_ndrive', 8),
 ('endash', 8),
 ('AE35', 8),
 ('Niels Elgaard Larsen', 8),
 ('Denis Mack', 8),
 ('robecker', 8),
 ('keinseier', 8),
 ('Tom Voorheis', 8),
 ('Roadrunner21', 8),
 ('Glassman', 8),
 ('ephemere', 8),
 ('rumpelsocke', 8),
 ('berardcat', 8),
 ('MKnight', 8),
 ('mruk23', 8),
 ('Line Jockey', 7),
 ('GuyBeels', 7),
 ('Krille von Stralau', 7),
 ('PealRinger', 7),
 ('zjenks', 7),
 ('samuraidrive', 7),
 ('maxx2496', 7),
 ('luschi', 7),
 ('jaakkoh', 7),
 ('samsung galaxy s6', 7),
 ('okilimu', 7),
 ('skquinn', 7),
 ('Robin Ballew', 7),
 ('Gary LaPointe', 7),
 ('supercaliber64', 7),
 ('Veronica W', 7),
 ('tuckyd', 7),
 ('zors1843', 7),
 ('Fertus', 7),
 ('SDGA99', 7),
 ('Mr RSM', 7),
 ('drovalet', 7),
 ('jokoala', 7),
 ('Mauls', 7),
 ('Todd_Fadoir', 7),
 ('mrpulley', 7),
 ('3ric', 7),
 ('ulil', 7),
 ('Duncan Parkes', 7),
 ('ZachB', 7),
 ('raymond  benedict', 7),
 ('Nakaner', 7),
 ('AUforester', 7),
 ('Commander Shepard', 7),
 ('Mik nik', 7),
 ('maptiga', 7),
 ('Chris Baines', 7),
 ('w8fsm', 7),
 ('JamesTheElder', 7),
 ('Virgile1994', 7),
 ('bastibay', 7),
 ('fajoli', 7),
 ('jdj586', 7),
 ('Emilieex', 7),
 ('APizzini', 7),
 ('PlannerDude', 7),
 ('aalu', 7),
 ('kc8ufv', 7),
 ('Skippern', 7),
 ('muramototomoya', 6),
 ('Vedran V', 6),
 ('NoAmmo', 6),
 ('cquest', 6),
 ('EIjas', 6),
 ('Jeffrey Drake', 6),
 ('Karaokehaianh', 6),
 ('roadpan', 6),
 ('soph714', 6),
 ('bullmap', 6),
 ('sarahshearer', 6),
 ('MaddogsCreations', 6),
 ('Holmquest', 6),
 ('ocanada', 6),
 ('Manu1400', 6),
 ('siberiano', 6),
 ('zehpunktbarron', 6),
 ('benito01', 6),
 ('Harry Wood', 6),
 ('Sarahh', 6),
 ('mhwarfield', 6),
 ('niten', 6),
 ('s*m*a*r*t*b*r*a*t', 6),
 ('wannabecyclist', 6),
 ('Jake Strine', 6),
 ('kriscarle', 6),
 ('wderksen98', 6),
 ('A-KAI', 6),
 ('JAM_1410', 6),
 ('BDMAN', 6),
 ('GeorgeKaplan', 6),
 ('volite', 6),
 ('Petemcl', 6),
 ('kwheelie', 6),
 ('Michael R James', 6),
 ('ryandrake', 6),
 ('riordabr', 6),
 ('Ben', 6),
 ('geowas', 6),
 ('NickConnolly', 6),
 ('Gero', 6),
 ('Detroit Association of Planners', 6),
 ('Peter W34', 6),
 ('HattoriHanzo', 6),
 ('Welshie', 6),
 ('Honning', 6),
 ('johnparis', 6),
 ('hdtyler', 6),
 ('Layssi', 6),
 ('kweikal', 6),
 ('taber', 6),
 ('The Maarssen Mapper', 6),
 ('klyons15', 6),
 ('kellycw', 6),
 ('Aaron Axvig', 6),
 ('iWowik', 6),
 ('Margori123', 6),
 ('kalafut', 6),
 ('BlueSombra', 6),
 ('aarondennis', 6),
 ('v-na-more', 6),
 ('Koblaid', 6),
 ('Gibson Nichols', 6),
 ('TheDude05', 6),
 ('Dr Kludge', 6),
 ('VincentRando24', 5),
 ('cgee', 5),
 ('John Gourlay', 5),
 ('Joe Barbara', 5),
 ('gnosomai', 5),
 ('jesus_army', 5),
 ('bfb', 5),
 ('klh1980', 5),
 ('DrMark', 5),
 ('tbx-mobil', 5),
 ('AG Event Graphics & Signs', 5),
 ('MotoJon', 5),
 ('migurski', 5),
 ('tokamak', 5),
 ('mcld', 5),
 ('Xuxa', 5),
 ('patjoe', 5),
 ('Serfuen', 5),
 ('adenium', 5),
 ('nfrery', 5),
 ('mgmcc', 5),
 ('Brian Thompson2', 5),
 ('osm_validation_and_improvements', 5),
 ('msdess', 5),
 ('jenescott', 5),
 ('colindt', 5),
 ('edeo', 5),
 ('elinenfelser', 5),
 ('grouper', 5),
 ('PawelJ', 5),
 ('snipergun38', 5),
 ('Shannon3', 5),
 ('Eckhart Wörner', 5),
 ('ehm1806', 5),
 ('mziehm', 5),
 ('bhaller', 5),
 ('russdeffner', 5),
 ('smlevine', 5),
 ('Brandon Patterson', 5),
 ('misht', 5),
 ('Jacek_str', 5),
 ('keithonearth', 5),
 ('abc26324', 5),
 ('Mike_Sherman', 5),
 ('Phil Scherer', 5),
 ('MrMikusek', 5),
 ('joebeets', 5),
 ('oglord', 5),
 ('BlackyP8', 5),
 ('Tomas Marklund', 5),
 ('Claudius Henrichs', 5),
 ('workshopaccount', 5),
 ('paulrosenzweig', 5),
 ('emj', 5),
 ('BeKri', 4),
 ('xronos_nlsfi_import', 4),
 ('rinkekev', 4),
 ('mathias_on_the_road', 4),
 ('northvillesoccer', 4),
 ('markmiglionico', 4),
 ('Petr Dlouhý', 4),
 ('SMB Bridge LLC', 4),
 ('bastik', 4),
 ('mjessen_mdv', 4),
 ('mboya mkundelida', 4),
 ('alester', 4),
 ('Henrik PS', 4),
 ('dkunce', 4),
 ('KensingtonChurch', 4),
 ('MarkusShane', 4),
 ('Olga | Yanosik', 4),
 ('50 Sips', 4),
 ('klausroxheim', 4),
 ('berniejconnors', 4),
 ('Jim Heaslip', 4),
 ('emka', 4),
 ('rudiruth', 4),
 ('Kalaallit Nunaat', 4),
 ('Warin61', 4),
 ('klusark', 4),
 ('mackie dee', 4),
 ('inbred_weasel', 4),
 ('Andy78_DE', 4),
 ('Cacofonix1', 4),
 ('tomlee721', 4),
 ('zdcarman', 4),
 ('Ironicsven', 4),
 ('Polyglot', 4),
 ('Mike Baggaley', 4),
 ('CompactDstrxion', 4),
 ('serg6969', 4),
 ('KDM', 4),
 ('nikibeebani', 4),
 ('LeedsTracker', 4),
 ('sailor noel', 4),
 ('Stephen_Co_Antrim', 4),
 ('Givizub', 4),
 ('Hans Loderer', 4),
 ('mapsinE3', 4),
 ('JD88', 4),
 ('GIShulyak', 4),
 ('geochrome', 4),
 ('Penegal', 4),
 ('feralfrond', 4),
 ('Blobo123', 4),
 ('Sebarga Shozodalaisov', 4),
 ('harg', 4),
 ('nazgul5', 4),
 ('Kevin255', 4),
 ('Oberaffe', 4),
 ('JayCravens', 4),
 ('SteveC', 4),
 ('artgrtr8u', 4),
 ('daniel of sarnia', 4),
 ('Mapgeek', 4),
 ('markptompsett', 4),
 ('seattlefyi', 4),
 ('jasonh1320', 4),
 ('hanoj', 4),
 ('Lane Direct', 4),
 ('Jayers', 4),
 ('PA94', 4),
 ('ToffeHoff', 4),
 ('justtjb', 4),
 ('Maarten Deen', 4),
 ('AnyFile', 4),
 ('varnent', 4),
 ('kikisnow', 4),
 ('Melinda Morang', 4),
 ('jimbolaya', 4),
 ('John_P', 4),
 ('Jochen Topf', 4),
 ('badrtdinov', 4),
 ('aetius', 4),
 ('LA2', 4),
 ('DGEbel', 4),
 ('Andy Street', 4),
 ('DJPEW', 4),
 ('par_is', 4),
 ('AlfaQuarto', 4),
 ('Rupert Swarbrick', 4),
 ('jaimemd', 4),
 ('Pobice', 4),
 ('fcrump', 4),
 ('slyprid', 4),
 ('Naomitall', 4),
 ('Fringillus', 4),
 ('fossosm', 4),
 ('MichaelCollinson', 4),
 ('Nick_T', 4),
 ('Alex Willmer', 4),
 ('Zain Ahmad Hashmi', 4),
 ('GMerrick', 4),
 ('wheelmap_android', 4),
 ('sanchi', 4),
 ('nurinsk', 4),
 ('Silent7', 4),
 ('joakimfors', 4),
 ('RingtailedFox', 4),
 ('exadeci', 4),
 ('pdohmen', 3),
 ('ocotillo', 3),
 ('gbut', 3),
 ('wandsecacher', 3),
 ('Olyon', 3),
 ('dima', 3),
 ('Anoniman', 3),
 ('crick11', 3),
 ('palimpadum', 3),
 ('pingsler', 3),
 ('Ailatix', 3),
 ('rahmad', 3),
 ('Sergey Harini', 3),
 ("RiG's", 3),
 ('Gif', 3),
 ('Syl', 3),
 ('sedward5', 3),
 ('jgeefdferoeny', 3),
 ('campguilhem', 3),
 ('tnorne', 3),
 ('abellao', 3),
 ('dmgroom', 3),
 ('Will Abson', 3),
 ('MROCK32', 3),
 ('Jonga', 3),
 ('DaveF', 3),
 ('softcake', 3),
 ('Rovastar', 3),
 ('kombe1207', 3),
 ('njaard', 3),
 ('harendra_7', 3),
 ('Zorac', 3),
 ('JeffP-MI', 3),
 ('TheCartographer', 3),
 ('StevePO16', 3),
 ('MAPconcierge', 3),
 ('driax', 3),
 ('Bernhard Hiller', 3),
 ('linneaco', 3),
 ('Ron & Lisa Cook', 3),
 ('MrPat', 3),
 ('luinav', 3),
 ('dimi_d', 3),
 ('felixi', 3),
 ('f-benmadani', 3),
 ('gtech360', 3),
 ('johanespeter9', 3),
 ('DaveLakowski', 3),
 ('JPinCanada', 3),
 ('Jano John Akim Franke', 3),
 ('Sidney Bamidele', 3),
 ('soundart', 3),
 ('Eric Fischer', 3),
 ('wmann', 3),
 ('nubarron', 3),
 ('drewthevander', 3),
 ('drivestation', 3),
 ('DKNOTT', 3),
 ('Swarley', 3),
 ('brianulmer', 3),
 ('neufeind', 3),
 ('Socrates2011', 3),
 ('ZR018', 3),
 ('heilbron', 3),
 ('clairehhlin', 3),
 ('AdW', 3),
 ('Cheryl Long', 3),
 ('Xuacu', 3),
 ('Steve8x8', 3),
 ('KatelynWoolheater', 3),
 ('alexsaf', 3),
 ('lmum', 3),
 ('graytech', 3),
 ('kmcoder', 3),
 ('YraFyra', 3),
 ('acook10', 3),
 ('GadgetDrop', 3),
 ('Guarddog13', 3),
 ('Emmanuel Bama', 3),
 ('Derick Rethans', 3),
 ('penumbratom', 3),
 ('sabas88', 3),
 ('revent', 3),
 ('katpatuka', 3),
 ('Marcus Bengtsson', 3),
 ('krisdeb', 3),
 ('Jesús Abad', 3),
 ('dudka', 3),
 ('Basstoelpel', 3),
 ('markhole', 3),
 ('one_half_3544', 3),
 ('gerosm', 3),
 ('Luiyo', 3),
 ('Dinesh Cyanam', 3),
 ('moonwashed', 3),
 ('EdLoach', 3),
 ('Samrya', 3),
 ('khaz', 3),
 ('AJORTEGA', 3),
 ('franckG', 3),
 ('Cicerone', 3),
 ('4rch', 3),
 ('David Crochet', 3),
 ('andrewsem', 3),
 ('GeorgFausB', 2),
 ('LexIgnatov', 2),
 ('Roman Guy', 2),
 ('freietonne-db', 2),
 ('a6y', 2),
 ('Tamir Yitzhak', 2),
 ('Sergy Sav', 2),
 ('James Derrick', 2),
 ('martinum4', 2),
 ('AlexeySoev', 2),
 ('Stappy', 2),
 ('Ahlzen', 2),
 ('MacGyver24', 2),
 ('danidoedel', 2),
 ('rrissiek', 2),
 ('GaM', 2),
 ('didier2020', 2),
 ('k1wi', 2),
 ('CityPhotos', 2),
 ('Mathbau', 2),
 ('rsw', 2),
 ('devis2', 2),
 ('Aki_Suokas', 2),
 ('DNesbitt', 2),
 ('TheFive', 2),
 ('clara', 2),
 ('gberginc', 2),
 ('jharps', 2),
 ('Ailurus24', 2),
 ('Kirk T', 2),
 ('jln35', 2),
 ('Gaspar Segues', 2),
 ('Pmz', 2),
 ('Christopher Gittner', 2),
 ('Madryn', 2),
 ('joedal-osm', 2),
 ('GuyVV', 2),
 ('user_5452', 2),
 ('Jessy Bertrand', 2),
 ('Stéphane Péchard', 2),
 ('PatchCharron', 2),
 ('715371', 2),
 ('chris_j_wood', 2),
 ('Stalker61', 2),
 ('tjames', 2),
 ('YSB', 2),
 ('AlexOnTheBus', 2),
 ('michaelbrown', 2),
 ('alexrcoley', 2),
 ('Sergey82K', 2),
 ('ChuckR', 2),
 ('fishter', 2),
 ('Adrianod', 2),
 ('Tjukanovt', 2),
 ('mach1rcode', 2),
 ('sMike', 2),
 ('BrunoCC', 2),
 ('fche', 2),
 ('Martin Borsje', 2),
 ('friedl', 2),
 ('larry_k8mu', 2),
 ('Grand Truck Western Tracker', 2),
 ('DANDA10', 2),
 ('kimtharper', 2),
 ('riiga', 2),
 ('coolkaas', 2),
 ('flohoff', 2),
 ('oumike', 2),
 ('RobJN', 2),
 ('wongataa', 2),
 ('Teddy73', 2),
 ('tms13', 2),
 ('pompeybug', 2),
 ('DenLee', 2),
 ('rorym', 2),
 ('Cphoto', 2),
 ('dcs', 2),
 ('Ben Konrath', 2),
 ('Rodolphe Quiédeville', 2),
 ('WannaBeMapper', 2),
 ('axxe', 2),
 ('rprimeau', 2),
 ('Toffer12', 2),
 ('Steeley', 2),
 ('awmross', 2),
 ('hotteliene', 2),
 ('fjohan82', 2),
 ('indococo', 2),
 ('Sanjak', 2),
 ('yoltia', 2),
 ('Rowland', 2),
 ('ERDavis', 2),
 ('jcr83', 2),
 ('cepesko', 2),
 ('richardwest', 2),
 ('Decoy_Walrus', 2),
 ('jneptune', 2),
 ('Nedran', 2),
 ('DeBigC', 2),
 ('siggi747', 2),
 ('Aiko Nakata', 2),
 ('sennewald63', 2),
 ('boTOSM', 2),
 ('Bascredvarcker', 2),
 ('user_2230854', 2),
 ('SpillerC', 2),
 ('Valerie007', 2),
 ('Pavel47', 2),
 ('maraf24', 2),
 ('PDS_22', 2),
 ('opeihatebot', 2),
 ('Chris150', 2),
 ('Gehrke', 2),
 ('Julian Lozano', 2),
 ('ENSG Battir', 2),
 ('BuganiniQ', 2),
 ('down12under', 2),
 ('la colle', 2),
 ('Oliviascott111', 2),
 ('Eyob Arefaine', 2),
 ('bjoh', 2),
 ('rubinol', 2),
 ('mattfarina', 2),
 ('VictorIE', 2),
 ('metalhead134', 2),
 ('spursmjs777', 2),
 ('nafl', 2),
 ('Steve Chilton', 2),
 ('Apollo Sol', 2),
 ('IrlJidel', 2),
 ('Andy_traveline', 2),
 ('michael colvin', 2),
 ('Janjko', 2),
 ('JAAS', 2),
 ('ulfl', 2),
 ('Zoltak', 2),
 ('donkensler', 2),
 ('adjuva', 2),
 ('user_5541', 2),
 ('guessyawhoo', 2),
 ('Miple', 2),
 ('Eikai', 2),
 ('brecm', 2),
 ('Gerson Barcelos', 2),
 ('jjenkins85', 2),
 ('sszk', 2),
 ('hfs', 2),
 ('Mark Pokorny', 2),
 ('johabz', 2),
 ('stevea', 2),
 ('Will Colson', 2),
 ('giles and family', 2),
 ('iMacDSL', 2),
 ('jgpacker', 2),
 ('kuede', 2),
 ('grossing', 2),
 ('dewla', 2),
 ('Eric Xavier', 2),
 ('gspinoza', 2),
 ('Seetroll', 2),
 ('alain2003', 2),
 ('48209', 2),
 ('JLZIMMERMANN', 2),
 ('Eric S', 2),
 ('KevinMRentner', 2),
 ('yotann', 2),
 ('Weide', 2),
 ('HamTech', 2),
 ('martin19821212', 2),
 ('Trisodium', 2),
 ('MichiganMike', 2),
 ('gaspero1', 2),
 ('vladpavlovic', 2),
 ('csdf', 2),
 ('TAA', 2),
 ('MariaU', 2),
 ('Foronda_levt', 2),
 ('saikabhi', 2),
 ('Sammelmuetze', 2),
 ('Abendstund', 2),
 ('ToniE', 2),
 ('Protoxenus', 2),
 ('ECRock', 2),
 ('mentor', 2),
 ('waldhans', 2),
 ('Nathan_ADSK', 2),
 ('seisa', 2),
 ('pmailkeey', 1),
 ('Alex123', 1),
 ('Carl Simonson', 1),
 ('DenverKen', 1),
 ('Leon K', 1),
 ('BiIbo', 1),
 ('tcorell', 1),
 ('Firefishy', 1),
 ('jm888', 1),
 ('nobu_osm', 1),
 ('andygates', 1),
 ('urbanrambler1', 1),
 ('elizabethlakeurgentcare', 1),
 ('ratrun', 1),
 ('Kyongho', 1),
 ('sdede2', 1),
 ('GreenUFO', 1),
 ('plush', 1),
 ('xronos', 1),
 ('vinlendingur', 1),
 ('jgruca', 1),
 ('iammacker', 1),
 ('mboos', 1),
 ('Nzara', 1),
 ('aukue', 1),
 ('LiteEarthTreader', 1),
 ('Tyler Hall', 1),
 ('giskov', 1),
 ('clickpilot', 1),
 ('Eebie', 1),
 ('孙行者', 1),
 ('syershov', 1),
 ('kmpm', 1),
 ('warneke7', 1),
 ('Dano S', 1),
 ('ais523', 1),
 ('13protons', 1),
 ('Sarvihepo', 1),
 ('serge_g239', 1),
 ('Lübeck', 1),
 ('Nathan H', 1),
 ('Tumbleweeds', 1),
 ('Ted Mielczarek (borders upload)', 1),
 ('1123hey', 1),
 ('pili-pili', 1),
 ('Essex_Boy', 1),
 ('hvidstue', 1),
 ('Gmiter', 1),
 ('Oxford_MRG', 1),
 ('GregersP', 1),
 ('Reneestar 1', 1),
 ('Vincent Broman', 1),
 ('chippy', 1),
 ('DRM', 1),
 ('gunny26', 1),
 ('PSVR', 1),
 ('ItalianMustache', 1),
 ('victorvation', 1),
 ('Jonathan P Moore', 1),
 ('surveyor54', 1),
 ('ajashton', 1),
 ('jhonnyscarpetflooring', 1),
 ('gumpa', 1),
 ('HavenMapper', 1),
 ('Invicta', 1),
 ('SarahTehCat', 1),
 ('SkiDooGuy', 1),
 ('Martin1324', 1),
 ('gimmilfactory', 1),
 ('extremecarver', 1),
 ('Bernard59118', 1),
 ('fritzmimi', 1),
 ('Rastrojo', 1),
 ('bugiwugidancer', 1),
 ('Bert Bos', 1),
 ('Muki Mačković', 1),
 ('Kanenas', 1),
 ('GCL5', 1),
 ('Spitzbart', 1),
 ('moaz786', 1),
 ('themiurgo', 1),
 ('Rebeca Sahila', 1),
 ('CorrectMapper', 1),
 ('KikeTM', 1),
 ('malarky_88888', 1),
 ('Greg Bovenkerk', 1),
 ('ilari', 1),
 ('Adorack', 1),
 ('Data Recovery Guy', 1),
 ('Vlad', 1),
 ('railway_fan', 1),
 ('Grand Blanc Computer Solutions', 1),
 ('euryoekie', 1),
 ('marythomas', 1),
 ('smurfzilla', 1),
 ('el-Zorro', 1),
 ('jacksparrow', 1),
 ('Kostik', 1),
 ('EBP2015', 1),
 ('Rosty', 1),
 ('anddax', 1),
 ('man-sl200', 1),
 ('jfire', 1),
 ('lurlrlrl', 1),
 ('Dustin Block', 1),
 ('Bernhard W', 1),
 ('eagleeye_zh', 1),
 ('pswingset', 1),
 ('garber', 1),
 ('AgnosaF', 1),
 ('ChristianW', 1),
 ('sigon', 1),
 ('phin', 1),
 ('Darcehole', 1),
 ('Jesse Phillips', 1),
 ('plumstie', 1),
 ('chandusekharreddy', 1),
 ('Mykola', 1),
 ('aschauerf', 1),
 ('Insight Adventures', 1),
 ('jkjkjk', 1),
 ('spacer1971', 1),
 ('senne', 1),
 ('David Michael', 1),
 ('Lindroid', 1),
 ('Nick Austin', 1),
 ('peter_james', 1),
 ('Emil Tin', 1),
 ('miniwark', 1),
 ('twinshome', 1),
 ('scrool', 1),
 ('geraki', 1),
 ('bernds', 1),
 ('Brad Meteor', 1),
 ('Azureoak', 1),
 ('gsa', 1),
 ('Phil Shipley', 1),
 ('YannC', 1),
 ('JocelynBaldwin', 1),
 ('ianlopez1115', 1),
 ('sommerluk', 1),
 ('dforsi', 1),
 ('nesim', 1),
 ('Trex2001', 1),
 ('carstenwasow', 1),
 ('busdoc', 1),
 ('dromedar61', 1),
 ('akbo', 1),
 ('1986Anton', 1),
 ('RadoxTheGreen', 1),
 ('keder', 1),
 ('Christoph Lotz', 1),
 ('Jon Wallace', 1),
 ('DHaun', 1),
 ('rbuch703', 1),
 ('hopet', 1),
 ('Thomas GÉROUDET', 1),
 ('MatthieuMartin', 1),
 ('gpesquero', 1),
 ('vogelfreier', 1),
 ('resnyder', 1),
 ('bruceyang1998', 1),
 ('perlimpinpin', 1),
 ('hybridOL', 1),
 ('Сергей-Питер', 1),
 ('spezialist', 1),
 ('Aury88', 1),
 ('bortlethetortle', 1),
 ('hsc666', 1),
 ('Thomas Matern', 1),
 ('Ventlan', 1),
 ('Stamp 17', 1),
 ('parukhin', 1),
 ('RosaGet', 1),
 ('jc67', 1),
 ('andrewsh', 1),
 ('Muokkaaja', 1),
 ('Gutsycat', 1),
 ('things-change', 1),
 ('Jeri7351', 1),
 ('Jody Kositzky Schaub', 1),
 ('mikes', 1),
 ('D_REM', 1),
 ('nikicam', 1),
 ('Jestr88', 1),
 ('U-M Kellogg Eye Center', 1),
 ('blauloke', 1),
 ('bhanu3', 1),
 ('jaltman', 1),
 ('MikeFAA', 1),
 ('Rossendale Gary', 1),
 ('allosaur', 1),
 ('Parcanman', 1),
 ('pole_climber', 1),
 ('RitterR', 1),
 ('JF_DP', 1),
 ('Merlin Boissaux', 1),
 ('kkl_import', 1),
 ('jakobhs', 1),
 ('bdmccray', 1),
 ('Cyril Westwood', 1),
 ('bertboy', 1),
 ('Rhein-Herne-Kanal', 1),
 ('0CRqm4mjw7', 1),
 ('phobie', 1),
 ('Navmii_Josh', 1),
 ('jpierfel', 1),
 ('M_H', 1),
 ('Johan Jönsson', 1),
 ('marscot', 1),
 ('flolimmer', 1),
 ('Michel Legrain', 1),
 ('Kustaa', 1),
 ('Meiyer', 1),
 ('wh68', 1),
 ('budgetapplian', 1),
 ('mrabel', 1),
 ('Thomas Gagne', 1),
 ('frokor_import', 1),
 ('Galaxor Nebulon', 1),
 ('jamaps', 1),
 ('untitled', 1),
 ('H-GT', 1),
 ('lifestyle1', 1),
 ('sarahthi', 1),
 ('papachris60', 1),
 ('TorIngeM', 1),
 ('schnitzelinmypocket', 1),
 ('mh166', 1),
 ('jevo', 1),
 ('sulagaloh', 1),
 ('Phil K', 1),
 ('Capitol Hill Consultants LLC', 1),
 ('tbicr', 1),
 ('lmazzola', 1),
 ('nivardus', 1),
 ('afernandez', 1),
 ('Rockear', 1),
 ('nimix', 1),
 ('supermilkclub', 1),
 ('pcnphone', 1),
 ('Elias Zamaria', 1),
 ('dcJK', 1),
 ('JFK73', 1),
 ('Kilkenni', 1),
 ('Mohawow', 1),
 ('escada', 1),
 ('meberlein', 1),
 ('JeffH', 1),
 ('TranscendentalPi', 1),
 ('rbrtcmrn', 1),
 ('Marcussacapuces91', 1),
 ('nokija_hh', 1),
 ('PeterP', 1),
 ('Stefan de Konink', 1),
 ('Emeltet', 1),
 ('silver mapper', 1),
 ('BalancingBean', 1),
 ('OSMwalker', 1),
 ('wsoroe', 1),
 ('Central America', 1),
 ('tpaszek', 1),
 ('Kalagea', 1),
 ('Der Martinator', 1),
 ('DRWybo', 1),
 ('smb1001', 1),
 ('brycekahle', 1),
 ('stevengraff', 1),
 ('burt13de', 1),
 ('AJA21', 1),
 ('Bobby Dazzler', 1),
 ('HamishB', 1),
 ('girolamo47', 1),
 ('haoyun', 1),
 ('wimac', 1),
 ('tixuwuoz', 1),
 ('Marc Schütz', 1),
 ('LeoKutno', 1),
 ('ShurickF', 1),
 ('dyno7351', 1),
 ('mapman00', 1),
 ('El_Kekso', 1),
 ('chehrlic', 1),
 ('wikihero', 1),
 ('Recepturka Gumka', 1),
 ('Spectrokid', 1),
 ('FreddieGabbertas', 1),
 ('skobbler', 1),
 ('cupofcoffee', 1),
 ('Campythenomad', 1),
 ('mattgraham', 1),
 ('robgreenkc', 1),
 ('jleedev', 1),
 ('lofromla', 1),
 ('Suidakra', 1),
 ('Peter Lerner', 1),
 ('odce72', 1),
 ('58zarali', 1),
 ('Tomas Straupis', 1),
 ('RJones1917', 1),
 ('HeBri', 1),
 ('SiHollett', 1),
 ('Zer', 1),
 ('kdom', 1),
 ('Magnus S 2015', 1),
 ('phkahler', 1),
 ('AlexZZZ1967', 1),
 ('Kizar', 1),
 ('sucxces', 1),
 ('woftam', 1),
 ('tothod', 1),
 ('accek', 1),
 ('EricVoyo', 1),
 ('NorthBeric', 1),
 ('Sparks', 1),
 ('airbag', 1),
 ('DanGregory', 1),
 ('TheHammer', 1),
 ('lsuyak', 1),
 ('BDCanuck', 1),
 ('lishkin', 1),
 ('Club Touristi Triestini', 1),
 ('Lizy', 1),
 ('Mark Farmer', 1),
 ('feth', 1),
 ('richard worl', 1),
 ('gsperb', 1),
 ('yasse1406', 1),
 ('brocardus', 1),
 ('AJFront', 1),
 ('Mr Goose', 1),
 ('Aubrey Holland', 1),
 ('gkai', 1),
 ('robertbarbier', 1),
 ('JCarleski', 1),
 ('landfahrer', 1),
 ('dzahnow', 1),
 ('wjs3', 1),
 ('Vítor Dias', 1),
 ('susvhv', 1),
 ('ayhanozates', 1),
 ('jorge_o', 1),
 ('Jesper Henriksen', 1),
 ('j3engineers', 1),
 ('michaelinredhill', 1),
 ('Art Van PureSleep Lake Orion', 1),
 ('Mekanoid', 1),
 ('rozoom', 1),
 ('Sebastien Dinot', 1),
 ('cricri', 1),
 ('Mir76', 1),
 ('Ojan', 1),
 ('ThorstenNeumann', 1),
 ('GRUBERND', 1),
 ('Mapper123456', 1),
 ('M_Kucha', 1),
 ('Eve Aporee', 1),
 ('Penguinfriend', 1),
 ('gilbert Aeschelmann', 1),
 ('OpenSourceForEver', 1),
 ('Sean Hart', 1),
 ('MarcoR', 1),
 ('JASauter', 1),
 ('jetthe', 1),
 ('Александр Кулаков', 1),
 ('Leah Fisher', 1),
 ('tomasy', 1),
 ('Hendrikklaas', 1),
 ('carlthomasgladstone', 1),
 ('zaydemc', 1),
 ('peterleroux', 1),
 ('mdalbertsonjr', 1),
 ('seawolff', 1),
 ('cirdancarpintero', 1),
 ('UMS_Team', 1),
 ('XYZ12345', 1),
 ('bobcoates', 1),
 ('Alban', 1),
 ('scwiek', 1),
 ('kc8nod', 1),
 ('nasserd', 1),
 ('anbr', 1),
 ('mstriewe', 1),
 ('Bob Jonkman', 1),
 ('Nick Hill', 1),
 ('Polarbear', 1),
 ('luh', 1),
 ('DaCor', 1),
 ('Zelgadis', 1),
 ('Umbugbene', 1),
 ('Govanus', 1),
 ('millerm277', 1),
 ('IknowJoseph', 1),
 ('oroberto', 1),
 ('Athalis', 1),
 ('esi786', 1),
 ('benek_import', 1),
 ('RoziB', 1),
 ('titanbeos', 1),
 ('greecemapper', 1),
 ('Antonio Eugenio Burriel', 1),
 ('Jenseblume', 1),
 ('b ellinger', 1),
 ('Marlok', 1),
 ('Penky61', 1),
 ('xkomczax', 1),
 ('Marc Mongenet', 1),
 ('jfvoconce', 1),
 ('Realist Theorist', 1),
 ('dudone', 1),
 ('Edu Brau', 1),
 ('thread', 1),
 ('Jared Black', 1),
 ('Warofdreams', 1),
 ('Human65536', 1),
 ('ketchuphed', 1),
 ('seansha', 1),
 ('Markus59', 1),
 ('DetroitBitcoin', 1),
 ('OpenBrian', 1),
 ('freeKevin', 1),
 ('Kevo', 1),
 ('Movses', 1),
 ('Jeff of the North', 1),
 ('chene', 1),
 ('alanguir', 1),
 ('FIM', 1),
 ('_yog', 1),
 ('AndiG88', 1),
 ('Sal "TN SUPPORT" Yanez', 1),
 ('NZGraham', 1),
 ('Ильин Роман', 1),
 ('lesko987', 1),
 ('Matt Draisey', 1),
 ('PaulMorel', 1),
 ('Truko', 1),
 ('lzdmnstr', 1),
 ('papachris', 1),
 ('alv', 1),
 ('oini', 1),
 ('GlennPowers', 1),
 ('Pizza Rob', 1),
 ('mark29', 1),
 ('kre3d', 1),
 ('dataOne', 1),
 ('Invictus_Miles', 1),
 ('aboxman', 1),
 ('Rackafee', 1),
 ('Teuxe', 1),
 ('klausis', 1),
 ('dmcusic', 1),
 ('Dom', 1),
 ('nickw', 1),
 ('wolf_ics', 1),
 ('Julio_Costa_Zambelli', 1),
 ('Frankst', 1),
 ('smsm1', 1),
 ('Paul Emery', 1),
 ('leojth', 1),
 ('docschenk', 1),
 ('treestryder', 1),
 ('ZekeFarwell', 1),
 ('floscher', 1),
 ('Magne', 1),
 ('Ger Walsh', 1),
 ('c2r', 1),
 ('HenrikW', 1),
 ('dverbitskiy', 1),
 ('tippfeler', 1),
 ('anjbe', 1),
 ('cudaJim', 1),
 ('Jazar', 1),
 ('Meinereiner', 1),
 ('ian29', 1),
 ('chasu', 1),
 ('RR81', 1),
 ('Zamadatix', 1),
 ('Phil Porada', 1),
 ('Puccia', 1),
 ('Karl Ziegenmeyer', 1),
 ('eugenebata', 1),
 ('cday', 1),
 ('ladyblue', 1),
 ('SpeedEvil', 1),
 ('Georgiysys', 1),
 ('monxton', 1),
 ('jasonez', 1),
 ('knightowl5000', 1),
 ('bhazzard', 1),
 ('Hawkeye', 1),
 ('timdine', 1),
 ('filcole', 1),
 ('swanilli', 1),
 ('Ross48104', 1),
 ('largescale', 1),
 ('amicic', 1),
 ('=LD=', 1),
 ('aytfadc', 1)]
>>> 