{'note': "approximate location-Bing imagery hasn't been updated here yet"}
{'note': 'Site of Burroughs Middle School from ?-2004'}
{'note': 'park node, replaced by area'}
{'note': 'Not clear where this is or was.'}
{'note': 'original node feature for park'}
{'note': 'Closed 2005, demolished 2013'}
{'note': 'incorrecty positioned'}
{'note': 'Old Mackenzie High School which was demolished in 2013.'}
{'note': 'demolished. People seem to be interested in the location though.'}
{'note': 'incorrectly positioned'}
{'note': 'There is no park listed here from Dearborn Heights. These are the '
         'fields for Annapolis High School.'}
{'note': 'Demolished 2000 or earlier'}
{'note': 'incorrectly positioned'}
{'note': 'original node feature for park'}
{'note': 'original node feature for the park'}
{'note': 'Emma Thomas School was demolished in 2013.'}
{'note': 'Also formerly Highland Park Adult Education Center'}
{'note': 'Closed school, now demolished.'}
{'note': 'This has been torn down. Will remove when able to document '
         'boundaries on LPS versus park.'}
{'note': 'Merged Saint Bonaventure Monastery and Capuchin Monastery as '
         'redundant.'}
{'note': 'May be best to delete this. Believe closed when Sarah Fisher '
         'facility closed.'}
{'note': 'Not clear where this is. Does not seem like it was part of Webster '
         'as it was damaged by arson and closed.'}
{'note': 'This is not here. It is either in the wrong place or became the DMC '
         '/ Rose Imaging Center further northwest or the Berry Surgery Center '
         'on Orchard.'}
{'note': 'Moved location out of Briarwood Mall to a smaller building just '
         'ouside Briarwood Circle; this should be building 3.  See '
         'http://www.uofmhealth.org/our-locations/bmg-services/map'}
{'note': 'Record <a '
         'href="http://tin.er.usgs.gov/mineplant/show.php?labno=4934">4934</a> '
         'of the <a href="http://tin.er.usgs.gov/mineplant/">Active mines and '
         'mineral plants in the US</a>'}
{'note': 'Record <a '
         'href="http://tin.er.usgs.gov/mineplant/show.php?labno=5018">5018</a> '
         'of the <a href="http://tin.er.usgs.gov/mineplant/">Active mines and '
         'mineral plants in the US</a>'}
{'note': 'Record <a '
         'href="http://tin.er.usgs.gov/mineplant/show.php?labno=415">415</a> '
         'of the <a href="http://tin.er.usgs.gov/mineplant/">Active mines and '
         'mineral plants in the US</a>'}
{'note': 'Record <a '
         'href="http://tin.er.usgs.gov/mineplant/show.php?labno=4953">4953</a> '
         'of the <a href="http://tin.er.usgs.gov/mineplant/">Active mines and '
         'mineral plants in the US</a>'}
{'note': 'Record <a '
         'href="http://tin.er.usgs.gov/mineplant/show.php?labno=5016">5016</a> '
         'of the <a href="http://tin.er.usgs.gov/mineplant/">Active mines and '
         'mineral plants in the US</a>'}
{'note': 'Record <a '
         'href="http://tin.er.usgs.gov/mineplant/show.php?labno=1492">1492</a> '
         'of the <a href="http://tin.er.usgs.gov/mineplant/">Active mines and '
         'mineral plants in the US</a>'}
{'note': 'Record <a '
         'href="http://tin.er.usgs.gov/mineplant/show.php?labno=240">240</a> '
         'of the <a href="http://tin.er.usgs.gov/mineplant/">Active mines and '
         'mineral plants in the US</a>'}
{'note': 'Record <a '
         'href="http://tin.er.usgs.gov/mineplant/show.php?labno=1494">1494</a> '
         'of the <a href="http://tin.er.usgs.gov/mineplant/">Active mines and '
         'mineral plants in the US</a>'}
{'note': 'Record <a '
         'href="http://tin.er.usgs.gov/mineplant/show.php?labno=3468">3468</a> '
         'of the <a href="http://tin.er.usgs.gov/mineplant/">Active mines and '
         'mineral plants in the US</a>'}
{'note': 'Record <a '
         'href="http://tin.er.usgs.gov/mineplant/show.php?labno=4940">4940</a> '
         'of the <a href="http://tin.er.usgs.gov/mineplant/">Active mines and '
         'mineral plants in the US</a>'}
{'note': 'Record <a '
         'href="http://tin.er.usgs.gov/mineplant/show.php?labno=5009">5009</a> '
         'of the <a href="http://tin.er.usgs.gov/mineplant/">Active mines and '
         'mineral plants in the US</a>'}
{'note': 'Record <a '
         'href="http://tin.er.usgs.gov/mineplant/show.php?labno=4952">4952</a> '
         'of the <a href="http://tin.er.usgs.gov/mineplant/">Active mines and '
         'mineral plants in the US</a>'}
{'note': 'Record <a '
         'href="http://tin.er.usgs.gov/mineplant/show.php?labno=1493">1493</a> '
         'of the <a href="http://tin.er.usgs.gov/mineplant/">Active mines and '
         'mineral plants in the US</a>'}
{'note': 'Record <a '
         'href="http://tin.er.usgs.gov/mineplant/show.php?labno=5010">5010</a> '
         'of the <a href="http://tin.er.usgs.gov/mineplant/">Active mines and '
         'mineral plants in the US</a>'}
{'note': 'Record <a '
         'href="http://tin.er.usgs.gov/mineplant/show.php?labno=5015">5015</a> '
         'of the <a href="http://tin.er.usgs.gov/mineplant/">Active mines and '
         'mineral plants in the US</a>'}
{'note': 'Record <a '
         'href="http://tin.er.usgs.gov/mineplant/show.php?labno=5013">5013</a> '
         'of the <a href="http://tin.er.usgs.gov/mineplant/">Active mines and '
         'mineral plants in the US</a>'}
{'note': 'Record <a '
         'href="http://tin.er.usgs.gov/mineplant/show.php?labno=1490">1490</a> '
         'of the <a href="http://tin.er.usgs.gov/mineplant/">Active mines and '
         'mineral plants in the US</a>'}
{'note': 'Record <a '
         'href="http://tin.er.usgs.gov/mineplant/show.php?labno=4935">4935</a> '
         'of the <a href="http://tin.er.usgs.gov/mineplant/">Active mines and '
         'mineral plants in the US</a>'}
{'note': 'Record <a '
         'href="http://tin.er.usgs.gov/mineplant/show.php?labno=5011">5011</a> '
         'of the <a href="http://tin.er.usgs.gov/mineplant/">Active mines and '
         'mineral plants in the US</a>'}
{'note': 'Record <a '
         'href="http://tin.er.usgs.gov/mineplant/show.php?labno=1500">1500</a> '
         'of the <a href="http://tin.er.usgs.gov/mineplant/">Active mines and '
         'mineral plants in the US</a>'}
{'note': 'Record <a '
         'href="http://tin.er.usgs.gov/mineplant/show.php?labno=5014">5014</a> '
         'of the <a href="http://tin.er.usgs.gov/mineplant/">Active mines and '
         'mineral plants in the US</a>'}
{'note': 'Record <a '
         'href="http://tin.er.usgs.gov/mineplant/show.php?labno=4937">4937</a> '
         'of the <a href="http://tin.er.usgs.gov/mineplant/">Active mines and '
         'mineral plants in the US</a>'}
{'note': 'Record <a '
         'href="http://tin.er.usgs.gov/mineplant/show.php?labno=4938">4938</a> '
         'of the <a href="http://tin.er.usgs.gov/mineplant/">Active mines and '
         'mineral plants in the US</a>'}
{'note': 'Record <a '
         'href="http://tin.er.usgs.gov/mineplant/show.php?labno=4944">4944</a> '
         'of the <a href="http://tin.er.usgs.gov/mineplant/">Active mines and '
         'mineral plants in the US</a>'}
{'note': 'Record <a '
         'href="http://tin.er.usgs.gov/mineplant/show.php?labno=4939">4939</a> '
         'of the <a href="http://tin.er.usgs.gov/mineplant/">Active mines and '
         'mineral plants in the US</a>'}
{'note': 'Record <a '
         'href="http://tin.er.usgs.gov/mineplant/show.php?labno=4902">4902</a> '
         'of the <a href="http://tin.er.usgs.gov/mineplant/">Active mines and '
         'mineral plants in the US</a>'}
{'note': 'Record <a '
         'href="http://tin.er.usgs.gov/mineplant/show.php?labno=4936">4936</a> '
         'of the <a href="http://tin.er.usgs.gov/mineplant/">Active mines and '
         'mineral plants in the US</a>'}
{'note': 'Record <a '
         'href="http://tin.er.usgs.gov/mineplant/show.php?labno=4945">4945</a> '
         'of the <a href="http://tin.er.usgs.gov/mineplant/">Active mines and '
         'mineral plants in the US</a>'}
{'note': 'Record <a '
         'href="http://tin.er.usgs.gov/mineplant/show.php?labno=4969">4969</a> '
         'of the <a href="http://tin.er.usgs.gov/mineplant/">Active mines and '
         'mineral plants in the US</a>'}
{'note': 'Record <a '
         'href="http://tin.er.usgs.gov/mineplant/show.php?labno=241">241</a> '
         'of the <a href="http://tin.er.usgs.gov/mineplant/">Active mines and '
         'mineral plants in the US</a>'}
{'note': 'Record <a '
         'href="http://tin.er.usgs.gov/mineplant/show.php?labno=5019">5019</a> '
         'of the <a href="http://tin.er.usgs.gov/mineplant/">Active mines and '
         'mineral plants in the US</a>'}
{'note': 'Record <a '
         'href="http://tin.er.usgs.gov/mineplant/show.php?labno=5017">5017</a> '
         'of the <a href="http://tin.er.usgs.gov/mineplant/">Active mines and '
         'mineral plants in the US</a>'}
{'note': 'Record <a '
         'href="http://tin.er.usgs.gov/mineplant/show.php?labno=3674">3674</a> '
         'of the <a href="http://tin.er.usgs.gov/mineplant/">Active mines and '
         'mineral plants in the US</a>'}
{'note': 'Record <a '
         'href="http://tin.er.usgs.gov/mineplant/show.php?labno=6664">6664</a> '
         'of the <a href="http://tin.er.usgs.gov/mineplant/">Active mines and '
         'mineral plants in the US</a>'}
{'note': 'Record <a '
         'href="http://tin.er.usgs.gov/mineplant/show.php?labno=1501">1501</a> '
         'of the <a href="http://tin.er.usgs.gov/mineplant/">Active mines and '
         'mineral plants in the US</a>'}
{'note': 'Record <a '
         'href="http://tin.er.usgs.gov/mineplant/show.php?labno=4968">4968</a> '
         'of the <a href="http://tin.er.usgs.gov/mineplant/">Active mines and '
         'mineral plants in the US</a>'}
{'note': 'Record <a '
         'href="http://tin.er.usgs.gov/mineplant/show.php?labno=4959">4959</a> '
         'of the <a href="http://tin.er.usgs.gov/mineplant/">Active mines and '
         'mineral plants in the US</a>'}
{'note': 'Record <a '
         'href="http://tin.er.usgs.gov/mineplant/show.php?labno=4941">4941</a> '
         'of the <a href="http://tin.er.usgs.gov/mineplant/">Active mines and '
         'mineral plants in the US</a>'}
{'note': 'Record <a '
         'href="http://tin.er.usgs.gov/mineplant/show.php?labno=4943">4943</a> '
         'of the <a href="http://tin.er.usgs.gov/mineplant/">Active mines and '
         'mineral plants in the US</a>'}
{'note': 'Record <a '
         'href="http://tin.er.usgs.gov/mineplant/show.php?labno=3466">3466</a> '
         'of the <a href="http://tin.er.usgs.gov/mineplant/">Active mines and '
         'mineral plants in the US</a>'}
{'note': 'Record <a '
         'href="http://tin.er.usgs.gov/mineplant/show.php?labno=4897">4897</a> '
         'of the <a href="http://tin.er.usgs.gov/mineplant/">Active mines and '
         'mineral plants in the US</a>'}
{'note': 'Record <a '
         'href="http://tin.er.usgs.gov/mineplant/show.php?labno=4971">4971</a> '
         'of the <a href="http://tin.er.usgs.gov/mineplant/">Active mines and '
         'mineral plants in the US</a>'}
{'note': 'Record <a '
         'href="http://tin.er.usgs.gov/mineplant/show.php?labno=5012">5012</a> '
         'of the <a href="http://tin.er.usgs.gov/mineplant/">Active mines and '
         'mineral plants in the US</a>'}
{'note': 'Record <a '
         'href="http://tin.er.usgs.gov/mineplant/show.php?labno=4962">4962</a> '
         'of the <a href="http://tin.er.usgs.gov/mineplant/">Active mines and '
         'mineral plants in the US</a>'}
{'note': 'Record <a '
         'href="http://tin.er.usgs.gov/mineplant/show.php?labno=4976">4976</a> '
         'of the <a href="http://tin.er.usgs.gov/mineplant/">Active mines and '
         'mineral plants in the US</a>'}
{'note': 'Record <a '
         'href="http://tin.er.usgs.gov/mineplant/show.php?labno=4975">4975</a> '
         'of the <a href="http://tin.er.usgs.gov/mineplant/">Active mines and '
         'mineral plants in the US</a>'}
{'note': 'Record <a '
         'href="http://tin.er.usgs.gov/mineplant/show.php?labno=4972">4972</a> '
         'of the <a href="http://tin.er.usgs.gov/mineplant/">Active mines and '
         'mineral plants in the US</a>'}
{'note': 'Record <a '
         'href="http://tin.er.usgs.gov/mineplant/show.php?labno=4970">4970</a> '
         'of the <a href="http://tin.er.usgs.gov/mineplant/">Active mines and '
         'mineral plants in the US</a>'}
{'note': 'Record <a '
         'href="http://tin.er.usgs.gov/mineplant/show.php?labno=4965">4965</a> '
         'of the <a href="http://tin.er.usgs.gov/mineplant/">Active mines and '
         'mineral plants in the US</a>'}
{'note': 'Record <a '
         'href="http://tin.er.usgs.gov/mineplant/show.php?labno=4964">4964</a> '
         'of the <a href="http://tin.er.usgs.gov/mineplant/">Active mines and '
         'mineral plants in the US</a>'}
{'note': 'Record <a '
         'href="http://tin.er.usgs.gov/mineplant/show.php?labno=4963">4963</a> '
         'of the <a href="http://tin.er.usgs.gov/mineplant/">Active mines and '
         'mineral plants in the US</a>'}
{'note': 'Record <a '
         'href="http://tin.er.usgs.gov/mineplant/show.php?labno=4960">4960</a> '
         'of the <a href="http://tin.er.usgs.gov/mineplant/">Active mines and '
         'mineral plants in the US</a>'}
{'note': 'Record <a '
         'href="http://tin.er.usgs.gov/mineplant/show.php?labno=4958">4958</a> '
         'of the <a href="http://tin.er.usgs.gov/mineplant/">Active mines and '
         'mineral plants in the US</a>'}
{'note': 'Record <a '
         'href="http://tin.er.usgs.gov/mineplant/show.php?labno=4974">4974</a> '
         'of the <a href="http://tin.er.usgs.gov/mineplant/">Active mines and '
         'mineral plants in the US</a>'}
{'note': 'Record <a '
         'href="http://tin.er.usgs.gov/mineplant/show.php?labno=4973">4973</a> '
         'of the <a href="http://tin.er.usgs.gov/mineplant/">Active mines and '
         'mineral plants in the US</a>'}
{'note': 'Record <a '
         'href="http://tin.er.usgs.gov/mineplant/show.php?labno=4967">4967</a> '
         'of the <a href="http://tin.er.usgs.gov/mineplant/">Active mines and '
         'mineral plants in the US</a>'}
{'note': 'Record <a '
         'href="http://tin.er.usgs.gov/mineplant/show.php?labno=4966">4966</a> '
         'of the <a href="http://tin.er.usgs.gov/mineplant/">Active mines and '
         'mineral plants in the US</a>'}
{'note': 'Record <a '
         'href="http://tin.er.usgs.gov/mineplant/show.php?labno=4961">4961</a> '
         'of the <a href="http://tin.er.usgs.gov/mineplant/">Active mines and '
         'mineral plants in the US</a>'}
{'note': 'Record <a '
         'href="http://tin.er.usgs.gov/mineplant/show.php?labno=4947">4947</a> '
         'of the <a href="http://tin.er.usgs.gov/mineplant/">Active mines and '
         'mineral plants in the US</a>'}
{'note': 'Record <a '
         'href="http://tin.er.usgs.gov/mineplant/show.php?labno=4948">4948</a> '
         'of the <a href="http://tin.er.usgs.gov/mineplant/">Active mines and '
         'mineral plants in the US</a>'}
{'note': 'Record <a '
         'href="http://tin.er.usgs.gov/mineplant/show.php?labno=416">416</a> '
         'of the <a href="http://tin.er.usgs.gov/mineplant/">Active mines and '
         'mineral plants in the US</a>'}
{'note': 'Record <a '
         'href="http://tin.er.usgs.gov/mineplant/show.php?labno=4927">4927</a> '
         'of the <a href="http://tin.er.usgs.gov/mineplant/">Active mines and '
         'mineral plants in the US</a>'}
{'note': 'Record <a '
         'href="http://tin.er.usgs.gov/mineplant/show.php?labno=4928">4928</a> '
         'of the <a href="http://tin.er.usgs.gov/mineplant/">Active mines and '
         'mineral plants in the US</a>'}
{'note': 'Record <a '
         'href="http://tin.er.usgs.gov/mineplant/show.php?labno=4923">4923</a> '
         'of the <a href="http://tin.er.usgs.gov/mineplant/">Active mines and '
         'mineral plants in the US</a>'}
{'note': 'Record <a '
         'href="http://tin.er.usgs.gov/mineplant/show.php?labno=4998">4998</a> '
         'of the <a href="http://tin.er.usgs.gov/mineplant/">Active mines and '
         'mineral plants in the US</a>'}
{'note': 'Record <a '
         'href="http://tin.er.usgs.gov/mineplant/show.php?labno=4925">4925</a> '
         'of the <a href="http://tin.er.usgs.gov/mineplant/">Active mines and '
         'mineral plants in the US</a>'}
{'note': 'Record <a '
         'href="http://tin.er.usgs.gov/mineplant/show.php?labno=4926">4926</a> '
         'of the <a href="http://tin.er.usgs.gov/mineplant/">Active mines and '
         'mineral plants in the US</a>'}
{'note': 'Record <a '
         'href="http://tin.er.usgs.gov/mineplant/show.php?labno=4946">4946</a> '
         'of the <a href="http://tin.er.usgs.gov/mineplant/">Active mines and '
         'mineral plants in the US</a>'}
{'note': 'Record <a '
         'href="http://tin.er.usgs.gov/mineplant/show.php?labno=3673">3673</a> '
         'of the <a href="http://tin.er.usgs.gov/mineplant/">Active mines and '
         'mineral plants in the US</a>'}
{'note': 'Record <a '
         'href="http://tin.er.usgs.gov/mineplant/show.php?labno=5000">5000</a> '
         'of the <a href="http://tin.er.usgs.gov/mineplant/">Active mines and '
         'mineral plants in the US</a>'}
{'note': 'Record <a '
         'href="http://tin.er.usgs.gov/mineplant/show.php?labno=4997">4997</a> '
         'of the <a href="http://tin.er.usgs.gov/mineplant/">Active mines and '
         'mineral plants in the US</a>'}
{'note': 'Record <a '
         'href="http://tin.er.usgs.gov/mineplant/show.php?labno=4920">4920</a> '
         'of the <a href="http://tin.er.usgs.gov/mineplant/">Active mines and '
         'mineral plants in the US</a>'}
{'note': 'Record <a '
         'href="http://tin.er.usgs.gov/mineplant/show.php?labno=4921">4921</a> '
         'of the <a href="http://tin.er.usgs.gov/mineplant/">Active mines and '
         'mineral plants in the US</a>'}
{'note': 'Record <a '
         'href="http://tin.er.usgs.gov/mineplant/show.php?labno=4924">4924</a> '
         'of the <a href="http://tin.er.usgs.gov/mineplant/">Active mines and '
         'mineral plants in the US</a>'}
{'note': 'closed due to construction ending July 2010'}
{'note': 'gps survey would be useful to add building and node more precisely'}
{'note': 'closed when there is no snow'}
{'note': 'Flare stack'}
{'note': 'Industrial'}
{'note': 'Industrial'}
{'note': 'Industrial'}
{'note': 'Industrial'}
{'note': 'Flare stack'}
{'note': 'Industrial'}
{'note': 'Industrial'}
{'note': 'Flare stack'}
{'note': 'Flare stack'}
{'note': 'Industrial'}
{'note': 'Flare stack'}
{'note': 'Flare stack'}
{'note': 'Industrial'}
{'note': 'Industrial'}
{'note': 'Industrial'}
{'note': 'Industrial'}
{'note': 'Industrial'}
{'note': 'Industrial'}
{'note': 'remote area building'}
{'note': 'fixme, location of this point guessed'}
{'note': 'FIXME'}
{'note': 'remote area building'}
{'note': 'I believe that node 2081485648 is not part of way 207454452, even '
         'though it happens to be very close. I think these lines are at '
         'different elevations.'}
{'note': 'Industrial'}
{'note': 'Industrial'}
{'note': 'Industrial'}
{'note': 'Industrial'}
{'note': 'Gas and oil facilities'}
{'note': 'Gas and oil facilities'}
{'note': 'Gas and oil facilities'}
{'note': 'Gas and oil facilities'}
{'note': 'remote area building'}
{'note': 'Industrial'}
{'note': 'Industrial'}
{'note': 'Industrial'}
{'note': 'Industrial'}
{'note': 'Industrial'}
{'note': 'Industrial'}
{'note': 'Industrial'}
{'note': 'Industrial'}
{'note': 'Industrial'}
{'note': 'Industrial'}
{'note': 'Industrial'}
{'note': 'Industrial'}
{'note': 'Industrial'}
{'note': 'Industrial'}
{'note': 'Flare stack'}
{'note': 'Industrial'}
{'note': 'Flare stack'}
{'note': 'Industrial'}
{'note': 'Flare stack'}
{'note': 'Flare stack'}
{'note': 'Flare stack'}
{'note': 'Industrial'}
{'note': 'Flare stack'}
{'note': 'Industrial'}
{'note': 'Industrial'}
{'note': 'Industrial'}
{'note': 'Industrial'}
{'note': 'Industrial'}
{'note': 'Flare stack'}
{'note': 'Flare stack'}
{'note': 'Industrial'}
{'note': 'Industrial'}
{'note': 'Industrial'}
{'note': 'Industrial'}
{'note': 'Industrial'}
{'note': 'Industrial'}
{'note': 'Police station inside Rosa Parks Transit Center'}
{'note': 'The CDC Farm and Fishery is an indoor self-sustaining ecosystem that '
         'will provide fresh fish and vegetables to both individuals and '
         'restaurants in North Central Detroit, a neighborhood severely '
         'lacking in fresh food products.'}
{'note': 'General Practice Law Firm Criminal Defense, Family Law, Civil '
         'Rights, Contract Formation and Litigation, and general legal counsel'}
{'note': 'freight elevator available'}
{'note': 'http://www.lenconnect.com/article/20131211/NEWS/131219797'}
{'note': 'Weekdays only, Northbound  Only picks up until 4pm then must use '
         'southbound stop to go north'}
{'note': 'Weekdays only, Northbound  Only picks up until 4pm then must use '
         'southbound stop to go north'}
{'note': 'The River Raisin Marina & Campground is ideally located on the north '
         'side of the Port of Monroe Turning Basin, on the River Raisin in '
         'Monroe, MI. This location allows for deep water access (22 feet) '
         'into Lake Erie from the well protected waters.'}
{'note': 'Trigger site of the 1967 Detroit riot.'}
{'note': 'All member buildings demolished by fall 2014. Now (only) a '
         'historical interest point.'}
{'note': 'There is a Geodetic Survey benchmark within a couple meters of the '
         'flagpole base.'}
{'note': 'Need to verify existence and name.'}
{'note': 'Used for creating offsets on Bing and USGS. N 42° 24\' 48.14568" W '
         '83° 18\' 55.41223"'}
{'note': 'Used for creating offsets on Bing and USGS. N 42° 23\' 7.59859" W '
         '83° 22\' 22.26665"'}
{'note': "Used for creating offsets on Bing and USGS. N 42° 24' 55.19863'' W "
         "83° 14' 16.77633''"}
{'note': 'Used for creating offsets on Bing and USGS. N 42° 24\' 54.78529" W '
         '83° 13\' 40.10399"'}
{'note': 'Used for creating offsets on Bing and USGS. N 42° 18\' 38.02725" W '
         '83° 21\' 50.87642"'}
{'note': "Technically visible but not easily seen on Bing or USGS. N 42° 25' "
         '58.60051"\' W 83° 25\' 59.51544"'}
{'note': 'On the outside of the pool building.'}
{'note': 'Inside bathrooms'}
{'note': 'On the left of the trail near the Washington Heights/Peony Garden '
         'Entrance.'}
{'note': 'Used for creating offsets on Bing and USGS. N 42° 19\' 39.83215" W '
         '83° 18\' 41.99679"'}
{'note': "Needs verification before using to create imagery offsets. N 42° 19' "
         '18.9999309" W 83° 13\' 58.33322"'}
{'note': "Used for creating USGS and Bing imagery offsets. N 42° 21' "
         '19.24531" W 83° 18\' 45.38490"'}
{'note': 'The Kenmoor apartment building burned down on January 18, 2015.'}
{'note': 'N 42° 26\' 6.59641" W 83° 33\' 16.76962"'}
{'note': "Need to verify suitability for creating imagery offset. N 42° 31' "
         '26.16014" W 83° 32\' 17.62099"'}
{'note': "Need to verify suitability for creating imagery offset. N 42° 31' "
         '56.05646" W 83° 26\' 15.47029"'}
{'note': "Need to verify suitability for creating imagery offset. N 42° 23' "
         '22.89095" W 83° 22\' 31.58363"'}
{'note': 'N 42° 15\' 58.27823" W 83° 10\' 2.64507"'}
{'note': 'Need to verify use for imagery offset. N 42° 32\' 22.98083" W 83° '
         '17\' 4.26918"'}
{'note': 'Need to verify to use for imagery offset. N 42° 35\' 0.17882" W 83° '
         '21\' 33.27616"'}
{'note': 'Benchmark used for Bing and USGS imagery offset. N 42 21 04.99621 W '
         '083 10 37.29694'}
{'note': 'Benchmark used for Bing and USGS imagery offset. N 42 21 04.26067 W '
         '083 11 12.43831'}
{'note': 'Benchmark used for Bing and USGS imagery offset. N 42 24 10.70466 W '
         '083 07 49.05869'}
{'note': 'Benchmark used for Bing and USGS imagery offset. N 42 24 10.09143 W '
         '083 08 16.05602'}
{'note': 'Actual location; DNR map shows wrong location.'}
{'note': 'Guidepost Is Missing'}
{'note': 'Folk art site located on alley'}
{'note': 'Ann Arbor'}
{'note': 'University of Windsor'}
{'note': 'Ann Arbor'}
{'note': 'University of Michigan'}
{'note': 'Paint Creek Cider Mill'}
{'note': 'Clinton River Trail'}
{'note': 'Rochester Municipal Park'}
{'note': 'Macomb Orchard Trail'}
{'note': 'Essex Hall'}
{'note': 'Redford HS was builtin 1920, closed in 2007 and demolished in 2012.'}
{'note': 'Demolished November 2014.'}
{'note': 'Cobo Center'}
{'note': '080'}
{'note': '050'}
{'note': '085'}
{'note': '082'}
{'note': '084'}
{'note': '078'}
{'note': '079'}
{'note': '053'}
{'note': '046'}
{'note': '052'}
{'note': '075'}
{'note': '047'}
{'note': '054'}
{'note': '051'}
{'note': '045'}
{'note': '076'}
{'note': '049'}
{'note': '081'}
{'note': '074'}
{'note': '072'}
{'note': '070'}
{'note': 'No route numbers are posted here.'}
{'note': '073'}
{'note': '069'}
{'note': '068'}
{'note': '090'}
{'note': '088'}
{'note': '091'}
{'note': '092'}
{'note': '095'}
{'note': '093'}
{'note': '087'}
{'note': '096'}
{'note': '094'}
{'note': 'Portable toilet removed Oct. - Mar.'}
{'note': 'sed for creating offsets on Bing and USGS. N 42° 35\' 50.93166" W '
         '83° 38\' 38.75212"'}
{'note': 'Used for creating offsets on Bing and USGS. N 42° 15\' 33.65226" W '
         '83° 18\' 41.18985"'}
{'note': 'Mailbox is below building canopy.'}
{'note': 'Used for creating offsets on Bing and USGS. N 42° 44\' 25.55369" W '
         '83° 23\' 40.47822"'}
{'note': 'Used for creating offsets on Bing and USGS. N 42° 20\' 53.11130" W '
         '83° 00\' 34.37446" 42 20 53.11130 -083 00 34.37446'}
{'note': 'Used for creating offsets on Bing and USGS. N 42° 22\' 11.31653" W '
         '82° 56\' 33.53401"'}
{'note': 'Used for creating offsets on Bing and USGS. N 42° 27\' 02.80622" W '
         '83° 55\' 05.45187"'}
{'note': '166'}
{'note': '165'}
{'note': '164'}
{'note': '168'}
{'note': '163'}
{'note': '169'}
{'note': '167'}
{'note': 'Physical and Massage Therapy'}
{'note': 'Brain Injury Rehabilitation'}
{'note': '173'}
{'note': '171'}
{'note': '174'}
{'note': '179'}
{'note': '172'}
{'note': '178'}
{'note': '177'}
{'note': '176'}
{'note': '175'}
{'note': '184'}
{'note': '183'}
{'note': '181'}
{'note': '187'}
{'note': '180'}
{'note': '182'}
{'note': '185'}
{'note': '186'}
{'note': 'Please see http://www.openstreetmap.org/user/daveemtb/diary/7808 '
         'before changing highway type'}
{'note': 'interchange recently changed. check when 401 construction complete'}
{'note': 'footbridge'}
{'note': 'Access not 24/7, see park opening times'}
{'note': 'interchange recently changed. check when 401 construction complete'}
{'note': 'interchange recently changed. check when 401 construction complete'}
{'note': 'May be bridleway later, starts as minor residential - was from NPE'}
{'note': 'frontage'}
{'note': 'frontage'}
{'note': 'frontage'}
{'note': 'frontage'}
{'note': 'frontage'}
{'note': 'frontage'}
{'note': 'FIXME'}
{'note': 'frontage'}
{'note': 'frontage'}
{'note': 'frontage'}
{'note': 'frontage'}
{'note': 'roadway to access Shelby Junior High School'}
{'note': 'frontage'}
{'note': 'frontage'}
{'note': 'roadway to access Shelby Junior High School'}
{'note': 'frontage'}
{'note': 'frontage'}
{'note': 'frontage'}
{'note': 'frontage'}
{'note': 'frontage'}
{'note': 'frontage'}
{'note': 'frontage'}
{'note': 'frontage'}
{'note': 'frontage'}
{'note': 'frontage'}
{'note': 'frontage'}
{'note': 'frontage'}
{'note': 'frontage'}
{'note': 'frontage'}
{'note': 'frontage'}
{'note': 'frontage'}
{'note': 'Inside the cemetery speed limit is 10 mph. At the south end of the '
         'cemetery is a gate blocking the road. It is closed at all times '
         'except during official parades.'}
{'note': 'frontage'}
{'note': 'frontage'}
{'note': 'frontage'}
{'note': 'frontage'}
{'note': 'frontage'}
{'note': 'frontage'}
{'note': 'frontage'}
{'note': 'frontage'}
{'note': 'frontage'}
{'note': 'frontage'}
{'note': 'According to Oakland County Property Gateway this is 11 Mile Road '
         'not South Hill Road'}
{'note': 'frontage'}
{'note': 'frontage'}
{'note': 'frontage'}
{'note': 'frontage'}
{'note': 'Oakland county tax map indicates this service road in the business '
         'area as Independence Court. Independence Green Apartments indicates '
         'the service drive to the north in the apartment complex as Indepence '
         'Court.'}
{'note': 'oneway due to construction ending July 2010'}
{'note': 'frontage'}
{'note': 'According to Oakland County Property Gateway this is 11 Mile Road.'}
{'note': 'frontage'}
{'note': 'frontage'}
{'note': 'not shown as a named road on Washtenaw County maps'}
{'note': 'frontage'}
{'note': 'This road segment has no signs giving a name.'}
{'note': 'frontage'}
{'note': 'frontage'}
{'note': 'This seems to be a non-residential driveway. It is not Oakbrook '
         'Drive.'}
{'note': 'frontage'}
{'note': 'frontage'}
{'note': 'not shown as a named road on Washtenaw County maps'}
{'note': 'frontage'}
{'note': 'frontage'}
{'note': 'not shown as a named road on Washtenaw County maps'}
{'note': 'frontage'}
{'note': 'frontage'}
{'note': 'frontage'}
{'note': 'frontage'}
{'note': 'frontage'}
{'note': 'frontage'}
{'note': 'frontage'}
{'note': 'frontage'}
{'note': 'frontage'}
{'note': 'frontage'}
{'note': 'frontage'}
{'note': 'frontage'}
{'note': 'frontage'}
{'note': 'frontage'}
{'note': 'frontage'}
{'note': 'frontage'}
{'note': 'frontage'}
{'note': 'frontage'}
{'note': 'frontage'}
{'note': 'frontage'}
{'note': 'frontage'}
{'note': 'frontage'}
{'note': 'frontage'}
{'note': 'frontage'}
{'note': 'frontage'}
{'note': 'frontage'}
{'note': 'frontage'}
{'note': 'frontage'}
{'note': 'frontage'}
{'note': 'frontage'}
{'note': 'frontage'}
{'note': 'There is a potential conflict in street name, Google Maps and Bing '
         'have this as John E. Hunter Street'}
{'note': 'frontage'}
{'note': 'frontage'}
{'note': 'frontage'}
{'note': 'frontage'}
{'note': 'frontage'}
{'note': 'frontage'}
{'note': 'frontage'}
{'note': 'frontage'}
{'note': 'frontage'}
{'note': 'frontage'}
{'note': 'frontage'}
{'note': 'frontage'}
{'note': 'frontage'}
{'note': 'frontage'}
{'note': 'frontage'}
{'note': 'frontage'}
{'note': 'frontage'}
{'note': 'frontage'}
{'note': 'frontage'}
{'note': 'frontage'}
{'note': 'frontage'}
{'note': 'frontage'}
{'note': 'frontage'}
{'note': 'frontage'}
{'note': 'frontage'}
{'note': 'frontage'}
{'note': 'frontage'}
{'note': 'frontage'}
{'note': 'This street may no longer exist. Needs to be verified against tax '
         'records. Moved to align with service drive.'}
{'note': 'frontage'}
{'note': 'frontage'}
{'note': 'frontage'}
{'note': 'frontage'}
{'note': 'frontage'}
{'note': 'frontage'}
{'note': 'frontage'}
{'note': 'frontage'}
{'note': 'frontage'}
{'note': 'frontage'}
{'note': 'frontage'}
{'note': 'frontage'}
{'note': 'frontage'}
{'note': 'frontage'}
{'note': 'frontage'}
{'note': 'frontage'}
{'note': 'frontage'}
{'note': 'frontage'}
{'note': 'frontage'}
{'note': 'former southbound lanes; now two-way'}
{'note': 'frontage'}
{'note': 'On multiple maps as "Allen Street" but named "Allan Street" per '
         'records and street signs.'}
{'note': 'frontage'}
{'note': 'Rest Area'}
{'note': 'frontage'}
{'note': 'Rest Area'}
{'note': 'Rest Area'}
{'note': 'Seasonal road - maintenance not performed during winter (November to '
         'April?).'}
{'note': 'FIXME'}
{'note': 'Hwy 3B route (connecting the USA to Hwy 401 via roads which were Hwy '
         '3B) of the National Highway System (NHS) and thus tagged as a trunk '
         'highway'}
{'note': 'Hwy 3B route (connecting the USA to Hwy 401 via roads which were Hwy '
         '3B) of the National Highway System (NHS) and thus tagged as a trunk '
         'highway'}
{'note': 'Hwy 3B route (connecting the USA to Hwy 401 via roads which were Hwy '
         '3B) of the National Highway System (NHS) and thus tagged as a trunk '
         'highway'}
{'note': 'Hwy 3B route (connecting the USA to Hwy 401 via roads which were Hwy '
         '3B) of the National Highway System (NHS) and thus tagged as a trunk '
         'highway'}
{'note': 'Hwy 3B route (connecting the USA to Hwy 401 via roads which were Hwy '
         '3B) of the National Highway System (NHS) and thus tagged as a trunk '
         'highway'}
{'note': 'frontage'}
{'note': 'frontage'}
{'note': 'Corrected coastline to be on correct side relative to roads just '
         'South of the footbridge'}
{'note': 'frontage'}
{'note': 'frontage'}
{'note': 'frontage'}
{'note': 'frontage'}
{'note': 'frontage'}
{'note': 'frontage'}
{'note': 'frontage'}
{'note': 'connector for west maple and northbound us 24'}
{'note': 'connector for west maple and northbound us 24'}
{'note': 'roof:shape=pyramidal is the closest match I could find'}
{'note': 'Boundaries are approximate based on Holliday Nature Preserve map and '
         'USGS Topo map. Not clear where Holliday NP ends and Hines Park '
         'begins.'}
{'note': '6*double'}
{'note': 'Former CR 37'}
{'note': 'Former CR 37'}
{'note': 'Former CR 37'}
{'note': 'Believe this was incorrectly named as Wilson Playground.'}
{'note': 'frontage'}
{'note': 'Technically it seems this should be tagged as highway=path as '
         'cycleways seem to be limited to ones attached to roads.'}
{'note': 'frontage'}
{'note': 'frontage'}
{'note': 'frontage'}
{'note': 'frontage; dataset indicates this way is part of ramp infrastructure'}
{'note': 'dataset indicates this is a service road for the I-696'}
{'note': 'dataset indicates this is a service road for the I-696'}
{'note': 'frontage'}
{'note': 'frontage'}
{'note': 'frontage'}
{'note': 'frontage'}
{'note': 'frontage'}
{'note': 'frontage'}
{'note': 'frontage'}
{'note': 'frontage'}
{'note': 'frontage'}
{'note': 'frontage'}
{'note': 'frontage'}
{'note': 'frontage'}
{'note': 'frontage'}
{'note': 'frontage'}
{'note': 'frontage'}
{'note': 'frontage'}
{'note': 'frontage'}
{'note': 'frontage'}
{'note': 'frontage'}
{'note': 'frontage'}
{'note': 'frontage'}
{'note': 'frontage'}
{'note': 'frontage'}
{'note': 'frontage'}
{'note': 'frontage'}
{'note': 'construction ending July 2010'}
{'note': 'construction ending July 2010'}
{'note': 'not clear that all of this is a path'}
{'note': 'not clear that this is a path'}
{'note': 'Not a real lake, pond, or water.  Actually a raised grassy area of '
         'earth.'}
{'note': 'Private subdivision lake with asphalt sidewalks'}
{'note': 'This is not a pond. This appears to be a Detroit Water & Sewerage '
         'facility.'}
{'note': 'frontage'}
{'note': 'Questionable as to the current path of this stream 2/7/2011'}
{'note': 'frontage'}
{'note': 'frontage'}
{'note': 'frontage'}
{'note': 'frontage'}
{'note': 'frontage'}
{'note': 'might be two schools'}
{'note': 'I think this is a park'}
{'note': 'Reggie McKenzie Field'}
{'note': 'Formerly: Henry Ford Academy, Henry Ford Elementary School'}
{'note': 'Formerly: Liberty Elementary School, Liberty Focus Educational '
         'Center'}
{'note': 'Not clear on whether alley way spaces at east and west ends are part '
         'of the park or not.'}
{'note': 'frontage'}
{'note': 'Boundaries based on Detroit parcel map.'}
{'note': 'Open two days a year, on or close to Jewish holidays. Managed by '
         'Clover Hill Park Cemetery.'}
{'note': 'park boundary'}
{'note': 'park boundary'}
{'note': 'location of boardwalk is approximate'}
{'note': 'frontage'}
{'note': 'frontage'}
{'note': 'former site of Hotel Park Avenue, imploded July 2015'}
{'note': 'Formerly Crockett High School until 2012'}
{'note': 'Not sertain about outline of building from yahoo'}
{'note': 'Not certain about outline of building from yahoo'}
{'note': 'Formerly the Hales Primitive Baptist Church.'}
{'note': 'Construction/demolition access road'}
{'note': 'The store is called Third Avenue Hardware, even though it is on 3rd '
         'street.'}
{'note': 'An urban farm that is part of the academy. They have ducks. rabbits. '
         'chickens and vegetable gardens.'}
{'note': 'might not always be just for pedestrians, vehicles shown on yahoo '
         'photography'}
{'note': "Can't remember exactly where and how big this is"}
{'note': 'Hope Takes Root is a community garden in the North Corktown '
         "neighborhood. While it has had it's ebbs and flows, it is one of the "
         'older community gardens in the city, originally started in a '
         "different site. Now active in it's current location since 2005"}
{'note': 'School was demolished in 2013.'}
{'note': 'actually a banked Velodrome, not sure if there is a better tag'}
{'note': 'not sure if this is really a park or a school or a sports ground'}
{'note': 'not sure if this is really a park or a school or a sports ground'}
{'note': 'possibly not open to the pu blic, but there is a proposal that it '
         'will be'}
{'note': 'Not sure if this is part of the park or not'}
{'note': 'Not clear what amenities have been renovated.'}
{'note': 'Not sure about legal boundary in detail'}
{'note': 'Not clear if any other amenities are being maintained.'}
{'note': 'Bubble-enclosed tennis courts'}
{'note': 'Bubble-enclosed tennis courts'}
{'note': 'Owned by the City of Windsor. Still has a Connecting Link agreement '
         'as of 06/29/2015. Will be gaining more {3} shields in the future per '
         'MTO official who works in the Windsor MTO department.'}
{'note': 'Hwy 3B route (connecting the USA to Hwy 401 via roads which were Hwy '
         '3B) of the National Highway System (NHS) and thus tagged as a trunk '
         'highway'}
{'note': 'frontage'}
{'note': 'Hwy 3B route (connecting the USA to Hwy 401 via roads which were Hwy '
         '3B) of the National Highway System (NHS) and thus tagged as a trunk '
         'highway'}
{'note': 'Hwy 3B route (connecting the USA to Hwy 401 via roads which were Hwy '
         '3B) of the National Highway System (NHS) and thus tagged as a trunk '
         'highway'}
{'note': 'Landsat-kuvasta'}
{'note': 'stub for proposed second span'}
{'note': 'This building has several different occupants and should be '
         'classified as mixed-use'}
{'note': 'Rest Area'}
{'note': 'Rest Area'}
{'note': 'Boundaries are estimated'}
{'note': 'this takes into account the fact that it is forbidden to go straight '
         'on Santa Maria Westbound'}
{'note': 'underground reservoir'}
{'note': 'armoury building'}
{'note': 'domestic landfill'}
{'note': 'domestic landfill'}
{'note': 'Auto wrecker'}
{'note': 'domestic landfill'}
{'note': 'Auto wrecker'}
{'note': 'Lumber yard'}
{'note': 'Industrial solid depot'}
{'note': 'Industrial solid depot'}
{'note': 'frontage'}
{'note': 'frontage'}
{'note': 'frontage'}
{'note': 'frontage'}
{'note': 'frontage'}
{'note': 'frontage'}
{'note': 'frontage'}
{'note': 'domestic landfill'}
{'note': 'former Spotlight Theater'}
{'note': 'frontage'}
{'note': 'frontage'}
{'note': 'Could not find definitive source on boundaries. Saw a number of '
         'variations.'}
{'note': 'Original way #4084649 has been split because it had too many '
         'segments'}
{'note': 'frontage'}
{'note': 'frontage'}
{'note': 'frontage'}
{'note': 'frontage'}
{'note': 'frontage'}
{'note': 'frontage'}
{'note': 'apparently planned for use as a cemetary: '
         'http://www.freep.com/article/20130426/NEWS01/304260020/Detroit-s-historic-Rogell-Golf-Course-may-soon-become-cemetery'}
{'note': 'FIXME'}
{'note': 'Quick and dirty coast line Apr 1 deadline'}
{'note': 'Quick and dirty coast line Apr 1 deadline'}
{'note': 'Quick and dirty coast line Apr 1 deadline'}
{'note': 'Quick and dirty coast line Apr 1 deadline'}
{'note': 'Quick and dirty coast line Apr 1 deadline'}
{'note': 'Quick and dirty coast line Apr 1 deadline'}
{'note': 'Quick and dirty coast line Apr 1 deadline'}
{'note': 'Quick and dirty coast line Apr 1 deadline'}
{'note': 'Quick and dirty coast line Apr 1 deadline'}
{'note': 'Boundaries between park and school assumed.'}
{'note': '"For Official Use Only" (MDOT Personnel and Equipment Only)'}
{'note': 'Pond'}
{'note': 'frontage'}
{'note': 'frontage'}
{'note': 'frontage'}
{'note': 'frontage'}
{'note': 'frontage'}
{'note': 'one circuit dead ends'}
{'note': '6*double'}
{'note': '6*double'}
{'note': '6*double'}
{'note': '6*double'}
{'note': '6*double'}
{'note': '6*double'}
{'note': '6*double'}
{'note': 'only one circuit powered'}
{'note': 'frontage'}
{'note': 'frontage'}
{'note': 'frontage'}
{'note': 'frontage'}
{'note': 'frontage'}
{'note': 'frontage'}
{'note': 'frontage'}
{'note': 'stub for proposed second span'}
{'note': 'frontage'}
{'note': 'frontage'}
{'note': 'frontage'}
{'note': 'frontage'}
{'note': 'frontage'}
{'note': 'frontage'}
{'note': 'frontage'}
{'note': 'frontage'}
{'note': 'domestic landfill'}
{'note': 'Auto wrecker'}
{'note': 'Auto wrecker'}
{'note': 'underground reservoir'}
{'note': 'Parcel maps do not match playground outline. Park is partially in '
         'parcel to the north. The school to the west is also in the parcel.'}
{'note': 'frontage'}
{'note': 'frontage'}
{'note': 'frontage'}
{'note': 'frontage; dataset indicates this way is part of ramp infrastructure'}
{'note': 'frontage; dataset indicates this way is part of ramp infrastructure'}
{'note': 'frontage; dataset indicates this way is part of ramp infrastructure'}
{'note': 'frontage; dataset indicates this way is part of ramp infrastructure'}
{'note': 'frontage'}
{'note': 'frontage'}
{'note': 'frontage'}
{'note': 'frontage'}
{'note': 'frontage'}
{'note': 'frontage'}
{'note': 'frontage'}
{'note': 'frontage'}
{'note': 'frontage'}
{'note': 'Hwy 3B route (connecting the USA to Hwy 401 via roads which were Hwy '
         '3B) of the National Highway System (NHS) and thus tagged as a trunk '
         'highway'}
{'note': 'frontage'}
{'note': 'One of the finest examples of Greek Revival architecture. A model of '
         'this house is in the Smithsonian'}
{'note': '6*double'}
{'note': '6*double'}
{'note': 'Auto wrecker'}
{'note': 'boundary is a guess, derived from satellite imagery'}
{'note': 'domestic landfill'}
{'note': 'Auto wrecker'}
{'note': 'Auto wrecker'}
{'note': 'domestic landfill'}
{'note': 'Auto wrecker'}
{'note': 'Auto wrecker'}
{'note': 'Auto wrecker'}
{'note': 'Auto wrecker'}
{'note': 'Auto wrecker'}
{'note': 'domestic landfill'}
{'note': 'Auto wrecker'}
{'note': 'Auto wrecker'}
{'note': 'Auto wrecker'}
{'note': 'Hwy 3B route (connecting the USA to Hwy 401 via roads which were Hwy '
         '3B) of the National Highway System (NHS) and thus tagged as a trunk '
         'highway'}
{'note': 'Auto wrecker'}
{'note': 'domestic landfill'}
{'note': 'Lumber yard'}
{'note': 'Auto wrecker'}
{'note': 'Auto wrecker'}
{'note': 'Auto wrecker'}
{'note': 'Auto wrecker'}
{'note': 'Auto wrecker'}
{'note': 'Exhibition ground'}
{'note': 'Lumber yard'}
{'note': 'Auto wrecker'}
{'note': 'Auto wrecker'}
{'note': 'Auto wrecker'}
{'note': 'Auto wrecker'}
{'note': 'Auto wrecker'}
{'note': 'Exhibition ground'}
{'note': 'Industrial solid depot'}
{'note': 'Industrial solid depot'}
{'note': 'Industrial solid depot'}
{'note': 'underground reservoir'}
{'note': 'Auto wrecker'}
{'note': 'Auto wrecker'}
{'note': 'Auto wrecker'}
{'note': 'Auto wrecker'}
{'note': 'domestic landfill'}
{'note': 'Auto wrecker'}
{'note': 'underground reservoir'}
{'note': 'Auto wrecker'}
{'note': 'Auto wrecker'}
{'note': 'Auto wrecker'}
{'note': 'Auto wrecker'}
{'note': 'interchange recently changed. check when 401 construction complete'}
{'note': 'underground reservoir'}
{'note': 'Auto wrecker'}
{'note': 'Auto wrecker'}
{'note': 'Auto wrecker'}
{'note': 'Lumber yard'}
{'note': 'Auto wrecker'}
{'note': 'Auto wrecker'}
{'note': 'Auto wrecker'}
{'note': 'underground reservoir'}
{'note': 'Auto wrecker'}
{'note': 'Gas and oil facilities'}
{'note': 'domestic landfill'}
{'note': 'Wegen Einbahnstraße am östlichen Ende des Berliner Ringes und '
         'fehlender Linksabbiegemöglichkeit von der B 9 aus südlicher Richtung '
         'in den Berliner Ring hinein kann hier die B 47 nicht verlaufen.'}
{'note': 'domestic landfill'}
{'note': 'Auto wrecker'}
{'note': 'Gas and oil facilities'}
{'note': 'domestic landfill'}
{'note': 'Minimal lighting at night, bring a flashlight for safety'}
{'note': 'Very Dark at night, bring a flashlight for safety.'}
{'note': 'frontage'}
{'note': 'frontage'}
{'note': 'frontage'}
{'note': 'frontage'}
{'note': 'frontage'}
{'note': 'frontage'}
{'note': 'frontage'}
{'note': 'frontage'}
{'note': 'frontage'}
{'note': 'frontage'}
{'note': 'frontage'}
{'note': 'frontage'}
{'note': 'frontage'}
{'note': 'frontage'}
{'note': 'frontage'}
{'note': 'frontage'}
{'note': 'frontage'}
{'note': 'frontage'}
{'note': 'frontage'}
{'note': 'frontage'}
{'note': 'frontage'}
{'note': 'frontage'}
{'note': 'FIXME'}
{'note': 'FIXME'}
{'note': 'FIXME'}
{'note': "There is a path that connects these two ways, but I don't know the "
         'exact geometry'}
{'note': 'Nugent Beach (Private)'}
{'note': 'Formerly Michigan Bell Columbia'}
{'note': 'frontage'}
{'note': 'frontage'}
{'note': 'Burnside is a fully functional CSA on about an acre of vacant '
         'property North of Hamtramck'}
{'note': 'Brightmoor Youth Garden seeks to use market gardening as a vehicle '
         'to provide youth, ages 9-18, with the opportunity to obtain and '
         'build skills, knowledge and experience necessary for a healthy, '
         'prosperous, purposeful, and sustainable life.'}
{'note': 'frontage'}
{'note': 'frontage'}
{'note': 'frontage'}
{'note': 'Faculty Parking Only'}
{'note': 'frontage'}
{'note': 'Record <a '
         'href="http://tin.er.usgs.gov/mineplant/show.php?labno=1495">1495</a> '
         'of the <a href="http://tin.er.usgs.gov/mineplant/">Active mines and '
         'mineral plants in the US</a>'}
{'note': 'frontage'}
{'note': 'frontage'}
{'note': 'Closed.'}
{'note': 'Closed.'}
{'note': 'Closed.'}
{'note': 'Closed.'}
{'note': 'Closed.'}
{'note': 'frontage'}
{'note': 'frontage'}
{'note': 'construction ending July 2010'}
{'note': 'construction ending July 2010'}
{'note': 'construction ending July 2010'}
{'note': 'frontage'}
{'note': 'frontage'}
{'note': 'frontage'}
{'note': 'frontage'}
{'note': 'frontage'}
{'note': 'frontage'}
{'note': 'Removed landuse=graveyard as that is intended for non-church '
         'attached cemeteries.'}
{'note': 'Golf Cart Path'}
{'note': 'Inside the cemetery speed limit is 10 mph.  At the south end of the '
         'cemetery is a gate blocking the road.  It is closed at all times '
         'except during official parades.'}
{'note': 'First 2 hours free.'}
{'note': 'Boundary between Mt Morris township and Genesee Township'}
{'note': 'Boundary between Mt Morris township and Genesee Township'}
{'note': 'Boundary between Genesee Township and Thetford Township'}
{'note': 'Boundary between City of Flint and Genesee Township'}
{'note': 'Boundary between City of Mt Morris and Genesee Township'}
{'note': 'Boundary between City of Flint and Genesee Township'}
{'note': 'boundary between Genesee Township and Richfield Township'}
{'note': 'Boundary between City of Flint and Genesee Township'}
{'note': 'Boundary between City of Flint and Genesee Township'}
{'note': 'Boundary between City of Flint and Genesee Township'}
{'note': 'Boundary between City of Flint and Genesee Township'}
{'note': 'Monument to Martin Luther King and Rosa Parks'}
{'note': 'This trail does not show up on the state park map.'}
{'note': 'Maximum vehicle weight on second level is 4000 lbs (1814 kg).'}
{'note': 'Overall property appears to extend east to Collins Street, with '
         'river at south and residences at north. It may extend another set of '
         'parcels to the east to the railway.'}
{'note': 'Idle since 2009. Awaiting redevelopment as of 2013. '
         'http://www.mlive.com/business/detroit/index.ssf/2013/10/state_land_bank_approves_trans.html'}
{'note': 'Named for (Judge) George Hosmer Closed 2004'}
{'note': 'Formerly: Cortland Elementary School, Cortland Academy of Integrated '
         'Learning'}
{'note': 'Formerly Barber Elementary School'}
{'note': 'Under construction, complete 2014'}
{'note': 'Possibly disused, community group working on it?'}
{'note': 'Apparently Advanced Photonics was sold and the building signage '
         'changed to Picometrix in 2015.'}
{'note': "Condo's with an association"}
{'note': 'Curtiss Park Baseball Field'}
{'note': 'frontage'}
{'note': 'frontage'}
{'note': 'Boundary between City of Flint and Genesee Township'}
{'note': 'Not the exact shape, but estimated by observation'}
{'note': 'Livonia City Parks GIS and Livonia City GIS do not list this as part '
         'of Devonaire Woods Park'}
{'note': 'There is debate about how shooting ranges should be tagged. Another '
         'alternative to pitch would be landuse=grass.'}
{'note': 'FIXME Check permissions for pedestrians!'}
{'note': 'FIXME Check permissions for pedestrians!'}
{'note': 'Created to close coastline'}
{'note': 'Shooting Range'}
{'note': 'Shell station not currently in business'}
{'note': 'interchange recently changed. check when 401 construction complete'}
{'note': 'Owned by the City of Windsor. Still has a Connecting Link agreement '
         'as of 06/29/2015. Will be gaining more {3} shields in the future per '
         'MTO official who works in the Windsor MTO department.'}
{'note': 'interchange recently changed. check when 401 construction complete'}
{'note': 'Old city hall will be demolished as part of brownfield '
         'redevelopment.'}
{'note': 'Note clear if this will be demolished as part of brownfield '
         'redevelopment.'}
{'note': 'chinese offset aligned to Harbin hires'}
{'note': 'JOSM displays warning for sport missing physical feature despite '
         'there being a building=yes.'}
{'note': 'temporary lane reduction'}
{'note': 'currently out of business'}
{'note': 'formerly had three lanes, downsized to two lanes 2014'}
{'note': 'no longer in business'}
{'note': 'height is approximate'}
{'note': 'former Montgomery Ward site-opened 1958, closed 2000, torn down 2012'}
{'note': 'frontage'}
{'note': 'currently out of business'}
{'note': 'Believe this to be the site of the old Villa Marillac Hospital.'}
{'note': 'Independence Green Apartments indicates this as Indepence Court '
         'while county tax map indicates service road to the south in the '
         'business area as Independence Court.'}
{'note': 'Sister Pie, opening soon.'}
{'note': 'closed'}
{'note': 'It appears as if the golf course is no longer open. This should be '
         'verified.'}
{'note': 'Livonia City Parks GIS and Livonia City GIS only lists this part as '
         'Devonaire Woods Park'}
{'note': 'Part of this property is the former Whitman Junior High School'}
{'note': 'Wilson Acres Park'}
{'note': 'Boundaries not validated against property tax map. Used typical '
         'sidewalk easement.'}
{'note': 'Boundaries not validated against property tax map. Used typical '
         'sidewalk easement.'}
{'note': 'Park appears abandoned so visible amenities not mapped. Boundaries '
         'not validated against property tax map.'}
{'note': 'Boundaries not validated against property tax map. Used typical '
         'sidewalk easement.'}
{'note': 'Fitzpatrick Park'}
{'note': 'Did not verify exact boundaries against tax records.'}
{'note': 'Not able to verify boundaries, particularly with school which may '
         'have been built on land originally park of the park.'}
{'note': 'This park may have been closed. It appears abandoned and is not on '
         'any list of Dearborn city parks.'}
{'note': 'General George S. Patton Memorial Center'}
{'note': 'The parcel to the west is school property. It or part of it may or '
         'may not be part of the park.'}
{'note': 'Originally thought this was Frisbee-Pembroke Park.'}
{'note': 'The property to the south is Wayne County Roads while the property '
         'to the east is Detroit Public Schools.'}
{'note': 'also known as Plymouth Village Cemetery or North Village Cemetery or '
         'Old York Street Cemetery or North Plymouth Cemetery'}
{'note': 'Built 1923'}
{'note': 'Built 1918.'}
{'note': 'Log cabin'}
{'note': 'Oldest bar in Detroit'}
{'note': 'The Washington School opened as an elementary school in 1925. It '
         'became the Washington Trade School in 1945.'}
{'note': 'Heating plant for Parkman School.'}
{'note': 'The M.M. Rose School was built in 1897.'}
{'note': 'Pine tree grove entrance to Old Shelden Estate'}
{'note': 'This may be Novi Way instead.'}
{'note': 'Stream needs to cross under roadway.'}
{'note': 'is sidewalk continuous around building?'}
{'note': 'Stream needs to cross under roadway.'}
{'note': 'frontage'}
{'note': 'Contains traces of old broken asphalt, gravel, and dirt'}
{'note': 'Trace based primarly on Pinckney State Rec Map adjusted from '
         'satellite. Crossing at North Territorial and Park Lyndon is unclear.'}
{'note': 'temporary lane reduction'}
{'note': 'temporary lane reduction'}
{'note': 'temporary lane reduction'}
{'note': 'temporary lane reduction'}
{'note': 'temporary lane reduction'}
{'note': 'temporary lane reduction'}
{'note': 'temporary lane reduction'}
{'note': 'temporary lane reduction'}
{'note': 'Hwy 3B route (connecting the USA to Hwy 401 via roads which were Hwy '
         '3B) of the National Highway System (NHS) and thus tagged as a trunk '
         'highway'}
{'note': 'Hwy 3B route (connecting the USA to Hwy 401 via roads which were Hwy '
         '3B) of the National Highway System (NHS) and thus tagged as a trunk '
         'highway'}
{'note': 'Trace based primarly on Pinckney State Rec Map adjusted from '
         'satellite. Crossing at North Territorial and Park Lyndon is unclear.'}
{'note': 'Trace based primarly on Pinckney State Rec Map adjusted from '
         'satellite. Crossing at North Territorial and Park Lyndon is unclear.'}
{'note': 'Trace based primarly on Pinckney State Rec Map adjusted from '
         'satellite. Crossing at North Territorial and Park Lyndon is unclear.'}
{'note': 'Trace based primarly on Pinckney State Rec Map adjusted from '
         'satellite. Crossing at North Territorial and Park Lyndon is unclear.'}
{'note': 'Trace based primarly on Pinckney State Rec Map adjusted from '
         'satellite. Crossing at North Territorial and Park Lyndon is unclear.'}
{'note': 'Trace based primarly on Pinckney State Rec Map adjusted from '
         'satellite. Crossing at North Territorial and Park Lyndon is unclear.'}
{'note': 'In response to the communities request for a rememberance stone , a '
         '100ft earth ripple was created out of soil and low-mow micro clover. '
         'A 1700 gallon cistern was installed underground to collect water for '
         'the community garden and the ripple.'}
{'note': 'Not clear if this building is here anymore. It may have been torn '
         'down based on school map which does not show this.'}
{'note': 'boundaries are approximate'}
{'note': 'Created boundary based on rough outline of disc golf course.'}
{'note': 'fixme. does this railroad really exist? not sure...'}
{'note': 'Boundaries are assumed.'}
{'note': 'Boundary with school is assumed.'}
{'note': 'North and south boundaries are assumed.'}
{'note': 'Boundaries are assumed.'}
{'note': 'Boundaries are assumed.'}
{'note': 'Boundaries between park and school assumed.'}
{'note': 'Borders are assumed.'}
{'note': 'Borders are assumed.'}
{'note': 'There is debate about how shooting ranges should be tagged. Another '
         'alternative to pitch would be landuse=grass.'}
{'note': 'frontage'}
{'note': 'frontage'}
{'note': 'frontage'}
{'note': 'Boundaries are approximately. Acutal boundaries may be larger into '
         'the woods to the north.'}
{'note': 'This area has been fenced off with signs indicating that it is '
         'off-limits per Macomb County Drain Commissioner Anthony Marrocco.  '
         'It is apparently low-lying land that will gather water under certain '
         'flood condiitons.  It may be dangerous to be there.  '}
{'note': 'This should probably be changed to roller_hockey although it is not '
         'clear what the status on this is.'}
{'note': 'Formerly Michigan Bell Northlawn'}
{'note': 'Formerly Michigan Bell Lenox'}
{'note': 'Formerly Michigan Bell Madison'}
{'note': 'Formerly Michigan Bell Niagara'}
{'note': 'Formerly Michigan Bell Pingree'}
{'note': 'Replaced with dog park.'}
{'note': 'This trail does not show up on the state park map.'}
{'note': 'Boundary is approximate based on rec area map and imagery.'}
{'note': 'May have been demolished.'}
{'note': 'This may be the official section. It better matches the rec area '
         'map.'}
{'note': 'Closed as a school in 2012.'}
{'note': 'Super Drive Route #1. Baseball field tour.'}
{'note': 'note clear how to tag sprayscape types of locations'}
{'note': 'not clear on which hills are which'}
{'note': 'not clear on which hills are which'}
{'note': 'not clear on which hills are which'}
{'note': 'Not all maps show the southern section as part of the preserve.'}
{'note': 'Part of parking lot was used to construct the gas station.'}
{'note': 'Trace based primarly on Pinckney State Rec Map adjusted from '
         'satellite. Crossing at North Territorial and Park Lyndon is unclear.'}
{'note': 'Trace based primarly on Pinckney State Rec Map adjusted from '
         'satellite. Crossing at North Territorial and Park Lyndon is unclear.'}
{'note': 'Trace based primarly on Pinckney State Rec Map adjusted from '
         'satellite. Crossing at North Territorial and Park Lyndon is unclear.'}
{'note': 'based on USGS Topo map'}
{'note': 'Trace based primarly on Pinckney State Rec Map adjusted from '
         'satellite. Crossing at North Territorial and Park Lyndon is unclear.'}
{'note': 'location of boardwalk is approximate'}
{'note': 'location of boardwalk is approximate'}
{'note': 'location of boardwalk is approximate'}
{'note': 'Adding boundary of park as each section is updated.'}
{'note': 'This is the former Nike missle base D-87. It is now state owned land '
         'managed through Proud Lake.'}
{'note': 'There is debate about how shooting ranges should be tagged. Another '
         'alternative to pitch would be landuse=grass.'}
{'note': 'not particularly visible from imagery'}
{'note': 'Ten minute oil change.'}
{'note': 'not clear that this is a path'}
{'note': 'Former the Detroit Eagle (closed 2010)'}
{'note': 'Former Cary School'}
{'note': 'Now probably closed.'}
{'note': 'boundaries are arbitrary'}
{'note': 'Believe this may have been mislabeled as Denton Cemetery.'}
{'note': 'Placeholder for new building. Update when aerial images are '
         'available.'}
{'note': 'There may be adjacent land to the south that may be part of the '
         'school property.'}
{'note': 'Quick and dirty coast line Apr 1 deadline'}
{'note': 'Quick and dirty coast line Apr 1 deadline'}
{'note': 'Quick and dirty coast line Apr 1 deadline'}
{'note': 'Appears to be HVAC machinery. Unsure how to tag.'}
{'note': 'Some boundaries are approximate in areas with mixed use or '
         'ownership.'}
{'note': 'This is technically part of Rose White Park.'}
{'note': 'This is technically part of Rose White Park.'}
{'note': 'This is technically part of Rose White Park.'}
{'note': 'This is part of Garden Homes Park.'}
{'note': 'This is part of Garden Homes Park.'}
{'note': 'This is part of Garden Homes Park.'}
{'note': 'This is part of Garden Homes Park.'}
{'note': 'Not clear if this is separate or part of Ford Field.'}
{'note': 'Boundaries are assumed.'}
{'note': 'There is no street sign. It may be called Lana Court.'}
{'note': 'Boundaries are arbitrary. Wayne County park part of Lower Rouge '
         'Parkway.'}
{'note': 'Boundaries are arbitrary. Wayne County park part of Lower Rouge '
         'Parkway.'}
{'note': 'There is no visible posted address for this building.'}
{'note': 'Should be split into several cemeteries. Boundaries between '
         'cemeteries not apparent in imagery, needs survey.'}
{'note': 'Wegen Einbahnstraße am östlichen Ende des Berliner Ringes und '
         'fehlender Linksabbiegemöglichkeit von der B 9 aus südlicher Richtung '
         'in den Berliner Ring hinein kann hier die B 47 nicht verlaufen.'}
{'note': 'Wegen Einbahnstraße am östlichen Ende des Berliner Ringes und '
         'fehlender Linksabbiegemöglichkeit von der B 9 aus südlicher Richtung '
         'in den Berliner Ring hinein kann hier die B 47 nicht verlaufen.'}
{'note': 'A13-06_24.xml'}
{'note': 'A13-06_24.xml'}
{'note': 'A13-06_24.xml'}
{'note': 'A13-06_24.xml'}
{'note': 'A13-06_24.xml'}
{'note': 'fixme. does this railroad really exist? not sure...'}
{'note': 'Ancienne région fusionnée au 1/1/2016'}
{'note': '23nov2012: relation complete (for how long?) with 3 ends, Thames '
         'Head, Teddington footbridge (start of N bank alternative route) & '
         'end of TP SE extension, on Crayford Marshes. A few (5?) synthetic '
         'fixme ways where exact route is unknown & requires resurv'}
{'note': 'relation complete'}
{'note': 'There are two Devon boundaries, one ceremonial, and the other '
         'administrative'}
{'note': 'kolejność odcinków do sprawdzenia'}
{'note': 'For explanations please read '
         'http://wiki.openstreetmap.org/wiki/France_boundary_pyramidal_construction'}
{'note': 'this is not a boundary for Germany, only its land_area (see '
         'http://wiki.openstreetmap.org/wiki/Relation:boundary)'}
{'note': 'http://www.bezreg-arnsberg.nrw.de/presse/2011/10/187_11/index.php'}
{'note': 'Not an NCN RR (single-figure), but white-figures-on-a-blue-bg '
         'nonetheless; Not signposted beyond Redbridge'}
{'note': 'Schleswig-Holstein (Landmasse)'}
{'note': 'zwei Schulbusse täglich'}
{'note': 'Linienbündel 15 und 24 existieren nicht mehr (waren "Linie 682" und '
         '"Heidelberg Ost")'}
{'note': 'enthält die Linien 641 bis 645'}
{'note': 'Is this route currently in use?'}
{'note': 'старый маршрут — теперь частично включен в А-121'}
{'note': 'A13-06_24.xml'}
{'note': 'PH is the keyword for the Public Holidays, see '
         'http://wiki.openstreetmap.org/wiki/Relations/Proposed/Defaults#Notes_.26_Links'}
{'note': 'several variants missing'}
{'note': "L'appellation L'Alpine n'est pas utilisée sur le terrain ni sur le "
         'site web de la société exploitante.'}
{'note': 'If editing please make sure outer is intact and all islands are '
         'inner'}
{'note': 'this tagging is correct pls dont re-break'}
{'note': 'Muodostettu merenlahdista pengertämällä 1962.'}
{'note': 'European Route E80, France'}
{'note': 'see '
         'http://wiki.openstreetmap.org/wiki/WikiProject_Europe/E-road_network'}
{'note': 'ancienne nationale 6'}
{'note': 'last pre-freeway alignment of US 23'}
{'note': 'STRAHNET route: Toledo - Flint'}
{'note': 'enthält die Linien 500 bis 512, 514, 515 und 517'}
{'note': 'enthält die Linien 451 bis 455, 457 bis 461, 471 bis 474 und 476'}
{'note': 'необходимо дополнить от автовокзала в СПБ до КАД и от съезда на '
         'Тихвин до автовокзала в Тихвине'}
{'note': 'enthält die Linien 462, 463, 464, 466 und 467'}
{'note': 'Meistens in Bobenheim auf Linie 462 durchgebunden'}
{'note': 'South-West (part of EU super-relation)'}
{'note': 'traffic separation scheme'}
{'note': 'Fixme. Not all trunk roads included.'}
{'note': 'Fixme. Not all trunk, primary and secondary roads included.'}
{'note': 'enthält die Linien 401 bis 410, 414, 415 und 417 bis 419'}
{'note': '23769 Fehmarn'}
{'note': '3 départements n’ont aucun canton pour les élections départementales '
         ': Paris (75, élections municipales par arrondissement au conseil de '
         'la Ville), Martnique et Guyane (972 et 973 : élections par secteur '
         'régional aux élections régionales)'}
{'note': 'nouvelle région au 1/1/2016'}
{'note': 'Taft school closed. Building is leased out.'}
{'note': 'same road classification as in regions and counties, the word '
         '"county" is used in addresses'}
{'note': 'same road classification as in regions and counties, the word '
         '"county" is used in addresses'}
{'note': 'same road classification as in regions and counties, the word '
         '"county" is used in addresses'}
{'note': "Super-relation for King's Highway 3"}
{'note': 'same road classification as in regions and counties, the word '
         '"county" is used in addresses'}
{'note': 'same road classification as in regions and counties, the word '
         '"county" is used in addresses'}
{'note': 'same road classification as in regions and counties, the word '
         '"county" is used in addresses'}
{'note': 'same road classification as in regions and counties, the word '
         '"county" is used in addresses'}
{'note': 'Super-relation for Chatham-Kent Rd 15.;same road classification as '
         'in regions and counties, the word "county" is used in addresses'}
{'note': 'same road classification as in regions and counties, the word '
         '"county" is used in addresses'}
{'note': 'same road classification as in regions and counties, the word '
         '"county" is used in addresses'}
{'note': 'super-relation for Margueritruten'}
{'note': 'A13-06_24.xml'}
{'note': 'There is a portion of the swamp north of Territorial and west of '
         'Hinckley that still needs to be mapped.'}
{'note': 'Erster Entwurf Linie 443'}
{'note': 'Began outline of Waterloo State Rec Area tracing over eastern '
         'portion from Pinckney State Rec map.'}
{'note': 'Based on the ABS SUA for Sydney but with the new suburbs around Oran '
         'Park added'}
{'note': 'see'}
{'note': 'Some boundaries are approximate in areas with mixed use or '
         'ownership.'}
{'note': 'Not to be confused with town named Broadwater near Ballina'}
>>> 